<?xml version="1.0" encoding="UTF-8"?>
<testsuites>
  <testsuite name="/app/phpunit-ci.xml" tests="453" assertions="5515" errors="0" failures="0" skipped="0" time="87.168676">
    <testsuite name="Unit" tests="84" assertions="139" errors="0" failures="0" skipped="0" time="4.209325">
      <testsuite name="Tests\Unit\Playground\Crm\Resource\Http\Requests\Client\CreateRequestTest" file="/app/tests/Unit/Http/Requests/Client/CreateRequestTest.php" tests="1" assertions="1" errors="0" failures="0" skipped="0" time="0.308004">
        <testcase name="test_request_instance" file="/app/vendor/gammamatrix/playground-test/src/Unit/Http/Requests/RequestCase.php" line="41" class="Tests\Unit\Playground\Crm\Resource\Http\Requests\Client\CreateRequestTest" classname="Tests.Unit.Playground.Crm.Resource.Http.Requests.Client.CreateRequestTest" assertions="1" time="0.308004"/>
      </testsuite>
      <testsuite name="Tests\Unit\Playground\Crm\Resource\Http\Requests\Client\DestroyRequestTest" file="/app/tests/Unit/Http/Requests/Client/DestroyRequestTest.php" tests="1" assertions="1" errors="0" failures="0" skipped="0" time="0.042450">
        <testcase name="test_request_instance" file="/app/vendor/gammamatrix/playground-test/src/Unit/Http/Requests/RequestCase.php" line="41" class="Tests\Unit\Playground\Crm\Resource\Http\Requests\Client\DestroyRequestTest" classname="Tests.Unit.Playground.Crm.Resource.Http.Requests.Client.DestroyRequestTest" assertions="1" time="0.042450"/>
      </testsuite>
      <testsuite name="Tests\Unit\Playground\Crm\Resource\Http\Requests\Client\EditRequestTest" file="/app/tests/Unit/Http/Requests/Client/EditRequestTest.php" tests="1" assertions="1" errors="0" failures="0" skipped="0" time="0.055975">
        <testcase name="test_request_instance" file="/app/vendor/gammamatrix/playground-test/src/Unit/Http/Requests/RequestCase.php" line="41" class="Tests\Unit\Playground\Crm\Resource\Http\Requests\Client\EditRequestTest" classname="Tests.Unit.Playground.Crm.Resource.Http.Requests.Client.EditRequestTest" assertions="1" time="0.055975"/>
      </testsuite>
      <testsuite name="Tests\Unit\Playground\Crm\Resource\Http\Requests\Client\IndexRequestTest" file="/app/tests/Unit/Http/Requests/Client/IndexRequestTest.php" tests="1" assertions="1" errors="0" failures="0" skipped="0" time="0.097784">
        <testcase name="test_request_instance" file="/app/vendor/gammamatrix/playground-test/src/Unit/Http/Requests/RequestCase.php" line="41" class="Tests\Unit\Playground\Crm\Resource\Http\Requests\Client\IndexRequestTest" classname="Tests.Unit.Playground.Crm.Resource.Http.Requests.Client.IndexRequestTest" assertions="1" time="0.097784"/>
      </testsuite>
      <testsuite name="Tests\Unit\Playground\Crm\Resource\Http\Requests\Client\LockRequestTest" file="/app/tests/Unit/Http/Requests/Client/LockRequestTest.php" tests="1" assertions="1" errors="0" failures="0" skipped="0" time="0.038886">
        <testcase name="test_request_instance" file="/app/vendor/gammamatrix/playground-test/src/Unit/Http/Requests/RequestCase.php" line="41" class="Tests\Unit\Playground\Crm\Resource\Http\Requests\Client\LockRequestTest" classname="Tests.Unit.Playground.Crm.Resource.Http.Requests.Client.LockRequestTest" assertions="1" time="0.038886"/>
      </testsuite>
      <testsuite name="Tests\Unit\Playground\Crm\Resource\Http\Requests\Client\RestoreRequestTest" file="/app/tests/Unit/Http/Requests/Client/RestoreRequestTest.php" tests="1" assertions="1" errors="0" failures="0" skipped="0" time="0.039542">
        <testcase name="test_request_instance" file="/app/vendor/gammamatrix/playground-test/src/Unit/Http/Requests/RequestCase.php" line="41" class="Tests\Unit\Playground\Crm\Resource\Http\Requests\Client\RestoreRequestTest" classname="Tests.Unit.Playground.Crm.Resource.Http.Requests.Client.RestoreRequestTest" assertions="1" time="0.039542"/>
      </testsuite>
      <testsuite name="Tests\Unit\Playground\Crm\Resource\Http\Requests\Client\ShowRequestTest" file="/app/tests/Unit/Http/Requests/Client/ShowRequestTest.php" tests="1" assertions="1" errors="0" failures="0" skipped="0" time="0.038852">
        <testcase name="test_request_instance" file="/app/vendor/gammamatrix/playground-test/src/Unit/Http/Requests/RequestCase.php" line="41" class="Tests\Unit\Playground\Crm\Resource\Http\Requests\Client\ShowRequestTest" classname="Tests.Unit.Playground.Crm.Resource.Http.Requests.Client.ShowRequestTest" assertions="1" time="0.038852"/>
      </testsuite>
      <testsuite name="Tests\Unit\Playground\Crm\Resource\Http\Requests\Client\StoreRequestTest" file="/app/tests/Unit/Http/Requests/Client/StoreRequestTest.php" tests="3" assertions="8" errors="0" failures="0" skipped="0" time="0.132810">
        <testcase name="test_request_instance" file="/app/vendor/gammamatrix/playground-test/src/Unit/Http/Requests/RequestCase.php" line="41" class="Tests\Unit\Playground\Crm\Resource\Http\Requests\Client\StoreRequestTest" classname="Tests.Unit.Playground.Crm.Resource.Http.Requests.Client.StoreRequestTest" assertions="1" time="0.058257"/>
        <testcase name="test_StoreRequest_rules_with_optional_revisions_disabled" file="/app/tests/Unit/Http/Requests/Client/StoreRequestTest.php" line="19" class="Tests\Unit\Playground\Crm\Resource\Http\Requests\Client\StoreRequestTest" classname="Tests.Unit.Playground.Crm.Resource.Http.Requests.Client.StoreRequestTest" assertions="3" time="0.037418"/>
        <testcase name="test_StoreRequest_rules_with_optional_revisions_enabled" file="/app/tests/Unit/Http/Requests/Client/StoreRequestTest.php" line="29" class="Tests\Unit\Playground\Crm\Resource\Http\Requests\Client\StoreRequestTest" classname="Tests.Unit.Playground.Crm.Resource.Http.Requests.Client.StoreRequestTest" assertions="4" time="0.037136"/>
      </testsuite>
      <testsuite name="Tests\Unit\Playground\Crm\Resource\Http\Requests\Client\UnlockRequestTest" file="/app/tests/Unit/Http/Requests/Client/UnlockRequestTest.php" tests="1" assertions="1" errors="0" failures="0" skipped="0" time="0.040114">
        <testcase name="test_request_instance" file="/app/vendor/gammamatrix/playground-test/src/Unit/Http/Requests/RequestCase.php" line="41" class="Tests\Unit\Playground\Crm\Resource\Http\Requests\Client\UnlockRequestTest" classname="Tests.Unit.Playground.Crm.Resource.Http.Requests.Client.UnlockRequestTest" assertions="1" time="0.040114"/>
      </testsuite>
      <testsuite name="Tests\Unit\Playground\Crm\Resource\Http\Requests\Client\UpdateRequestTest" file="/app/tests/Unit/Http/Requests/Client/UpdateRequestTest.php" tests="3" assertions="8" errors="0" failures="0" skipped="0" time="0.135903">
        <testcase name="test_request_instance" file="/app/vendor/gammamatrix/playground-test/src/Unit/Http/Requests/RequestCase.php" line="41" class="Tests\Unit\Playground\Crm\Resource\Http\Requests\Client\UpdateRequestTest" classname="Tests.Unit.Playground.Crm.Resource.Http.Requests.Client.UpdateRequestTest" assertions="1" time="0.060503"/>
        <testcase name="test_UpdateRequest_rules_with_optional_revisions_disabled" file="/app/tests/Unit/Http/Requests/Client/UpdateRequestTest.php" line="19" class="Tests\Unit\Playground\Crm\Resource\Http\Requests\Client\UpdateRequestTest" classname="Tests.Unit.Playground.Crm.Resource.Http.Requests.Client.UpdateRequestTest" assertions="3" time="0.037757"/>
        <testcase name="test_UpdateRequest_rules_with_optional_revisions_enabled" file="/app/tests/Unit/Http/Requests/Client/UpdateRequestTest.php" line="29" class="Tests\Unit\Playground\Crm\Resource\Http\Requests\Client\UpdateRequestTest" classname="Tests.Unit.Playground.Crm.Resource.Http.Requests.Client.UpdateRequestTest" assertions="4" time="0.037643"/>
      </testsuite>
      <testsuite name="Tests\Unit\Playground\Crm\Resource\Http\Requests\Contact\CreateRequestTest" file="/app/tests/Unit/Http/Requests/Contact/CreateRequestTest.php" tests="1" assertions="1" errors="0" failures="0" skipped="0" time="0.054041">
        <testcase name="test_request_instance" file="/app/vendor/gammamatrix/playground-test/src/Unit/Http/Requests/RequestCase.php" line="41" class="Tests\Unit\Playground\Crm\Resource\Http\Requests\Contact\CreateRequestTest" classname="Tests.Unit.Playground.Crm.Resource.Http.Requests.Contact.CreateRequestTest" assertions="1" time="0.054041"/>
      </testsuite>
      <testsuite name="Tests\Unit\Playground\Crm\Resource\Http\Requests\Contact\DestroyRequestTest" file="/app/tests/Unit/Http/Requests/Contact/DestroyRequestTest.php" tests="1" assertions="1" errors="0" failures="0" skipped="0" time="0.040646">
        <testcase name="test_request_instance" file="/app/vendor/gammamatrix/playground-test/src/Unit/Http/Requests/RequestCase.php" line="41" class="Tests\Unit\Playground\Crm\Resource\Http\Requests\Contact\DestroyRequestTest" classname="Tests.Unit.Playground.Crm.Resource.Http.Requests.Contact.DestroyRequestTest" assertions="1" time="0.040646"/>
      </testsuite>
      <testsuite name="Tests\Unit\Playground\Crm\Resource\Http\Requests\Contact\EditRequestTest" file="/app/tests/Unit/Http/Requests/Contact/EditRequestTest.php" tests="1" assertions="1" errors="0" failures="0" skipped="0" time="0.054555">
        <testcase name="test_request_instance" file="/app/vendor/gammamatrix/playground-test/src/Unit/Http/Requests/RequestCase.php" line="41" class="Tests\Unit\Playground\Crm\Resource\Http\Requests\Contact\EditRequestTest" classname="Tests.Unit.Playground.Crm.Resource.Http.Requests.Contact.EditRequestTest" assertions="1" time="0.054555"/>
      </testsuite>
      <testsuite name="Tests\Unit\Playground\Crm\Resource\Http\Requests\Contact\IndexRequestTest" file="/app/tests/Unit/Http/Requests/Contact/IndexRequestTest.php" tests="1" assertions="1" errors="0" failures="0" skipped="0" time="0.097302">
        <testcase name="test_request_instance" file="/app/vendor/gammamatrix/playground-test/src/Unit/Http/Requests/RequestCase.php" line="41" class="Tests\Unit\Playground\Crm\Resource\Http\Requests\Contact\IndexRequestTest" classname="Tests.Unit.Playground.Crm.Resource.Http.Requests.Contact.IndexRequestTest" assertions="1" time="0.097302"/>
      </testsuite>
      <testsuite name="Tests\Unit\Playground\Crm\Resource\Http\Requests\Contact\LockRequestTest" file="/app/tests/Unit/Http/Requests/Contact/LockRequestTest.php" tests="1" assertions="1" errors="0" failures="0" skipped="0" time="0.041264">
        <testcase name="test_request_instance" file="/app/vendor/gammamatrix/playground-test/src/Unit/Http/Requests/RequestCase.php" line="41" class="Tests\Unit\Playground\Crm\Resource\Http\Requests\Contact\LockRequestTest" classname="Tests.Unit.Playground.Crm.Resource.Http.Requests.Contact.LockRequestTest" assertions="1" time="0.041264"/>
      </testsuite>
      <testsuite name="Tests\Unit\Playground\Crm\Resource\Http\Requests\Contact\RestoreRequestTest" file="/app/tests/Unit/Http/Requests/Contact/RestoreRequestTest.php" tests="1" assertions="1" errors="0" failures="0" skipped="0" time="0.038952">
        <testcase name="test_request_instance" file="/app/vendor/gammamatrix/playground-test/src/Unit/Http/Requests/RequestCase.php" line="41" class="Tests\Unit\Playground\Crm\Resource\Http\Requests\Contact\RestoreRequestTest" classname="Tests.Unit.Playground.Crm.Resource.Http.Requests.Contact.RestoreRequestTest" assertions="1" time="0.038952"/>
      </testsuite>
      <testsuite name="Tests\Unit\Playground\Crm\Resource\Http\Requests\Contact\ShowRequestTest" file="/app/tests/Unit/Http/Requests/Contact/ShowRequestTest.php" tests="1" assertions="1" errors="0" failures="0" skipped="0" time="0.038775">
        <testcase name="test_request_instance" file="/app/vendor/gammamatrix/playground-test/src/Unit/Http/Requests/RequestCase.php" line="41" class="Tests\Unit\Playground\Crm\Resource\Http\Requests\Contact\ShowRequestTest" classname="Tests.Unit.Playground.Crm.Resource.Http.Requests.Contact.ShowRequestTest" assertions="1" time="0.038775"/>
      </testsuite>
      <testsuite name="Tests\Unit\Playground\Crm\Resource\Http\Requests\Contact\StoreRequestTest" file="/app/tests/Unit/Http/Requests/Contact/StoreRequestTest.php" tests="3" assertions="8" errors="0" failures="0" skipped="0" time="0.134850">
        <testcase name="test_request_instance" file="/app/vendor/gammamatrix/playground-test/src/Unit/Http/Requests/RequestCase.php" line="41" class="Tests\Unit\Playground\Crm\Resource\Http\Requests\Contact\StoreRequestTest" classname="Tests.Unit.Playground.Crm.Resource.Http.Requests.Contact.StoreRequestTest" assertions="1" time="0.059080"/>
        <testcase name="test_StoreRequest_rules_with_optional_revisions_disabled" file="/app/tests/Unit/Http/Requests/Contact/StoreRequestTest.php" line="19" class="Tests\Unit\Playground\Crm\Resource\Http\Requests\Contact\StoreRequestTest" classname="Tests.Unit.Playground.Crm.Resource.Http.Requests.Contact.StoreRequestTest" assertions="3" time="0.037855"/>
        <testcase name="test_StoreRequest_rules_with_optional_revisions_enabled" file="/app/tests/Unit/Http/Requests/Contact/StoreRequestTest.php" line="29" class="Tests\Unit\Playground\Crm\Resource\Http\Requests\Contact\StoreRequestTest" classname="Tests.Unit.Playground.Crm.Resource.Http.Requests.Contact.StoreRequestTest" assertions="4" time="0.037915"/>
      </testsuite>
      <testsuite name="Tests\Unit\Playground\Crm\Resource\Http\Requests\Contact\UnlockRequestTest" file="/app/tests/Unit/Http/Requests/Contact/UnlockRequestTest.php" tests="1" assertions="1" errors="0" failures="0" skipped="0" time="0.043081">
        <testcase name="test_request_instance" file="/app/vendor/gammamatrix/playground-test/src/Unit/Http/Requests/RequestCase.php" line="41" class="Tests\Unit\Playground\Crm\Resource\Http\Requests\Contact\UnlockRequestTest" classname="Tests.Unit.Playground.Crm.Resource.Http.Requests.Contact.UnlockRequestTest" assertions="1" time="0.043081"/>
      </testsuite>
      <testsuite name="Tests\Unit\Playground\Crm\Resource\Http\Requests\Contact\UpdateRequestTest" file="/app/tests/Unit/Http/Requests/Contact/UpdateRequestTest.php" tests="3" assertions="8" errors="0" failures="0" skipped="0" time="0.133534">
        <testcase name="test_request_instance" file="/app/vendor/gammamatrix/playground-test/src/Unit/Http/Requests/RequestCase.php" line="41" class="Tests\Unit\Playground\Crm\Resource\Http\Requests\Contact\UpdateRequestTest" classname="Tests.Unit.Playground.Crm.Resource.Http.Requests.Contact.UpdateRequestTest" assertions="1" time="0.058250"/>
        <testcase name="test_UpdateRequest_rules_with_optional_revisions_disabled" file="/app/tests/Unit/Http/Requests/Contact/UpdateRequestTest.php" line="19" class="Tests\Unit\Playground\Crm\Resource\Http\Requests\Contact\UpdateRequestTest" classname="Tests.Unit.Playground.Crm.Resource.Http.Requests.Contact.UpdateRequestTest" assertions="3" time="0.037827"/>
        <testcase name="test_UpdateRequest_rules_with_optional_revisions_enabled" file="/app/tests/Unit/Http/Requests/Contact/UpdateRequestTest.php" line="29" class="Tests\Unit\Playground\Crm\Resource\Http\Requests\Contact\UpdateRequestTest" classname="Tests.Unit.Playground.Crm.Resource.Http.Requests.Contact.UpdateRequestTest" assertions="4" time="0.037456"/>
      </testsuite>
      <testsuite name="Tests\Unit\Playground\Crm\Resource\Http\Requests\FormRequest\InstanceTest" file="/app/tests/Unit/Http/Requests/FormRequest/InstanceTest.php" tests="5" assertions="6" errors="0" failures="0" skipped="0" time="0.216997">
        <testcase name="test_FormRequest_authorize_without_user" file="/app/tests/Unit/Http/Requests/FormRequest/InstanceTest.php" line="21" class="Tests\Unit\Playground\Crm\Resource\Http\Requests\FormRequest\InstanceTest" classname="Tests.Unit.Playground.Crm.Resource.Http.Requests.FormRequest.InstanceTest" assertions="1" time="0.036870"/>
        <testcase name="test_RULES_is_empty_by_default" file="/app/tests/Unit/Http/Requests/FormRequest/InstanceTest.php" line="28" class="Tests\Unit\Playground\Crm\Resource\Http\Requests\FormRequest\InstanceTest" classname="Tests.Unit.Playground.Crm.Resource.Http.Requests.FormRequest.InstanceTest" assertions="2" time="0.037284"/>
        <testcase name="test_userHasAdminPrivileges_without_user" file="/app/tests/Unit/Http/Requests/FormRequest/InstanceTest.php" line="36" class="Tests\Unit\Playground\Crm\Resource\Http\Requests\FormRequest\InstanceTest" classname="Tests.Unit.Playground.Crm.Resource.Http.Requests.FormRequest.InstanceTest" assertions="1" time="0.037661"/>
        <testcase name="test_userHasAdminPrivileges_with_admin" file="/app/tests/Unit/Http/Requests/FormRequest/InstanceTest.php" line="43" class="Tests\Unit\Playground\Crm\Resource\Http\Requests\FormRequest\InstanceTest" classname="Tests.Unit.Playground.Crm.Resource.Http.Requests.FormRequest.InstanceTest" assertions="1" time="0.062651"/>
        <testcase name="test_userHasAdminPrivileges_with_default_laravel_user" file="/app/tests/Unit/Http/Requests/FormRequest/InstanceTest.php" line="55" class="Tests\Unit\Playground\Crm\Resource\Http\Requests\FormRequest\InstanceTest" classname="Tests.Unit.Playground.Crm.Resource.Http.Requests.FormRequest.InstanceTest" assertions="1" time="0.042530"/>
      </testsuite>
      <testsuite name="Tests\Unit\Playground\Crm\Resource\Http\Requests\Location\CreateRequestTest" file="/app/tests/Unit/Http/Requests/Location/CreateRequestTest.php" tests="1" assertions="1" errors="0" failures="0" skipped="0" time="0.057116">
        <testcase name="test_request_instance" file="/app/vendor/gammamatrix/playground-test/src/Unit/Http/Requests/RequestCase.php" line="41" class="Tests\Unit\Playground\Crm\Resource\Http\Requests\Location\CreateRequestTest" classname="Tests.Unit.Playground.Crm.Resource.Http.Requests.Location.CreateRequestTest" assertions="1" time="0.057116"/>
      </testsuite>
      <testsuite name="Tests\Unit\Playground\Crm\Resource\Http\Requests\Location\DestroyRequestTest" file="/app/tests/Unit/Http/Requests/Location/DestroyRequestTest.php" tests="1" assertions="1" errors="0" failures="0" skipped="0" time="0.040786">
        <testcase name="test_request_instance" file="/app/vendor/gammamatrix/playground-test/src/Unit/Http/Requests/RequestCase.php" line="41" class="Tests\Unit\Playground\Crm\Resource\Http\Requests\Location\DestroyRequestTest" classname="Tests.Unit.Playground.Crm.Resource.Http.Requests.Location.DestroyRequestTest" assertions="1" time="0.040786"/>
      </testsuite>
      <testsuite name="Tests\Unit\Playground\Crm\Resource\Http\Requests\Location\EditRequestTest" file="/app/tests/Unit/Http/Requests/Location/EditRequestTest.php" tests="1" assertions="1" errors="0" failures="0" skipped="0" time="0.056005">
        <testcase name="test_request_instance" file="/app/vendor/gammamatrix/playground-test/src/Unit/Http/Requests/RequestCase.php" line="41" class="Tests\Unit\Playground\Crm\Resource\Http\Requests\Location\EditRequestTest" classname="Tests.Unit.Playground.Crm.Resource.Http.Requests.Location.EditRequestTest" assertions="1" time="0.056005"/>
      </testsuite>
      <testsuite name="Tests\Unit\Playground\Crm\Resource\Http\Requests\Location\IndexRequestTest" file="/app/tests/Unit/Http/Requests/Location/IndexRequestTest.php" tests="1" assertions="1" errors="0" failures="0" skipped="0" time="0.098449">
        <testcase name="test_request_instance" file="/app/vendor/gammamatrix/playground-test/src/Unit/Http/Requests/RequestCase.php" line="41" class="Tests\Unit\Playground\Crm\Resource\Http\Requests\Location\IndexRequestTest" classname="Tests.Unit.Playground.Crm.Resource.Http.Requests.Location.IndexRequestTest" assertions="1" time="0.098449"/>
      </testsuite>
      <testsuite name="Tests\Unit\Playground\Crm\Resource\Http\Requests\Location\LockRequestTest" file="/app/tests/Unit/Http/Requests/Location/LockRequestTest.php" tests="1" assertions="1" errors="0" failures="0" skipped="0" time="0.041365">
        <testcase name="test_request_instance" file="/app/vendor/gammamatrix/playground-test/src/Unit/Http/Requests/RequestCase.php" line="41" class="Tests\Unit\Playground\Crm\Resource\Http\Requests\Location\LockRequestTest" classname="Tests.Unit.Playground.Crm.Resource.Http.Requests.Location.LockRequestTest" assertions="1" time="0.041365"/>
      </testsuite>
      <testsuite name="Tests\Unit\Playground\Crm\Resource\Http\Requests\Location\RestoreRequestTest" file="/app/tests/Unit/Http/Requests/Location/RestoreRequestTest.php" tests="1" assertions="1" errors="0" failures="0" skipped="0" time="0.039284">
        <testcase name="test_request_instance" file="/app/vendor/gammamatrix/playground-test/src/Unit/Http/Requests/RequestCase.php" line="41" class="Tests\Unit\Playground\Crm\Resource\Http\Requests\Location\RestoreRequestTest" classname="Tests.Unit.Playground.Crm.Resource.Http.Requests.Location.RestoreRequestTest" assertions="1" time="0.039284"/>
      </testsuite>
      <testsuite name="Tests\Unit\Playground\Crm\Resource\Http\Requests\Location\ShowRequestTest" file="/app/tests/Unit/Http/Requests/Location/ShowRequestTest.php" tests="1" assertions="1" errors="0" failures="0" skipped="0" time="0.038782">
        <testcase name="test_request_instance" file="/app/vendor/gammamatrix/playground-test/src/Unit/Http/Requests/RequestCase.php" line="41" class="Tests\Unit\Playground\Crm\Resource\Http\Requests\Location\ShowRequestTest" classname="Tests.Unit.Playground.Crm.Resource.Http.Requests.Location.ShowRequestTest" assertions="1" time="0.038782"/>
      </testsuite>
      <testsuite name="Tests\Unit\Playground\Crm\Resource\Http\Requests\Location\StoreRequestTest" file="/app/tests/Unit/Http/Requests/Location/StoreRequestTest.php" tests="3" assertions="8" errors="0" failures="0" skipped="0" time="0.135649">
        <testcase name="test_request_instance" file="/app/vendor/gammamatrix/playground-test/src/Unit/Http/Requests/RequestCase.php" line="41" class="Tests\Unit\Playground\Crm\Resource\Http\Requests\Location\StoreRequestTest" classname="Tests.Unit.Playground.Crm.Resource.Http.Requests.Location.StoreRequestTest" assertions="1" time="0.059721"/>
        <testcase name="test_StoreRequest_rules_with_optional_revisions_disabled" file="/app/tests/Unit/Http/Requests/Location/StoreRequestTest.php" line="19" class="Tests\Unit\Playground\Crm\Resource\Http\Requests\Location\StoreRequestTest" classname="Tests.Unit.Playground.Crm.Resource.Http.Requests.Location.StoreRequestTest" assertions="3" time="0.037900"/>
        <testcase name="test_StoreRequest_rules_with_optional_revisions_enabled" file="/app/tests/Unit/Http/Requests/Location/StoreRequestTest.php" line="29" class="Tests\Unit\Playground\Crm\Resource\Http\Requests\Location\StoreRequestTest" classname="Tests.Unit.Playground.Crm.Resource.Http.Requests.Location.StoreRequestTest" assertions="4" time="0.038028"/>
      </testsuite>
      <testsuite name="Tests\Unit\Playground\Crm\Resource\Http\Requests\Location\UnlockRequestTest" file="/app/tests/Unit/Http/Requests/Location/UnlockRequestTest.php" tests="1" assertions="1" errors="0" failures="0" skipped="0" time="0.039376">
        <testcase name="test_request_instance" file="/app/vendor/gammamatrix/playground-test/src/Unit/Http/Requests/RequestCase.php" line="41" class="Tests\Unit\Playground\Crm\Resource\Http\Requests\Location\UnlockRequestTest" classname="Tests.Unit.Playground.Crm.Resource.Http.Requests.Location.UnlockRequestTest" assertions="1" time="0.039376"/>
      </testsuite>
      <testsuite name="Tests\Unit\Playground\Crm\Resource\Http\Requests\Location\UpdateRequestTest" file="/app/tests/Unit/Http/Requests/Location/UpdateRequestTest.php" tests="3" assertions="8" errors="0" failures="0" skipped="0" time="0.132764">
        <testcase name="test_request_instance" file="/app/vendor/gammamatrix/playground-test/src/Unit/Http/Requests/RequestCase.php" line="41" class="Tests\Unit\Playground\Crm\Resource\Http\Requests\Location\UpdateRequestTest" classname="Tests.Unit.Playground.Crm.Resource.Http.Requests.Location.UpdateRequestTest" assertions="1" time="0.057348"/>
        <testcase name="test_UpdateRequest_rules_with_optional_revisions_disabled" file="/app/tests/Unit/Http/Requests/Location/UpdateRequestTest.php" line="19" class="Tests\Unit\Playground\Crm\Resource\Http\Requests\Location\UpdateRequestTest" classname="Tests.Unit.Playground.Crm.Resource.Http.Requests.Location.UpdateRequestTest" assertions="3" time="0.037602"/>
        <testcase name="test_UpdateRequest_rules_with_optional_revisions_enabled" file="/app/tests/Unit/Http/Requests/Location/UpdateRequestTest.php" line="29" class="Tests\Unit\Playground\Crm\Resource\Http\Requests\Location\UpdateRequestTest" classname="Tests.Unit.Playground.Crm.Resource.Http.Requests.Location.UpdateRequestTest" assertions="4" time="0.037813"/>
      </testsuite>
      <testsuite name="Tests\Unit\Playground\Crm\Resource\Http\Requests\Organization\CreateRequestTest" file="/app/tests/Unit/Http/Requests/Organization/CreateRequestTest.php" tests="1" assertions="1" errors="0" failures="0" skipped="0" time="0.054315">
        <testcase name="test_request_instance" file="/app/vendor/gammamatrix/playground-test/src/Unit/Http/Requests/RequestCase.php" line="41" class="Tests\Unit\Playground\Crm\Resource\Http\Requests\Organization\CreateRequestTest" classname="Tests.Unit.Playground.Crm.Resource.Http.Requests.Organization.CreateRequestTest" assertions="1" time="0.054315"/>
      </testsuite>
      <testsuite name="Tests\Unit\Playground\Crm\Resource\Http\Requests\Organization\DestroyRequestTest" file="/app/tests/Unit/Http/Requests/Organization/DestroyRequestTest.php" tests="1" assertions="1" errors="0" failures="0" skipped="0" time="0.040584">
        <testcase name="test_request_instance" file="/app/vendor/gammamatrix/playground-test/src/Unit/Http/Requests/RequestCase.php" line="41" class="Tests\Unit\Playground\Crm\Resource\Http\Requests\Organization\DestroyRequestTest" classname="Tests.Unit.Playground.Crm.Resource.Http.Requests.Organization.DestroyRequestTest" assertions="1" time="0.040584"/>
      </testsuite>
      <testsuite name="Tests\Unit\Playground\Crm\Resource\Http\Requests\Organization\EditRequestTest" file="/app/tests/Unit/Http/Requests/Organization/EditRequestTest.php" tests="1" assertions="1" errors="0" failures="0" skipped="0" time="0.056525">
        <testcase name="test_request_instance" file="/app/vendor/gammamatrix/playground-test/src/Unit/Http/Requests/RequestCase.php" line="41" class="Tests\Unit\Playground\Crm\Resource\Http\Requests\Organization\EditRequestTest" classname="Tests.Unit.Playground.Crm.Resource.Http.Requests.Organization.EditRequestTest" assertions="1" time="0.056525"/>
      </testsuite>
      <testsuite name="Tests\Unit\Playground\Crm\Resource\Http\Requests\Organization\IndexRequestTest" file="/app/tests/Unit/Http/Requests/Organization/IndexRequestTest.php" tests="1" assertions="1" errors="0" failures="0" skipped="0" time="0.100147">
        <testcase name="test_request_instance" file="/app/vendor/gammamatrix/playground-test/src/Unit/Http/Requests/RequestCase.php" line="41" class="Tests\Unit\Playground\Crm\Resource\Http\Requests\Organization\IndexRequestTest" classname="Tests.Unit.Playground.Crm.Resource.Http.Requests.Organization.IndexRequestTest" assertions="1" time="0.100147"/>
      </testsuite>
      <testsuite name="Tests\Unit\Playground\Crm\Resource\Http\Requests\Organization\LockRequestTest" file="/app/tests/Unit/Http/Requests/Organization/LockRequestTest.php" tests="1" assertions="1" errors="0" failures="0" skipped="0" time="0.039874">
        <testcase name="test_request_instance" file="/app/vendor/gammamatrix/playground-test/src/Unit/Http/Requests/RequestCase.php" line="41" class="Tests\Unit\Playground\Crm\Resource\Http\Requests\Organization\LockRequestTest" classname="Tests.Unit.Playground.Crm.Resource.Http.Requests.Organization.LockRequestTest" assertions="1" time="0.039874"/>
      </testsuite>
      <testsuite name="Tests\Unit\Playground\Crm\Resource\Http\Requests\Organization\RestoreRequestTest" file="/app/tests/Unit/Http/Requests/Organization/RestoreRequestTest.php" tests="1" assertions="1" errors="0" failures="0" skipped="0" time="0.041157">
        <testcase name="test_request_instance" file="/app/vendor/gammamatrix/playground-test/src/Unit/Http/Requests/RequestCase.php" line="41" class="Tests\Unit\Playground\Crm\Resource\Http\Requests\Organization\RestoreRequestTest" classname="Tests.Unit.Playground.Crm.Resource.Http.Requests.Organization.RestoreRequestTest" assertions="1" time="0.041157"/>
      </testsuite>
      <testsuite name="Tests\Unit\Playground\Crm\Resource\Http\Requests\Organization\ShowRequestTest" file="/app/tests/Unit/Http/Requests/Organization/ShowRequestTest.php" tests="1" assertions="1" errors="0" failures="0" skipped="0" time="0.038365">
        <testcase name="test_request_instance" file="/app/vendor/gammamatrix/playground-test/src/Unit/Http/Requests/RequestCase.php" line="41" class="Tests\Unit\Playground\Crm\Resource\Http\Requests\Organization\ShowRequestTest" classname="Tests.Unit.Playground.Crm.Resource.Http.Requests.Organization.ShowRequestTest" assertions="1" time="0.038365"/>
      </testsuite>
      <testsuite name="Tests\Unit\Playground\Crm\Resource\Http\Requests\Organization\StoreRequestTest" file="/app/tests/Unit/Http/Requests/Organization/StoreRequestTest.php" tests="3" assertions="8" errors="0" failures="0" skipped="0" time="0.132260">
        <testcase name="test_request_instance" file="/app/vendor/gammamatrix/playground-test/src/Unit/Http/Requests/RequestCase.php" line="41" class="Tests\Unit\Playground\Crm\Resource\Http\Requests\Organization\StoreRequestTest" classname="Tests.Unit.Playground.Crm.Resource.Http.Requests.Organization.StoreRequestTest" assertions="1" time="0.057306"/>
        <testcase name="test_StoreRequest_rules_with_optional_revisions_disabled" file="/app/tests/Unit/Http/Requests/Organization/StoreRequestTest.php" line="19" class="Tests\Unit\Playground\Crm\Resource\Http\Requests\Organization\StoreRequestTest" classname="Tests.Unit.Playground.Crm.Resource.Http.Requests.Organization.StoreRequestTest" assertions="3" time="0.037473"/>
        <testcase name="test_StoreRequest_rules_with_optional_revisions_enabled" file="/app/tests/Unit/Http/Requests/Organization/StoreRequestTest.php" line="29" class="Tests\Unit\Playground\Crm\Resource\Http\Requests\Organization\StoreRequestTest" classname="Tests.Unit.Playground.Crm.Resource.Http.Requests.Organization.StoreRequestTest" assertions="4" time="0.037481"/>
      </testsuite>
      <testsuite name="Tests\Unit\Playground\Crm\Resource\Http\Requests\Organization\UnlockRequestTest" file="/app/tests/Unit/Http/Requests/Organization/UnlockRequestTest.php" tests="1" assertions="1" errors="0" failures="0" skipped="0" time="0.038844">
        <testcase name="test_request_instance" file="/app/vendor/gammamatrix/playground-test/src/Unit/Http/Requests/RequestCase.php" line="41" class="Tests\Unit\Playground\Crm\Resource\Http\Requests\Organization\UnlockRequestTest" classname="Tests.Unit.Playground.Crm.Resource.Http.Requests.Organization.UnlockRequestTest" assertions="1" time="0.038844"/>
      </testsuite>
      <testsuite name="Tests\Unit\Playground\Crm\Resource\Http\Requests\Organization\UpdateRequestTest" file="/app/tests/Unit/Http/Requests/Organization/UpdateRequestTest.php" tests="3" assertions="8" errors="0" failures="0" skipped="0" time="0.137441">
        <testcase name="test_request_instance" file="/app/vendor/gammamatrix/playground-test/src/Unit/Http/Requests/RequestCase.php" line="41" class="Tests\Unit\Playground\Crm\Resource\Http\Requests\Organization\UpdateRequestTest" classname="Tests.Unit.Playground.Crm.Resource.Http.Requests.Organization.UpdateRequestTest" assertions="1" time="0.059550"/>
        <testcase name="test_UpdateRequest_rules_with_optional_revisions_disabled" file="/app/tests/Unit/Http/Requests/Organization/UpdateRequestTest.php" line="19" class="Tests\Unit\Playground\Crm\Resource\Http\Requests\Organization\UpdateRequestTest" classname="Tests.Unit.Playground.Crm.Resource.Http.Requests.Organization.UpdateRequestTest" assertions="3" time="0.039884"/>
        <testcase name="test_UpdateRequest_rules_with_optional_revisions_enabled" file="/app/tests/Unit/Http/Requests/Organization/UpdateRequestTest.php" line="29" class="Tests\Unit\Playground\Crm\Resource\Http\Requests\Organization\UpdateRequestTest" classname="Tests.Unit.Playground.Crm.Resource.Http.Requests.Organization.UpdateRequestTest" assertions="4" time="0.038006"/>
      </testsuite>
      <testsuite name="Tests\Unit\Playground\Crm\Resource\Http\Requests\People\CreateRequestTest" file="/app/tests/Unit/Http/Requests/People/CreateRequestTest.php" tests="1" assertions="1" errors="0" failures="0" skipped="0" time="0.054895">
        <testcase name="test_request_instance" file="/app/vendor/gammamatrix/playground-test/src/Unit/Http/Requests/RequestCase.php" line="41" class="Tests\Unit\Playground\Crm\Resource\Http\Requests\People\CreateRequestTest" classname="Tests.Unit.Playground.Crm.Resource.Http.Requests.People.CreateRequestTest" assertions="1" time="0.054895"/>
      </testsuite>
      <testsuite name="Tests\Unit\Playground\Crm\Resource\Http\Requests\People\DestroyRequestTest" file="/app/tests/Unit/Http/Requests/People/DestroyRequestTest.php" tests="1" assertions="1" errors="0" failures="0" skipped="0" time="0.040573">
        <testcase name="test_request_instance" file="/app/vendor/gammamatrix/playground-test/src/Unit/Http/Requests/RequestCase.php" line="41" class="Tests\Unit\Playground\Crm\Resource\Http\Requests\People\DestroyRequestTest" classname="Tests.Unit.Playground.Crm.Resource.Http.Requests.People.DestroyRequestTest" assertions="1" time="0.040573"/>
      </testsuite>
      <testsuite name="Tests\Unit\Playground\Crm\Resource\Http\Requests\People\EditRequestTest" file="/app/tests/Unit/Http/Requests/People/EditRequestTest.php" tests="1" assertions="1" errors="0" failures="0" skipped="0" time="0.054703">
        <testcase name="test_request_instance" file="/app/vendor/gammamatrix/playground-test/src/Unit/Http/Requests/RequestCase.php" line="41" class="Tests\Unit\Playground\Crm\Resource\Http\Requests\People\EditRequestTest" classname="Tests.Unit.Playground.Crm.Resource.Http.Requests.People.EditRequestTest" assertions="1" time="0.054703"/>
      </testsuite>
      <testsuite name="Tests\Unit\Playground\Crm\Resource\Http\Requests\People\IndexRequestTest" file="/app/tests/Unit/Http/Requests/People/IndexRequestTest.php" tests="1" assertions="1" errors="0" failures="0" skipped="0" time="0.100838">
        <testcase name="test_request_instance" file="/app/vendor/gammamatrix/playground-test/src/Unit/Http/Requests/RequestCase.php" line="41" class="Tests\Unit\Playground\Crm\Resource\Http\Requests\People\IndexRequestTest" classname="Tests.Unit.Playground.Crm.Resource.Http.Requests.People.IndexRequestTest" assertions="1" time="0.100838"/>
      </testsuite>
      <testsuite name="Tests\Unit\Playground\Crm\Resource\Http\Requests\People\LockRequestTest" file="/app/tests/Unit/Http/Requests/People/LockRequestTest.php" tests="1" assertions="1" errors="0" failures="0" skipped="0" time="0.043017">
        <testcase name="test_request_instance" file="/app/vendor/gammamatrix/playground-test/src/Unit/Http/Requests/RequestCase.php" line="41" class="Tests\Unit\Playground\Crm\Resource\Http\Requests\People\LockRequestTest" classname="Tests.Unit.Playground.Crm.Resource.Http.Requests.People.LockRequestTest" assertions="1" time="0.043017"/>
      </testsuite>
      <testsuite name="Tests\Unit\Playground\Crm\Resource\Http\Requests\People\RestoreRequestTest" file="/app/tests/Unit/Http/Requests/People/RestoreRequestTest.php" tests="1" assertions="1" errors="0" failures="0" skipped="0" time="0.040444">
        <testcase name="test_request_instance" file="/app/vendor/gammamatrix/playground-test/src/Unit/Http/Requests/RequestCase.php" line="41" class="Tests\Unit\Playground\Crm\Resource\Http\Requests\People\RestoreRequestTest" classname="Tests.Unit.Playground.Crm.Resource.Http.Requests.People.RestoreRequestTest" assertions="1" time="0.040444"/>
      </testsuite>
      <testsuite name="Tests\Unit\Playground\Crm\Resource\Http\Requests\People\ShowRequestTest" file="/app/tests/Unit/Http/Requests/People/ShowRequestTest.php" tests="1" assertions="1" errors="0" failures="0" skipped="0" time="0.038311">
        <testcase name="test_request_instance" file="/app/vendor/gammamatrix/playground-test/src/Unit/Http/Requests/RequestCase.php" line="41" class="Tests\Unit\Playground\Crm\Resource\Http\Requests\People\ShowRequestTest" classname="Tests.Unit.Playground.Crm.Resource.Http.Requests.People.ShowRequestTest" assertions="1" time="0.038311"/>
      </testsuite>
      <testsuite name="Tests\Unit\Playground\Crm\Resource\Http\Requests\People\StoreRequestTest" file="/app/tests/Unit/Http/Requests/People/StoreRequestTest.php" tests="3" assertions="8" errors="0" failures="0" skipped="0" time="0.138435">
        <testcase name="test_request_instance" file="/app/vendor/gammamatrix/playground-test/src/Unit/Http/Requests/RequestCase.php" line="41" class="Tests\Unit\Playground\Crm\Resource\Http\Requests\People\StoreRequestTest" classname="Tests.Unit.Playground.Crm.Resource.Http.Requests.People.StoreRequestTest" assertions="1" time="0.062878"/>
        <testcase name="test_StoreRequest_rules_with_optional_revisions_disabled" file="/app/tests/Unit/Http/Requests/People/StoreRequestTest.php" line="19" class="Tests\Unit\Playground\Crm\Resource\Http\Requests\People\StoreRequestTest" classname="Tests.Unit.Playground.Crm.Resource.Http.Requests.People.StoreRequestTest" assertions="3" time="0.037897"/>
        <testcase name="test_StoreRequest_rules_with_optional_revisions_enabled" file="/app/tests/Unit/Http/Requests/People/StoreRequestTest.php" line="29" class="Tests\Unit\Playground\Crm\Resource\Http\Requests\People\StoreRequestTest" classname="Tests.Unit.Playground.Crm.Resource.Http.Requests.People.StoreRequestTest" assertions="4" time="0.037660"/>
      </testsuite>
      <testsuite name="Tests\Unit\Playground\Crm\Resource\Http\Requests\People\UnlockRequestTest" file="/app/tests/Unit/Http/Requests/People/UnlockRequestTest.php" tests="1" assertions="1" errors="0" failures="0" skipped="0" time="0.039016">
        <testcase name="test_request_instance" file="/app/vendor/gammamatrix/playground-test/src/Unit/Http/Requests/RequestCase.php" line="41" class="Tests\Unit\Playground\Crm\Resource\Http\Requests\People\UnlockRequestTest" classname="Tests.Unit.Playground.Crm.Resource.Http.Requests.People.UnlockRequestTest" assertions="1" time="0.039016"/>
      </testsuite>
      <testsuite name="Tests\Unit\Playground\Crm\Resource\Http\Requests\People\UpdateRequestTest" file="/app/tests/Unit/Http/Requests/People/UpdateRequestTest.php" tests="3" assertions="8" errors="0" failures="0" skipped="0" time="0.132288">
        <testcase name="test_request_instance" file="/app/vendor/gammamatrix/playground-test/src/Unit/Http/Requests/RequestCase.php" line="41" class="Tests\Unit\Playground\Crm\Resource\Http\Requests\People\UpdateRequestTest" classname="Tests.Unit.Playground.Crm.Resource.Http.Requests.People.UpdateRequestTest" assertions="1" time="0.057297"/>
        <testcase name="test_UpdateRequest_rules_with_optional_revisions_disabled" file="/app/tests/Unit/Http/Requests/People/UpdateRequestTest.php" line="19" class="Tests\Unit\Playground\Crm\Resource\Http\Requests\People\UpdateRequestTest" classname="Tests.Unit.Playground.Crm.Resource.Http.Requests.People.UpdateRequestTest" assertions="3" time="0.037612"/>
        <testcase name="test_UpdateRequest_rules_with_optional_revisions_enabled" file="/app/tests/Unit/Http/Requests/People/UpdateRequestTest.php" line="29" class="Tests\Unit\Playground\Crm\Resource\Http\Requests\People\UpdateRequestTest" classname="Tests.Unit.Playground.Crm.Resource.Http.Requests.People.UpdateRequestTest" assertions="4" time="0.037379"/>
      </testsuite>
      <testsuite name="Tests\Unit\Playground\Crm\Resource\Policies\ClientPolicy\PolicyTest" file="/app/tests/Unit/Policies/ClientPolicy/PolicyTest.php" tests="1" assertions="1" errors="0" failures="0" skipped="0" time="0.037132">
        <testcase name="test_policy_instance" file="/app/tests/Unit/Policies/ClientPolicy/PolicyTest.php" line="19" class="Tests\Unit\Playground\Crm\Resource\Policies\ClientPolicy\PolicyTest" classname="Tests.Unit.Playground.Crm.Resource.Policies.ClientPolicy.PolicyTest" assertions="1" time="0.037132"/>
      </testsuite>
      <testsuite name="Tests\Unit\Playground\Crm\Resource\Policies\ContactPolicy\PolicyTest" file="/app/tests/Unit/Policies/ContactPolicy/PolicyTest.php" tests="1" assertions="1" errors="0" failures="0" skipped="0" time="0.037080">
        <testcase name="test_policy_instance" file="/app/tests/Unit/Policies/ContactPolicy/PolicyTest.php" line="19" class="Tests\Unit\Playground\Crm\Resource\Policies\ContactPolicy\PolicyTest" classname="Tests.Unit.Playground.Crm.Resource.Policies.ContactPolicy.PolicyTest" assertions="1" time="0.037080"/>
      </testsuite>
      <testsuite name="Tests\Unit\Playground\Crm\Resource\Policies\LocationPolicy\PolicyTest" file="/app/tests/Unit/Policies/LocationPolicy/PolicyTest.php" tests="1" assertions="1" errors="0" failures="0" skipped="0" time="0.037416">
        <testcase name="test_policy_instance" file="/app/tests/Unit/Policies/LocationPolicy/PolicyTest.php" line="19" class="Tests\Unit\Playground\Crm\Resource\Policies\LocationPolicy\PolicyTest" classname="Tests.Unit.Playground.Crm.Resource.Policies.LocationPolicy.PolicyTest" assertions="1" time="0.037416"/>
      </testsuite>
      <testsuite name="Tests\Unit\Playground\Crm\Resource\Policies\OrganizationPolicy\PolicyTest" file="/app/tests/Unit/Policies/OrganizationPolicy/PolicyTest.php" tests="1" assertions="1" errors="0" failures="0" skipped="0" time="0.039426">
        <testcase name="test_policy_instance" file="/app/tests/Unit/Policies/OrganizationPolicy/PolicyTest.php" line="19" class="Tests\Unit\Playground\Crm\Resource\Policies\OrganizationPolicy\PolicyTest" classname="Tests.Unit.Playground.Crm.Resource.Policies.OrganizationPolicy.PolicyTest" assertions="1" time="0.039426"/>
      </testsuite>
      <testsuite name="Tests\Unit\Playground\Crm\Resource\Policies\PeoplePolicy\PolicyTest" file="/app/tests/Unit/Policies/PeoplePolicy/PolicyTest.php" tests="1" assertions="1" errors="0" failures="0" skipped="0" time="0.038200">
        <testcase name="test_policy_instance" file="/app/tests/Unit/Policies/PeoplePolicy/PolicyTest.php" line="19" class="Tests\Unit\Playground\Crm\Resource\Policies\PeoplePolicy\PolicyTest" classname="Tests.Unit.Playground.Crm.Resource.Policies.PeoplePolicy.PolicyTest" assertions="1" time="0.038200"/>
      </testsuite>
      <testsuite name="Tests\Unit\Playground\Crm\Resource\ServiceProvider\InstanceTest" file="/app/tests/Unit/ServiceProvider/InstanceTest.php" tests="4" assertions="8" errors="0" failures="0" skipped="0" time="0.154142">
        <testcase name="test_version_matches" file="/app/tests/Unit/ServiceProvider/InstanceTest.php" line="20" class="Tests\Unit\Playground\Crm\Resource\ServiceProvider\InstanceTest" classname="Tests.Unit.Playground.Crm.Resource.ServiceProvider.InstanceTest" assertions="3" time="0.037417"/>
        <testcase name="test_setPolicies_with_empty_array" file="/app/tests/Unit/ServiceProvider/InstanceTest.php" line="29" class="Tests\Unit\Playground\Crm\Resource\ServiceProvider\InstanceTest" classname="Tests.Unit.Playground.Crm.Resource.ServiceProvider.InstanceTest" assertions="1" time="0.039850"/>
        <testcase name="test_setPolicies_with_invalid_model" file="/app/tests/Unit/ServiceProvider/InstanceTest.php" line="43" class="Tests\Unit\Playground\Crm\Resource\ServiceProvider\InstanceTest" classname="Tests.Unit.Playground.Crm.Resource.ServiceProvider.InstanceTest" assertions="2" time="0.038916"/>
        <testcase name="test_setPolicies_with_invalid_policy" file="/app/tests/Unit/ServiceProvider/InstanceTest.php" line="72" class="Tests\Unit\Playground\Crm\Resource\ServiceProvider\InstanceTest" classname="Tests.Unit.Playground.Crm.Resource.ServiceProvider.InstanceTest" assertions="2" time="0.037959"/>
      </testsuite>
    </testsuite>
    <testsuite name="Feature" tests="369" assertions="5376" errors="0" failures="0" skipped="0" time="82.959351">
      <testsuite name="Tests\Feature\Playground\Crm\Resource\Console\Commands\About\CommandTest" file="/app/tests/Feature/Console/Commands/About/CommandTest.php" tests="1" assertions="2" errors="0" failures="0" skipped="0" time="0.463859">
        <testcase name="test_command_about_displays_package_information_and_succeed" file="/app/tests/Feature/Console/Commands/About/CommandTest.php" line="20" class="Tests\Feature\Playground\Crm\Resource\Console\Commands\About\CommandTest" classname="Tests.Feature.Playground.Crm.Resource.Console.Commands.About.CommandTest" assertions="2" time="0.463859"/>
      </testsuite>
      <testsuite name="Tests\Feature\Playground\Crm\Resource\Http\Controllers\Playground\ClientRouteTest" file="/app/tests/Feature/Http/Controllers/Playground/ClientRouteTest.php" tests="73" assertions="1074" errors="0" failures="0" skipped="0" time="16.244361">
        <testcase name="test_json_guest_cannot_get_create_info" file="/app/vendor/gammamatrix/playground-test/src/Feature/Http/Controllers/Resource/Playground/CreateJsonTrait.php" line="38" class="Tests\Feature\Playground\Crm\Resource\Http\Controllers\Playground\ClientRouteTest" classname="Tests.Feature.Playground.Crm.Resource.Http.Controllers.Playground.ClientRouteTest" assertions="1" time="0.270627"/>
        <testcase name="test_json_admin_can_get_create_info" file="/app/vendor/gammamatrix/playground-test/src/Feature/Http/Controllers/Resource/Playground/CreateJsonTrait.php" line="53" class="Tests\Feature\Playground\Crm\Resource\Http\Controllers\Playground\ClientRouteTest" classname="Tests.Feature.Playground.Crm.Resource.Http.Controllers.Playground.ClientRouteTest" assertions="94" time="0.232410"/>
        <testcase name="test_json_get_create_info_as_admin_with_invalid_parameter_and_fail_validation" file="/app/vendor/gammamatrix/playground-test/src/Feature/Http/Controllers/Resource/Playground/CreateJsonTrait.php" line="73" class="Tests\Feature\Playground\Crm\Resource\Http\Controllers\Playground\ClientRouteTest" classname="Tests.Feature.Playground.Crm.Resource.Http.Controllers.Playground.ClientRouteTest" assertions="4" time="0.200280"/>
        <testcase name="test_guest_cannot_render_create_view" file="/app/vendor/gammamatrix/playground-test/src/Feature/Http/Controllers/Resource/Playground/CreateTrait.php" line="33" class="Tests\Feature\Playground\Crm\Resource\Http\Controllers\Playground\ClientRouteTest" classname="Tests.Feature.Playground.Crm.Resource.Http.Controllers.Playground.ClientRouteTest" assertions="1" time="0.189099"/>
        <testcase name="test_admin_can_render_create_view" file="/app/vendor/gammamatrix/playground-test/src/Feature/Http/Controllers/Resource/Playground/CreateTrait.php" line="47" class="Tests\Feature\Playground\Crm\Resource\Http\Controllers\Playground\ClientRouteTest" classname="Tests.Feature.Playground.Crm.Resource.Http.Controllers.Playground.ClientRouteTest" assertions="2" time="0.319443"/>
        <testcase name="test_admin_can_render_create_view_with_return_url" file="/app/vendor/gammamatrix/playground-test/src/Feature/Http/Controllers/Resource/Playground/CreateTrait.php" line="65" class="Tests\Feature\Playground\Crm\Resource\Http\Controllers\Playground\ClientRouteTest" classname="Tests.Feature.Playground.Crm.Resource.Http.Controllers.Playground.ClientRouteTest" assertions="3" time="0.221514"/>
        <testcase name="test_create_view_as_admin_with_invalid_parameter_and_fail_validation_and_redirect" file="/app/vendor/gammamatrix/playground-test/src/Feature/Http/Controllers/Resource/Playground/CreateTrait.php" line="92" class="Tests\Feature\Playground\Crm\Resource\Http\Controllers\Playground\ClientRouteTest" classname="Tests.Feature.Playground.Crm.Resource.Http.Controllers.Playground.ClientRouteTest" assertions="5" time="0.200134"/>
        <testcase name="test_json_guest_cannot_destroy" file="/app/vendor/gammamatrix/playground-test/src/Feature/Http/Controllers/Resource/Playground/DestroyJsonTrait.php" line="31" class="Tests\Feature\Playground\Crm\Resource\Http\Controllers\Playground\ClientRouteTest" classname="Tests.Feature.Playground.Crm.Resource.Http.Controllers.Playground.ClientRouteTest" assertions="3" time="0.195614"/>
        <testcase name="test_json_destroy_as_admin_and_succeed" file="/app/vendor/gammamatrix/playground-test/src/Feature/Http/Controllers/Resource/Playground/DestroyJsonTrait.php" line="61" class="Tests\Feature\Playground\Crm\Resource\Http\Controllers\Playground\ClientRouteTest" classname="Tests.Feature.Playground.Crm.Resource.Http.Controllers.Playground.ClientRouteTest" assertions="5" time="0.205093"/>
        <testcase name="test_json_destroy_as_admin_and_succeed_with_force_delete" file="/app/vendor/gammamatrix/playground-test/src/Feature/Http/Controllers/Resource/Playground/DestroyJsonTrait.php" line="100" class="Tests\Feature\Playground\Crm\Resource\Http\Controllers\Playground\ClientRouteTest" classname="Tests.Feature.Playground.Crm.Resource.Http.Controllers.Playground.ClientRouteTest" assertions="4" time="0.202227"/>
        <testcase name="test_json_destroy_as_admin_and_succeed_with_no_content" file="/app/vendor/gammamatrix/playground-test/src/Feature/Http/Controllers/Resource/Playground/DestroyJsonTrait.php" line="132" class="Tests\Feature\Playground\Crm\Resource\Http\Controllers\Playground\ClientRouteTest" classname="Tests.Feature.Playground.Crm.Resource.Http.Controllers.Playground.ClientRouteTest" assertions="5" time="0.203655"/>
        <testcase name="test_json_destroy_as_admin_and_succeed_and_ignore_redirect" file="/app/vendor/gammamatrix/playground-test/src/Feature/Http/Controllers/Resource/Playground/DestroyJsonTrait.php" line="167" class="Tests\Feature\Playground\Crm\Resource\Http\Controllers\Playground\ClientRouteTest" classname="Tests.Feature.Playground.Crm.Resource.Http.Controllers.Playground.ClientRouteTest" assertions="5" time="0.206084"/>
        <testcase name="test_json_destroy_as_user_and_get_denied_and_no_force_delete_allowed" file="/app/vendor/gammamatrix/playground-test/src/Feature/Http/Controllers/Resource/Playground/DestroyJsonTrait.php" line="209" class="Tests\Feature\Playground\Crm\Resource\Http\Controllers\Playground\ClientRouteTest" classname="Tests.Feature.Playground.Crm.Resource.Http.Controllers.Playground.ClientRouteTest" assertions="3" time="0.209030"/>
        <testcase name="test_guest_cannot_destroy" file="/app/vendor/gammamatrix/playground-test/src/Feature/Http/Controllers/Resource/Playground/DestroyTrait.php" line="31" class="Tests\Feature\Playground\Crm\Resource\Http\Controllers\Playground\ClientRouteTest" classname="Tests.Feature.Playground.Crm.Resource.Http.Controllers.Playground.ClientRouteTest" assertions="3" time="0.197097"/>
        <testcase name="test_destroy_as_admin_and_succeed" file="/app/vendor/gammamatrix/playground-test/src/Feature/Http/Controllers/Resource/Playground/DestroyTrait.php" line="61" class="Tests\Feature\Playground\Crm\Resource\Http\Controllers\Playground\ClientRouteTest" classname="Tests.Feature.Playground.Crm.Resource.Http.Controllers.Playground.ClientRouteTest" assertions="5" time="0.211650"/>
        <testcase name="test_destroy_as_admin_and_succeed_with_force_delete" file="/app/vendor/gammamatrix/playground-test/src/Feature/Http/Controllers/Resource/Playground/DestroyTrait.php" line="97" class="Tests\Feature\Playground\Crm\Resource\Http\Controllers\Playground\ClientRouteTest" classname="Tests.Feature.Playground.Crm.Resource.Http.Controllers.Playground.ClientRouteTest" assertions="4" time="0.205909"/>
        <testcase name="test_destroy_as_admin_and_succeed_with_redirect_to_index_with_trash" file="/app/vendor/gammamatrix/playground-test/src/Feature/Http/Controllers/Resource/Playground/DestroyTrait.php" line="129" class="Tests\Feature\Playground\Crm\Resource\Http\Controllers\Playground\ClientRouteTest" classname="Tests.Feature.Playground.Crm.Resource.Http.Controllers.Playground.ClientRouteTest" assertions="5" time="0.206089"/>
        <testcase name="test_destroy_as_user_and_get_denied_and_no_force_delete_allowed" file="/app/vendor/gammamatrix/playground-test/src/Feature/Http/Controllers/Resource/Playground/DestroyTrait.php" line="171" class="Tests\Feature\Playground\Crm\Resource\Http\Controllers\Playground\ClientRouteTest" classname="Tests.Feature.Playground.Crm.Resource.Http.Controllers.Playground.ClientRouteTest" assertions="3" time="0.209397"/>
        <testcase name="test_json_guest_cannot_get_edit_info" file="/app/vendor/gammamatrix/playground-test/src/Feature/Http/Controllers/Resource/Playground/EditJsonTrait.php" line="38" class="Tests\Feature\Playground\Crm\Resource\Http\Controllers\Playground\ClientRouteTest" classname="Tests.Feature.Playground.Crm.Resource.Http.Controllers.Playground.ClientRouteTest" assertions="1" time="0.202481"/>
        <testcase name="test_json_admin_can_get_edit_info" file="/app/vendor/gammamatrix/playground-test/src/Feature/Http/Controllers/Resource/Playground/EditJsonTrait.php" line="58" class="Tests\Feature\Playground\Crm\Resource\Http\Controllers\Playground\ClientRouteTest" classname="Tests.Feature.Playground.Crm.Resource.Http.Controllers.Playground.ClientRouteTest" assertions="4" time="0.217083"/>
        <testcase name="test_json_edit_as_admin_and_fail_validation_with_invalid_parameter" file="/app/vendor/gammamatrix/playground-test/src/Feature/Http/Controllers/Resource/Playground/EditJsonTrait.php" line="87" class="Tests\Feature\Playground\Crm\Resource\Http\Controllers\Playground\ClientRouteTest" classname="Tests.Feature.Playground.Crm.Resource.Http.Controllers.Playground.ClientRouteTest" assertions="4" time="0.219384"/>
        <testcase name="test_guest_cannot_render_edit_view" file="/app/vendor/gammamatrix/playground-test/src/Feature/Http/Controllers/Resource/Playground/EditTrait.php" line="33" class="Tests\Feature\Playground\Crm\Resource\Http\Controllers\Playground\ClientRouteTest" classname="Tests.Feature.Playground.Crm.Resource.Http.Controllers.Playground.ClientRouteTest" assertions="1" time="0.199114"/>
        <testcase name="test_admin_can_render_edit_view" file="/app/vendor/gammamatrix/playground-test/src/Feature/Http/Controllers/Resource/Playground/EditTrait.php" line="53" class="Tests\Feature\Playground\Crm\Resource\Http\Controllers\Playground\ClientRouteTest" classname="Tests.Feature.Playground.Crm.Resource.Http.Controllers.Playground.ClientRouteTest" assertions="2" time="0.240189"/>
        <testcase name="test_admin_can_render_edit_view_with_return_url" file="/app/vendor/gammamatrix/playground-test/src/Feature/Http/Controllers/Resource/Playground/EditTrait.php" line="77" class="Tests\Feature\Playground\Crm\Resource\Http\Controllers\Playground\ClientRouteTest" classname="Tests.Feature.Playground.Crm.Resource.Http.Controllers.Playground.ClientRouteTest" assertions="3" time="0.234198"/>
        <testcase name="test_edit_view_as_admin_with_invalid_parameter_and_fail_validation_and_redirect" file="/app/vendor/gammamatrix/playground-test/src/Feature/Http/Controllers/Resource/Playground/EditTrait.php" line="109" class="Tests\Feature\Playground\Crm\Resource\Http\Controllers\Playground\ClientRouteTest" classname="Tests.Feature.Playground.Crm.Resource.Http.Controllers.Playground.ClientRouteTest" assertions="4" time="0.214488"/>
        <testcase name="test_json_guest_cannot_get_index" file="/app/vendor/gammamatrix/playground-test/src/Feature/Http/Controllers/Resource/Playground/IndexJsonTrait.php" line="34" class="Tests\Feature\Playground\Crm\Resource\Http\Controllers\Playground\ClientRouteTest" classname="Tests.Feature.Playground.Crm.Resource.Http.Controllers.Playground.ClientRouteTest" assertions="1" time="0.197599"/>
        <testcase name="test_json_admin_can_get_index" file="/app/vendor/gammamatrix/playground-test/src/Feature/Http/Controllers/Resource/Playground/IndexJsonTrait.php" line="49" class="Tests\Feature\Playground\Crm\Resource\Http\Controllers\Playground\ClientRouteTest" classname="Tests.Feature.Playground.Crm.Resource.Http.Controllers.Playground.ClientRouteTest" assertions="101" time="0.231679"/>
        <testcase name="test_json_admin_can_get_index_with_filters" file="/app/vendor/gammamatrix/playground-test/src/Feature/Http/Controllers/Resource/Playground/IndexJsonTrait.php" line="85" class="Tests\Feature\Playground\Crm\Resource\Http\Controllers\Playground\ClientRouteTest" classname="Tests.Feature.Playground.Crm.Resource.Http.Controllers.Playground.ClientRouteTest" assertions="3" time="0.219515"/>
        <testcase name="test_guest_cannot_render_index_view" file="/app/vendor/gammamatrix/playground-test/src/Feature/Http/Controllers/Resource/Playground/IndexTrait.php" line="29" class="Tests\Feature\Playground\Crm\Resource\Http\Controllers\Playground\ClientRouteTest" classname="Tests.Feature.Playground.Crm.Resource.Http.Controllers.Playground.ClientRouteTest" assertions="1" time="0.204219"/>
        <testcase name="test_admin_can_render_index_view" file="/app/vendor/gammamatrix/playground-test/src/Feature/Http/Controllers/Resource/Playground/IndexTrait.php" line="44" class="Tests\Feature\Playground\Crm\Resource\Http\Controllers\Playground\ClientRouteTest" classname="Tests.Feature.Playground.Crm.Resource.Http.Controllers.Playground.ClientRouteTest" assertions="2" time="0.324131"/>
        <testcase name="test_admin_can_render_index_view_with_filters" file="/app/vendor/gammamatrix/playground-test/src/Feature/Http/Controllers/Resource/Playground/IndexTrait.php" line="77" class="Tests\Feature\Playground\Crm\Resource\Http\Controllers\Playground\ClientRouteTest" classname="Tests.Feature.Playground.Crm.Resource.Http.Controllers.Playground.ClientRouteTest" assertions="3" time="0.248565"/>
        <testcase name="test_json_guest_cannot_lock" file="/app/vendor/gammamatrix/playground-test/src/Feature/Http/Controllers/Resource/Playground/LockJsonTrait.php" line="36" class="Tests\Feature\Playground\Crm\Resource\Http\Controllers\Playground\ClientRouteTest" classname="Tests.Feature.Playground.Crm.Resource.Http.Controllers.Playground.ClientRouteTest" assertions="3" time="0.204425"/>
        <testcase name="test_json_lock_as_admin_and_succeed" file="/app/vendor/gammamatrix/playground-test/src/Feature/Http/Controllers/Resource/Playground/LockJsonTrait.php" line="66" class="Tests\Feature\Playground\Crm\Resource\Http\Controllers\Playground\ClientRouteTest" classname="Tests.Feature.Playground.Crm.Resource.Http.Controllers.Playground.ClientRouteTest" assertions="3" time="0.219032"/>
        <testcase name="test_json_lock_as_admin_and_succeed_with_no_redirect" file="/app/vendor/gammamatrix/playground-test/src/Feature/Http/Controllers/Resource/Playground/LockJsonTrait.php" line="98" class="Tests\Feature\Playground\Crm\Resource\Http\Controllers\Playground\ClientRouteTest" classname="Tests.Feature.Playground.Crm.Resource.Http.Controllers.Playground.ClientRouteTest" assertions="96" time="0.220349"/>
        <testcase name="test_json_lock_as_user_and_get_denied" file="/app/vendor/gammamatrix/playground-test/src/Feature/Http/Controllers/Resource/Playground/LockJsonTrait.php" line="143" class="Tests\Feature\Playground\Crm\Resource\Http\Controllers\Playground\ClientRouteTest" classname="Tests.Feature.Playground.Crm.Resource.Http.Controllers.Playground.ClientRouteTest" assertions="3" time="0.210761"/>
        <testcase name="test_guest_cannot_lock" file="/app/vendor/gammamatrix/playground-test/src/Feature/Http/Controllers/Resource/Playground/LockTrait.php" line="31" class="Tests\Feature\Playground\Crm\Resource\Http\Controllers\Playground\ClientRouteTest" classname="Tests.Feature.Playground.Crm.Resource.Http.Controllers.Playground.ClientRouteTest" assertions="3" time="0.204803"/>
        <testcase name="test_lock_as_admin_and_succeed" file="/app/vendor/gammamatrix/playground-test/src/Feature/Http/Controllers/Resource/Playground/LockTrait.php" line="61" class="Tests\Feature\Playground\Crm\Resource\Http\Controllers\Playground\ClientRouteTest" classname="Tests.Feature.Playground.Crm.Resource.Http.Controllers.Playground.ClientRouteTest" assertions="4" time="0.220535"/>
        <testcase name="test_lock_as_admin_and_succeed_with_redirect_to_index_with_sorted_by_locked_desc" file="/app/vendor/gammamatrix/playground-test/src/Feature/Http/Controllers/Resource/Playground/LockTrait.php" line="95" class="Tests\Feature\Playground\Crm\Resource\Http\Controllers\Playground\ClientRouteTest" classname="Tests.Feature.Playground.Crm.Resource.Http.Controllers.Playground.ClientRouteTest" assertions="4" time="0.214991"/>
        <testcase name="test_lock_as_user_and_get_denied" file="/app/vendor/gammamatrix/playground-test/src/Feature/Http/Controllers/Resource/Playground/LockTrait.php" line="132" class="Tests\Feature\Playground\Crm\Resource\Http\Controllers\Playground\ClientRouteTest" classname="Tests.Feature.Playground.Crm.Resource.Http.Controllers.Playground.ClientRouteTest" assertions="3" time="0.219169"/>
        <testcase name="test_json_guest_cannot_restore" file="/app/vendor/gammamatrix/playground-test/src/Feature/Http/Controllers/Resource/Playground/RestoreJsonTrait.php" line="32" class="Tests\Feature\Playground\Crm\Resource\Http\Controllers\Playground\ClientRouteTest" classname="Tests.Feature.Playground.Crm.Resource.Http.Controllers.Playground.ClientRouteTest" assertions="3" time="0.202182"/>
        <testcase name="test_json_restore_as_admin_and_succeed" file="/app/vendor/gammamatrix/playground-test/src/Feature/Http/Controllers/Resource/Playground/RestoreJsonTrait.php" line="64" class="Tests\Feature\Playground\Crm\Resource\Http\Controllers\Playground\ClientRouteTest" classname="Tests.Feature.Playground.Crm.Resource.Http.Controllers.Playground.ClientRouteTest" assertions="96" time="0.224357"/>
        <testcase name="test_json_restore_as_admin_and_succeed_with_no_redirect" file="/app/vendor/gammamatrix/playground-test/src/Feature/Http/Controllers/Resource/Playground/RestoreJsonTrait.php" line="100" class="Tests\Feature\Playground\Crm\Resource\Http\Controllers\Playground\ClientRouteTest" classname="Tests.Feature.Playground.Crm.Resource.Http.Controllers.Playground.ClientRouteTest" assertions="96" time="0.223537"/>
        <testcase name="test_json_restore_as_user_and_get_denied" file="/app/vendor/gammamatrix/playground-test/src/Feature/Http/Controllers/Resource/Playground/RestoreJsonTrait.php" line="143" class="Tests\Feature\Playground\Crm\Resource\Http\Controllers\Playground\ClientRouteTest" classname="Tests.Feature.Playground.Crm.Resource.Http.Controllers.Playground.ClientRouteTest" assertions="3" time="0.214272"/>
        <testcase name="test_guest_cannot_restore" file="/app/vendor/gammamatrix/playground-test/src/Feature/Http/Controllers/Resource/Playground/RestoreTrait.php" line="32" class="Tests\Feature\Playground\Crm\Resource\Http\Controllers\Playground\ClientRouteTest" classname="Tests.Feature.Playground.Crm.Resource.Http.Controllers.Playground.ClientRouteTest" assertions="3" time="0.204556"/>
        <testcase name="test_restore_as_admin_and_succeed" file="/app/vendor/gammamatrix/playground-test/src/Feature/Http/Controllers/Resource/Playground/RestoreTrait.php" line="64" class="Tests\Feature\Playground\Crm\Resource\Http\Controllers\Playground\ClientRouteTest" classname="Tests.Feature.Playground.Crm.Resource.Http.Controllers.Playground.ClientRouteTest" assertions="4" time="0.228305"/>
        <testcase name="test_restore_as_admin_and_succeed_with_redirect_to_index_with_only_trash" file="/app/vendor/gammamatrix/playground-test/src/Feature/Http/Controllers/Resource/Playground/RestoreTrait.php" line="100" class="Tests\Feature\Playground\Crm\Resource\Http\Controllers\Playground\ClientRouteTest" classname="Tests.Feature.Playground.Crm.Resource.Http.Controllers.Playground.ClientRouteTest" assertions="4" time="0.218965"/>
        <testcase name="test_restore_as_user_and_get_denied" file="/app/vendor/gammamatrix/playground-test/src/Feature/Http/Controllers/Resource/Playground/RestoreTrait.php" line="146" class="Tests\Feature\Playground\Crm\Resource\Http\Controllers\Playground\ClientRouteTest" classname="Tests.Feature.Playground.Crm.Resource.Http.Controllers.Playground.ClientRouteTest" assertions="3" time="0.212888"/>
        <testcase name="test_json_guest_cannot_see_info" file="/app/vendor/gammamatrix/playground-test/src/Feature/Http/Controllers/Resource/Playground/ShowJsonTrait.php" line="29" class="Tests\Feature\Playground\Crm\Resource\Http\Controllers\Playground\ClientRouteTest" classname="Tests.Feature.Playground.Crm.Resource.Http.Controllers.Playground.ClientRouteTest" assertions="1" time="0.208638"/>
        <testcase name="test_json_show_info_for_admin" file="/app/vendor/gammamatrix/playground-test/src/Feature/Http/Controllers/Resource/Playground/ShowJsonTrait.php" line="49" class="Tests\Feature\Playground\Crm\Resource\Http\Controllers\Playground\ClientRouteTest" classname="Tests.Feature.Playground.Crm.Resource.Http.Controllers.Playground.ClientRouteTest" assertions="95" time="0.221364"/>
        <testcase name="test_guest_cannot_render_show_view" file="/app/vendor/gammamatrix/playground-test/src/Feature/Http/Controllers/Resource/Playground/ShowTrait.php" line="29" class="Tests\Feature\Playground\Crm\Resource\Http\Controllers\Playground\ClientRouteTest" classname="Tests.Feature.Playground.Crm.Resource.Http.Controllers.Playground.ClientRouteTest" assertions="1" time="0.214830"/>
        <testcase name="test_show_view_rendered_by_admin" file="/app/vendor/gammamatrix/playground-test/src/Feature/Http/Controllers/Resource/Playground/ShowTrait.php" line="49" class="Tests\Feature\Playground\Crm\Resource\Http\Controllers\Playground\ClientRouteTest" classname="Tests.Feature.Playground.Crm.Resource.Http.Controllers.Playground.ClientRouteTest" assertions="2" time="0.242958"/>
        <testcase name="test_json_guest_cannot_store" file="/app/vendor/gammamatrix/playground-test/src/Feature/Http/Controllers/Resource/Playground/StoreJsonTrait.php" line="43" class="Tests\Feature\Playground\Crm\Resource\Http\Controllers\Playground\ClientRouteTest" classname="Tests.Feature.Playground.Crm.Resource.Http.Controllers.Playground.ClientRouteTest" assertions="3" time="0.206303"/>
        <testcase name="test_json_store_as_admin_without_payload_and_fail_validation" file="/app/vendor/gammamatrix/playground-test/src/Feature/Http/Controllers/Resource/Playground/StoreJsonTrait.php" line="66" class="Tests\Feature\Playground\Crm\Resource\Http\Controllers\Playground\ClientRouteTest" classname="Tests.Feature.Playground.Crm.Resource.Http.Controllers.Playground.ClientRouteTest" assertions="5" time="0.220735"/>
        <testcase name="test_json_store_as_admin_and_succeed" file="/app/vendor/gammamatrix/playground-test/src/Feature/Http/Controllers/Resource/Playground/StoreJsonTrait.php" line="92" class="Tests\Feature\Playground\Crm\Resource\Http\Controllers\Playground\ClientRouteTest" classname="Tests.Feature.Playground.Crm.Resource.Http.Controllers.Playground.ClientRouteTest" assertions="3" time="0.273044"/>
        <testcase name="test_guest_cannot_store" file="/app/vendor/gammamatrix/playground-test/src/Feature/Http/Controllers/Resource/Playground/StoreTrait.php" line="38" class="Tests\Feature\Playground\Crm\Resource\Http\Controllers\Playground\ClientRouteTest" classname="Tests.Feature.Playground.Crm.Resource.Http.Controllers.Playground.ClientRouteTest" assertions="3" time="0.203083"/>
        <testcase name="test_store_as_admin_without_payload_and_fail_validation" file="/app/vendor/gammamatrix/playground-test/src/Feature/Http/Controllers/Resource/Playground/StoreTrait.php" line="61" class="Tests\Feature\Playground\Crm\Resource\Http\Controllers\Playground\ClientRouteTest" classname="Tests.Feature.Playground.Crm.Resource.Http.Controllers.Playground.ClientRouteTest" assertions="5" time="0.216229"/>
        <testcase name="test_store_as_admin_and_succeed" file="/app/vendor/gammamatrix/playground-test/src/Feature/Http/Controllers/Resource/Playground/StoreTrait.php" line="90" class="Tests\Feature\Playground\Crm\Resource\Http\Controllers\Playground\ClientRouteTest" classname="Tests.Feature.Playground.Crm.Resource.Http.Controllers.Playground.ClientRouteTest" assertions="4" time="0.240069"/>
        <testcase name="test_store_as_admin_and_succeed_with_return_url" file="/app/vendor/gammamatrix/playground-test/src/Feature/Http/Controllers/Resource/Playground/StoreTrait.php" line="135" class="Tests\Feature\Playground\Crm\Resource\Http\Controllers\Playground\ClientRouteTest" classname="Tests.Feature.Playground.Crm.Resource.Http.Controllers.Playground.ClientRouteTest" assertions="4" time="0.240109"/>
        <testcase name="test_json_guest_cannot_unlock" file="/app/vendor/gammamatrix/playground-test/src/Feature/Http/Controllers/Resource/Playground/UnlockJsonTrait.php" line="36" class="Tests\Feature\Playground\Crm\Resource\Http\Controllers\Playground\ClientRouteTest" classname="Tests.Feature.Playground.Crm.Resource.Http.Controllers.Playground.ClientRouteTest" assertions="3" time="0.219420"/>
        <testcase name="test_json_unlock_as_admin_and_succeed" file="/app/vendor/gammamatrix/playground-test/src/Feature/Http/Controllers/Resource/Playground/UnlockJsonTrait.php" line="68" class="Tests\Feature\Playground\Crm\Resource\Http\Controllers\Playground\ClientRouteTest" classname="Tests.Feature.Playground.Crm.Resource.Http.Controllers.Playground.ClientRouteTest" assertions="96" time="0.226166"/>
        <testcase name="test_json_unlock_as_admin_and_succeed_with_no_redirect" file="/app/vendor/gammamatrix/playground-test/src/Feature/Http/Controllers/Resource/Playground/UnlockJsonTrait.php" line="104" class="Tests\Feature\Playground\Crm\Resource\Http\Controllers\Playground\ClientRouteTest" classname="Tests.Feature.Playground.Crm.Resource.Http.Controllers.Playground.ClientRouteTest" assertions="96" time="0.232900"/>
        <testcase name="test_json_unlock_as_user_and_get_denied" file="/app/vendor/gammamatrix/playground-test/src/Feature/Http/Controllers/Resource/Playground/UnlockJsonTrait.php" line="145" class="Tests\Feature\Playground\Crm\Resource\Http\Controllers\Playground\ClientRouteTest" classname="Tests.Feature.Playground.Crm.Resource.Http.Controllers.Playground.ClientRouteTest" assertions="3" time="0.218426"/>
        <testcase name="test_guest_cannot_unlock" file="/app/vendor/gammamatrix/playground-test/src/Feature/Http/Controllers/Resource/Playground/UnlockTrait.php" line="36" class="Tests\Feature\Playground\Crm\Resource\Http\Controllers\Playground\ClientRouteTest" classname="Tests.Feature.Playground.Crm.Resource.Http.Controllers.Playground.ClientRouteTest" assertions="3" time="0.216944"/>
        <testcase name="test_unlock_as_admin_and_succeed" file="/app/vendor/gammamatrix/playground-test/src/Feature/Http/Controllers/Resource/Playground/UnlockTrait.php" line="68" class="Tests\Feature\Playground\Crm\Resource\Http\Controllers\Playground\ClientRouteTest" classname="Tests.Feature.Playground.Crm.Resource.Http.Controllers.Playground.ClientRouteTest" assertions="4" time="0.223372"/>
        <testcase name="test_unlock_as_admin_and_succeed_with_redirect_to_index_with_sorted_by_unlocked_desc" file="/app/vendor/gammamatrix/playground-test/src/Feature/Http/Controllers/Resource/Playground/UnlockTrait.php" line="109" class="Tests\Feature\Playground\Crm\Resource\Http\Controllers\Playground\ClientRouteTest" classname="Tests.Feature.Playground.Crm.Resource.Http.Controllers.Playground.ClientRouteTest" assertions="4" time="0.222194"/>
        <testcase name="test_unlock_as_user_and_get_denied" file="/app/vendor/gammamatrix/playground-test/src/Feature/Http/Controllers/Resource/Playground/UnlockTrait.php" line="148" class="Tests\Feature\Playground\Crm\Resource\Http\Controllers\Playground\ClientRouteTest" classname="Tests.Feature.Playground.Crm.Resource.Http.Controllers.Playground.ClientRouteTest" assertions="3" time="0.219792"/>
        <testcase name="test_json_guest_cannot_update" file="/app/vendor/gammamatrix/playground-test/src/Feature/Http/Controllers/Resource/Playground/UpdateJsonTrait.php" line="45" class="Tests\Feature\Playground\Crm\Resource\Http\Controllers\Playground\ClientRouteTest" classname="Tests.Feature.Playground.Crm.Resource.Http.Controllers.Playground.ClientRouteTest" assertions="1" time="0.208794"/>
        <testcase name="test_json_update_as_admin_without_payload_and_fail_validation" file="/app/vendor/gammamatrix/playground-test/src/Feature/Http/Controllers/Resource/Playground/UpdateJsonTrait.php" line="65" class="Tests\Feature\Playground\Crm\Resource\Http\Controllers\Playground\ClientRouteTest" classname="Tests.Feature.Playground.Crm.Resource.Http.Controllers.Playground.ClientRouteTest" assertions="4" time="0.234589"/>
        <testcase name="test_json_admin_can_update" file="/app/vendor/gammamatrix/playground-test/src/Feature/Http/Controllers/Resource/Playground/UpdateJsonTrait.php" line="90" class="Tests\Feature\Playground\Crm\Resource\Http\Controllers\Playground\ClientRouteTest" classname="Tests.Feature.Playground.Crm.Resource.Http.Controllers.Playground.ClientRouteTest" assertions="98" time="0.277930"/>
        <testcase name="test_guest_cannot_update" file="/app/vendor/gammamatrix/playground-test/src/Feature/Http/Controllers/Resource/Playground/UpdateTrait.php" line="45" class="Tests\Feature\Playground\Crm\Resource\Http\Controllers\Playground\ClientRouteTest" classname="Tests.Feature.Playground.Crm.Resource.Http.Controllers.Playground.ClientRouteTest" assertions="1" time="0.214951"/>
        <testcase name="test_update_as_admin_without_payload_and_fail_validation" file="/app/vendor/gammamatrix/playground-test/src/Feature/Http/Controllers/Resource/Playground/UpdateTrait.php" line="65" class="Tests\Feature\Playground\Crm\Resource\Http\Controllers\Playground\ClientRouteTest" classname="Tests.Feature.Playground.Crm.Resource.Http.Controllers.Playground.ClientRouteTest" assertions="4" time="0.223667"/>
        <testcase name="test_admin_can_update" file="/app/vendor/gammamatrix/playground-test/src/Feature/Http/Controllers/Resource/Playground/UpdateTrait.php" line="90" class="Tests\Feature\Playground\Crm\Resource\Http\Controllers\Playground\ClientRouteTest" classname="Tests.Feature.Playground.Crm.Resource.Http.Controllers.Playground.ClientRouteTest" assertions="6" time="0.271297"/>
        <testcase name="test_admin_can_update_view_with_return_url" file="/app/vendor/gammamatrix/playground-test/src/Feature/Http/Controllers/Resource/Playground/UpdateTrait.php" line="133" class="Tests\Feature\Playground\Crm\Resource\Http\Controllers\Playground\ClientRouteTest" classname="Tests.Feature.Playground.Crm.Resource.Http.Controllers.Playground.ClientRouteTest" assertions="6" time="0.265429"/>
      </testsuite>
      <testsuite name="Tests\Feature\Playground\Crm\Resource\Http\Controllers\Playground\ContactRouteTest" file="/app/tests/Feature/Http/Controllers/Playground/ContactRouteTest.php" tests="73" assertions="1074" errors="0" failures="0" skipped="0" time="16.199945">
        <testcase name="test_json_guest_cannot_get_create_info" file="/app/vendor/gammamatrix/playground-test/src/Feature/Http/Controllers/Resource/Playground/CreateJsonTrait.php" line="38" class="Tests\Feature\Playground\Crm\Resource\Http\Controllers\Playground\ContactRouteTest" classname="Tests.Feature.Playground.Crm.Resource.Http.Controllers.Playground.ContactRouteTest" assertions="1" time="0.242325"/>
        <testcase name="test_json_admin_can_get_create_info" file="/app/vendor/gammamatrix/playground-test/src/Feature/Http/Controllers/Resource/Playground/CreateJsonTrait.php" line="53" class="Tests\Feature\Playground\Crm\Resource\Http\Controllers\Playground\ContactRouteTest" classname="Tests.Feature.Playground.Crm.Resource.Http.Controllers.Playground.ContactRouteTest" assertions="94" time="0.208616"/>
        <testcase name="test_json_get_create_info_as_admin_with_invalid_parameter_and_fail_validation" file="/app/vendor/gammamatrix/playground-test/src/Feature/Http/Controllers/Resource/Playground/CreateJsonTrait.php" line="73" class="Tests\Feature\Playground\Crm\Resource\Http\Controllers\Playground\ContactRouteTest" classname="Tests.Feature.Playground.Crm.Resource.Http.Controllers.Playground.ContactRouteTest" assertions="4" time="0.211660"/>
        <testcase name="test_guest_cannot_render_create_view" file="/app/vendor/gammamatrix/playground-test/src/Feature/Http/Controllers/Resource/Playground/CreateTrait.php" line="33" class="Tests\Feature\Playground\Crm\Resource\Http\Controllers\Playground\ContactRouteTest" classname="Tests.Feature.Playground.Crm.Resource.Http.Controllers.Playground.ContactRouteTest" assertions="1" time="0.182855"/>
        <testcase name="test_admin_can_render_create_view" file="/app/vendor/gammamatrix/playground-test/src/Feature/Http/Controllers/Resource/Playground/CreateTrait.php" line="47" class="Tests\Feature\Playground\Crm\Resource\Http\Controllers\Playground\ContactRouteTest" classname="Tests.Feature.Playground.Crm.Resource.Http.Controllers.Playground.ContactRouteTest" assertions="2" time="0.245308"/>
        <testcase name="test_admin_can_render_create_view_with_return_url" file="/app/vendor/gammamatrix/playground-test/src/Feature/Http/Controllers/Resource/Playground/CreateTrait.php" line="65" class="Tests\Feature\Playground\Crm\Resource\Http\Controllers\Playground\ContactRouteTest" classname="Tests.Feature.Playground.Crm.Resource.Http.Controllers.Playground.ContactRouteTest" assertions="3" time="0.227396"/>
        <testcase name="test_create_view_as_admin_with_invalid_parameter_and_fail_validation_and_redirect" file="/app/vendor/gammamatrix/playground-test/src/Feature/Http/Controllers/Resource/Playground/CreateTrait.php" line="92" class="Tests\Feature\Playground\Crm\Resource\Http\Controllers\Playground\ContactRouteTest" classname="Tests.Feature.Playground.Crm.Resource.Http.Controllers.Playground.ContactRouteTest" assertions="5" time="0.203731"/>
        <testcase name="test_json_guest_cannot_destroy" file="/app/vendor/gammamatrix/playground-test/src/Feature/Http/Controllers/Resource/Playground/DestroyJsonTrait.php" line="31" class="Tests\Feature\Playground\Crm\Resource\Http\Controllers\Playground\ContactRouteTest" classname="Tests.Feature.Playground.Crm.Resource.Http.Controllers.Playground.ContactRouteTest" assertions="3" time="0.199280"/>
        <testcase name="test_json_destroy_as_admin_and_succeed" file="/app/vendor/gammamatrix/playground-test/src/Feature/Http/Controllers/Resource/Playground/DestroyJsonTrait.php" line="61" class="Tests\Feature\Playground\Crm\Resource\Http\Controllers\Playground\ContactRouteTest" classname="Tests.Feature.Playground.Crm.Resource.Http.Controllers.Playground.ContactRouteTest" assertions="5" time="0.205005"/>
        <testcase name="test_json_destroy_as_admin_and_succeed_with_force_delete" file="/app/vendor/gammamatrix/playground-test/src/Feature/Http/Controllers/Resource/Playground/DestroyJsonTrait.php" line="100" class="Tests\Feature\Playground\Crm\Resource\Http\Controllers\Playground\ContactRouteTest" classname="Tests.Feature.Playground.Crm.Resource.Http.Controllers.Playground.ContactRouteTest" assertions="4" time="0.206029"/>
        <testcase name="test_json_destroy_as_admin_and_succeed_with_no_content" file="/app/vendor/gammamatrix/playground-test/src/Feature/Http/Controllers/Resource/Playground/DestroyJsonTrait.php" line="132" class="Tests\Feature\Playground\Crm\Resource\Http\Controllers\Playground\ContactRouteTest" classname="Tests.Feature.Playground.Crm.Resource.Http.Controllers.Playground.ContactRouteTest" assertions="5" time="0.204772"/>
        <testcase name="test_json_destroy_as_admin_and_succeed_and_ignore_redirect" file="/app/vendor/gammamatrix/playground-test/src/Feature/Http/Controllers/Resource/Playground/DestroyJsonTrait.php" line="167" class="Tests\Feature\Playground\Crm\Resource\Http\Controllers\Playground\ContactRouteTest" classname="Tests.Feature.Playground.Crm.Resource.Http.Controllers.Playground.ContactRouteTest" assertions="5" time="0.208061"/>
        <testcase name="test_json_destroy_as_user_and_get_denied_and_no_force_delete_allowed" file="/app/vendor/gammamatrix/playground-test/src/Feature/Http/Controllers/Resource/Playground/DestroyJsonTrait.php" line="209" class="Tests\Feature\Playground\Crm\Resource\Http\Controllers\Playground\ContactRouteTest" classname="Tests.Feature.Playground.Crm.Resource.Http.Controllers.Playground.ContactRouteTest" assertions="3" time="0.211791"/>
        <testcase name="test_guest_cannot_destroy" file="/app/vendor/gammamatrix/playground-test/src/Feature/Http/Controllers/Resource/Playground/DestroyTrait.php" line="31" class="Tests\Feature\Playground\Crm\Resource\Http\Controllers\Playground\ContactRouteTest" classname="Tests.Feature.Playground.Crm.Resource.Http.Controllers.Playground.ContactRouteTest" assertions="3" time="0.206547"/>
        <testcase name="test_destroy_as_admin_and_succeed" file="/app/vendor/gammamatrix/playground-test/src/Feature/Http/Controllers/Resource/Playground/DestroyTrait.php" line="61" class="Tests\Feature\Playground\Crm\Resource\Http\Controllers\Playground\ContactRouteTest" classname="Tests.Feature.Playground.Crm.Resource.Http.Controllers.Playground.ContactRouteTest" assertions="5" time="0.206608"/>
        <testcase name="test_destroy_as_admin_and_succeed_with_force_delete" file="/app/vendor/gammamatrix/playground-test/src/Feature/Http/Controllers/Resource/Playground/DestroyTrait.php" line="97" class="Tests\Feature\Playground\Crm\Resource\Http\Controllers\Playground\ContactRouteTest" classname="Tests.Feature.Playground.Crm.Resource.Http.Controllers.Playground.ContactRouteTest" assertions="4" time="0.206943"/>
        <testcase name="test_destroy_as_admin_and_succeed_with_redirect_to_index_with_trash" file="/app/vendor/gammamatrix/playground-test/src/Feature/Http/Controllers/Resource/Playground/DestroyTrait.php" line="129" class="Tests\Feature\Playground\Crm\Resource\Http\Controllers\Playground\ContactRouteTest" classname="Tests.Feature.Playground.Crm.Resource.Http.Controllers.Playground.ContactRouteTest" assertions="5" time="0.209850"/>
        <testcase name="test_destroy_as_user_and_get_denied_and_no_force_delete_allowed" file="/app/vendor/gammamatrix/playground-test/src/Feature/Http/Controllers/Resource/Playground/DestroyTrait.php" line="171" class="Tests\Feature\Playground\Crm\Resource\Http\Controllers\Playground\ContactRouteTest" classname="Tests.Feature.Playground.Crm.Resource.Http.Controllers.Playground.ContactRouteTest" assertions="3" time="0.216377"/>
        <testcase name="test_json_guest_cannot_get_edit_info" file="/app/vendor/gammamatrix/playground-test/src/Feature/Http/Controllers/Resource/Playground/EditJsonTrait.php" line="38" class="Tests\Feature\Playground\Crm\Resource\Http\Controllers\Playground\ContactRouteTest" classname="Tests.Feature.Playground.Crm.Resource.Http.Controllers.Playground.ContactRouteTest" assertions="1" time="0.197166"/>
        <testcase name="test_json_admin_can_get_edit_info" file="/app/vendor/gammamatrix/playground-test/src/Feature/Http/Controllers/Resource/Playground/EditJsonTrait.php" line="58" class="Tests\Feature\Playground\Crm\Resource\Http\Controllers\Playground\ContactRouteTest" classname="Tests.Feature.Playground.Crm.Resource.Http.Controllers.Playground.ContactRouteTest" assertions="4" time="0.220102"/>
        <testcase name="test_json_edit_as_admin_and_fail_validation_with_invalid_parameter" file="/app/vendor/gammamatrix/playground-test/src/Feature/Http/Controllers/Resource/Playground/EditJsonTrait.php" line="87" class="Tests\Feature\Playground\Crm\Resource\Http\Controllers\Playground\ContactRouteTest" classname="Tests.Feature.Playground.Crm.Resource.Http.Controllers.Playground.ContactRouteTest" assertions="4" time="0.217436"/>
        <testcase name="test_guest_cannot_render_edit_view" file="/app/vendor/gammamatrix/playground-test/src/Feature/Http/Controllers/Resource/Playground/EditTrait.php" line="33" class="Tests\Feature\Playground\Crm\Resource\Http\Controllers\Playground\ContactRouteTest" classname="Tests.Feature.Playground.Crm.Resource.Http.Controllers.Playground.ContactRouteTest" assertions="1" time="0.209027"/>
        <testcase name="test_admin_can_render_edit_view" file="/app/vendor/gammamatrix/playground-test/src/Feature/Http/Controllers/Resource/Playground/EditTrait.php" line="53" class="Tests\Feature\Playground\Crm\Resource\Http\Controllers\Playground\ContactRouteTest" classname="Tests.Feature.Playground.Crm.Resource.Http.Controllers.Playground.ContactRouteTest" assertions="2" time="0.241699"/>
        <testcase name="test_admin_can_render_edit_view_with_return_url" file="/app/vendor/gammamatrix/playground-test/src/Feature/Http/Controllers/Resource/Playground/EditTrait.php" line="77" class="Tests\Feature\Playground\Crm\Resource\Http\Controllers\Playground\ContactRouteTest" classname="Tests.Feature.Playground.Crm.Resource.Http.Controllers.Playground.ContactRouteTest" assertions="3" time="0.237999"/>
        <testcase name="test_edit_view_as_admin_with_invalid_parameter_and_fail_validation_and_redirect" file="/app/vendor/gammamatrix/playground-test/src/Feature/Http/Controllers/Resource/Playground/EditTrait.php" line="109" class="Tests\Feature\Playground\Crm\Resource\Http\Controllers\Playground\ContactRouteTest" classname="Tests.Feature.Playground.Crm.Resource.Http.Controllers.Playground.ContactRouteTest" assertions="4" time="0.217385"/>
        <testcase name="test_json_guest_cannot_get_index" file="/app/vendor/gammamatrix/playground-test/src/Feature/Http/Controllers/Resource/Playground/IndexJsonTrait.php" line="34" class="Tests\Feature\Playground\Crm\Resource\Http\Controllers\Playground\ContactRouteTest" classname="Tests.Feature.Playground.Crm.Resource.Http.Controllers.Playground.ContactRouteTest" assertions="1" time="0.200286"/>
        <testcase name="test_json_admin_can_get_index" file="/app/vendor/gammamatrix/playground-test/src/Feature/Http/Controllers/Resource/Playground/IndexJsonTrait.php" line="49" class="Tests\Feature\Playground\Crm\Resource\Http\Controllers\Playground\ContactRouteTest" classname="Tests.Feature.Playground.Crm.Resource.Http.Controllers.Playground.ContactRouteTest" assertions="101" time="0.231671"/>
        <testcase name="test_json_admin_can_get_index_with_filters" file="/app/vendor/gammamatrix/playground-test/src/Feature/Http/Controllers/Resource/Playground/IndexJsonTrait.php" line="85" class="Tests\Feature\Playground\Crm\Resource\Http\Controllers\Playground\ContactRouteTest" classname="Tests.Feature.Playground.Crm.Resource.Http.Controllers.Playground.ContactRouteTest" assertions="3" time="0.221734"/>
        <testcase name="test_guest_cannot_render_index_view" file="/app/vendor/gammamatrix/playground-test/src/Feature/Http/Controllers/Resource/Playground/IndexTrait.php" line="29" class="Tests\Feature\Playground\Crm\Resource\Http\Controllers\Playground\ContactRouteTest" classname="Tests.Feature.Playground.Crm.Resource.Http.Controllers.Playground.ContactRouteTest" assertions="1" time="0.202087"/>
        <testcase name="test_admin_can_render_index_view" file="/app/vendor/gammamatrix/playground-test/src/Feature/Http/Controllers/Resource/Playground/IndexTrait.php" line="44" class="Tests\Feature\Playground\Crm\Resource\Http\Controllers\Playground\ContactRouteTest" classname="Tests.Feature.Playground.Crm.Resource.Http.Controllers.Playground.ContactRouteTest" assertions="2" time="0.261730"/>
        <testcase name="test_admin_can_render_index_view_with_filters" file="/app/vendor/gammamatrix/playground-test/src/Feature/Http/Controllers/Resource/Playground/IndexTrait.php" line="77" class="Tests\Feature\Playground\Crm\Resource\Http\Controllers\Playground\ContactRouteTest" classname="Tests.Feature.Playground.Crm.Resource.Http.Controllers.Playground.ContactRouteTest" assertions="3" time="0.248965"/>
        <testcase name="test_json_guest_cannot_lock" file="/app/vendor/gammamatrix/playground-test/src/Feature/Http/Controllers/Resource/Playground/LockJsonTrait.php" line="36" class="Tests\Feature\Playground\Crm\Resource\Http\Controllers\Playground\ContactRouteTest" classname="Tests.Feature.Playground.Crm.Resource.Http.Controllers.Playground.ContactRouteTest" assertions="3" time="0.203339"/>
        <testcase name="test_json_lock_as_admin_and_succeed" file="/app/vendor/gammamatrix/playground-test/src/Feature/Http/Controllers/Resource/Playground/LockJsonTrait.php" line="66" class="Tests\Feature\Playground\Crm\Resource\Http\Controllers\Playground\ContactRouteTest" classname="Tests.Feature.Playground.Crm.Resource.Http.Controllers.Playground.ContactRouteTest" assertions="3" time="0.222815"/>
        <testcase name="test_json_lock_as_admin_and_succeed_with_no_redirect" file="/app/vendor/gammamatrix/playground-test/src/Feature/Http/Controllers/Resource/Playground/LockJsonTrait.php" line="98" class="Tests\Feature\Playground\Crm\Resource\Http\Controllers\Playground\ContactRouteTest" classname="Tests.Feature.Playground.Crm.Resource.Http.Controllers.Playground.ContactRouteTest" assertions="96" time="0.223451"/>
        <testcase name="test_json_lock_as_user_and_get_denied" file="/app/vendor/gammamatrix/playground-test/src/Feature/Http/Controllers/Resource/Playground/LockJsonTrait.php" line="143" class="Tests\Feature\Playground\Crm\Resource\Http\Controllers\Playground\ContactRouteTest" classname="Tests.Feature.Playground.Crm.Resource.Http.Controllers.Playground.ContactRouteTest" assertions="3" time="0.211329"/>
        <testcase name="test_guest_cannot_lock" file="/app/vendor/gammamatrix/playground-test/src/Feature/Http/Controllers/Resource/Playground/LockTrait.php" line="31" class="Tests\Feature\Playground\Crm\Resource\Http\Controllers\Playground\ContactRouteTest" classname="Tests.Feature.Playground.Crm.Resource.Http.Controllers.Playground.ContactRouteTest" assertions="3" time="0.214951"/>
        <testcase name="test_lock_as_admin_and_succeed" file="/app/vendor/gammamatrix/playground-test/src/Feature/Http/Controllers/Resource/Playground/LockTrait.php" line="61" class="Tests\Feature\Playground\Crm\Resource\Http\Controllers\Playground\ContactRouteTest" classname="Tests.Feature.Playground.Crm.Resource.Http.Controllers.Playground.ContactRouteTest" assertions="4" time="0.225189"/>
        <testcase name="test_lock_as_admin_and_succeed_with_redirect_to_index_with_sorted_by_locked_desc" file="/app/vendor/gammamatrix/playground-test/src/Feature/Http/Controllers/Resource/Playground/LockTrait.php" line="95" class="Tests\Feature\Playground\Crm\Resource\Http\Controllers\Playground\ContactRouteTest" classname="Tests.Feature.Playground.Crm.Resource.Http.Controllers.Playground.ContactRouteTest" assertions="4" time="0.223314"/>
        <testcase name="test_lock_as_user_and_get_denied" file="/app/vendor/gammamatrix/playground-test/src/Feature/Http/Controllers/Resource/Playground/LockTrait.php" line="132" class="Tests\Feature\Playground\Crm\Resource\Http\Controllers\Playground\ContactRouteTest" classname="Tests.Feature.Playground.Crm.Resource.Http.Controllers.Playground.ContactRouteTest" assertions="3" time="0.212679"/>
        <testcase name="test_json_guest_cannot_restore" file="/app/vendor/gammamatrix/playground-test/src/Feature/Http/Controllers/Resource/Playground/RestoreJsonTrait.php" line="32" class="Tests\Feature\Playground\Crm\Resource\Http\Controllers\Playground\ContactRouteTest" classname="Tests.Feature.Playground.Crm.Resource.Http.Controllers.Playground.ContactRouteTest" assertions="3" time="0.205672"/>
        <testcase name="test_json_restore_as_admin_and_succeed" file="/app/vendor/gammamatrix/playground-test/src/Feature/Http/Controllers/Resource/Playground/RestoreJsonTrait.php" line="64" class="Tests\Feature\Playground\Crm\Resource\Http\Controllers\Playground\ContactRouteTest" classname="Tests.Feature.Playground.Crm.Resource.Http.Controllers.Playground.ContactRouteTest" assertions="96" time="0.234095"/>
        <testcase name="test_json_restore_as_admin_and_succeed_with_no_redirect" file="/app/vendor/gammamatrix/playground-test/src/Feature/Http/Controllers/Resource/Playground/RestoreJsonTrait.php" line="100" class="Tests\Feature\Playground\Crm\Resource\Http\Controllers\Playground\ContactRouteTest" classname="Tests.Feature.Playground.Crm.Resource.Http.Controllers.Playground.ContactRouteTest" assertions="96" time="0.225593"/>
        <testcase name="test_json_restore_as_user_and_get_denied" file="/app/vendor/gammamatrix/playground-test/src/Feature/Http/Controllers/Resource/Playground/RestoreJsonTrait.php" line="143" class="Tests\Feature\Playground\Crm\Resource\Http\Controllers\Playground\ContactRouteTest" classname="Tests.Feature.Playground.Crm.Resource.Http.Controllers.Playground.ContactRouteTest" assertions="3" time="0.212984"/>
        <testcase name="test_guest_cannot_restore" file="/app/vendor/gammamatrix/playground-test/src/Feature/Http/Controllers/Resource/Playground/RestoreTrait.php" line="32" class="Tests\Feature\Playground\Crm\Resource\Http\Controllers\Playground\ContactRouteTest" classname="Tests.Feature.Playground.Crm.Resource.Http.Controllers.Playground.ContactRouteTest" assertions="3" time="0.207970"/>
        <testcase name="test_restore_as_admin_and_succeed" file="/app/vendor/gammamatrix/playground-test/src/Feature/Http/Controllers/Resource/Playground/RestoreTrait.php" line="64" class="Tests\Feature\Playground\Crm\Resource\Http\Controllers\Playground\ContactRouteTest" classname="Tests.Feature.Playground.Crm.Resource.Http.Controllers.Playground.ContactRouteTest" assertions="4" time="0.226945"/>
        <testcase name="test_restore_as_admin_and_succeed_with_redirect_to_index_with_only_trash" file="/app/vendor/gammamatrix/playground-test/src/Feature/Http/Controllers/Resource/Playground/RestoreTrait.php" line="100" class="Tests\Feature\Playground\Crm\Resource\Http\Controllers\Playground\ContactRouteTest" classname="Tests.Feature.Playground.Crm.Resource.Http.Controllers.Playground.ContactRouteTest" assertions="4" time="0.223816"/>
        <testcase name="test_restore_as_user_and_get_denied" file="/app/vendor/gammamatrix/playground-test/src/Feature/Http/Controllers/Resource/Playground/RestoreTrait.php" line="146" class="Tests\Feature\Playground\Crm\Resource\Http\Controllers\Playground\ContactRouteTest" classname="Tests.Feature.Playground.Crm.Resource.Http.Controllers.Playground.ContactRouteTest" assertions="3" time="0.218290"/>
        <testcase name="test_json_guest_cannot_see_info" file="/app/vendor/gammamatrix/playground-test/src/Feature/Http/Controllers/Resource/Playground/ShowJsonTrait.php" line="29" class="Tests\Feature\Playground\Crm\Resource\Http\Controllers\Playground\ContactRouteTest" classname="Tests.Feature.Playground.Crm.Resource.Http.Controllers.Playground.ContactRouteTest" assertions="1" time="0.205550"/>
        <testcase name="test_json_show_info_for_admin" file="/app/vendor/gammamatrix/playground-test/src/Feature/Http/Controllers/Resource/Playground/ShowJsonTrait.php" line="49" class="Tests\Feature\Playground\Crm\Resource\Http\Controllers\Playground\ContactRouteTest" classname="Tests.Feature.Playground.Crm.Resource.Http.Controllers.Playground.ContactRouteTest" assertions="95" time="0.220863"/>
        <testcase name="test_guest_cannot_render_show_view" file="/app/vendor/gammamatrix/playground-test/src/Feature/Http/Controllers/Resource/Playground/ShowTrait.php" line="29" class="Tests\Feature\Playground\Crm\Resource\Http\Controllers\Playground\ContactRouteTest" classname="Tests.Feature.Playground.Crm.Resource.Http.Controllers.Playground.ContactRouteTest" assertions="1" time="0.216903"/>
        <testcase name="test_show_view_rendered_by_admin" file="/app/vendor/gammamatrix/playground-test/src/Feature/Http/Controllers/Resource/Playground/ShowTrait.php" line="49" class="Tests\Feature\Playground\Crm\Resource\Http\Controllers\Playground\ContactRouteTest" classname="Tests.Feature.Playground.Crm.Resource.Http.Controllers.Playground.ContactRouteTest" assertions="2" time="0.232038"/>
        <testcase name="test_json_guest_cannot_store" file="/app/vendor/gammamatrix/playground-test/src/Feature/Http/Controllers/Resource/Playground/StoreJsonTrait.php" line="43" class="Tests\Feature\Playground\Crm\Resource\Http\Controllers\Playground\ContactRouteTest" classname="Tests.Feature.Playground.Crm.Resource.Http.Controllers.Playground.ContactRouteTest" assertions="3" time="0.206214"/>
        <testcase name="test_json_store_as_admin_without_payload_and_fail_validation" file="/app/vendor/gammamatrix/playground-test/src/Feature/Http/Controllers/Resource/Playground/StoreJsonTrait.php" line="66" class="Tests\Feature\Playground\Crm\Resource\Http\Controllers\Playground\ContactRouteTest" classname="Tests.Feature.Playground.Crm.Resource.Http.Controllers.Playground.ContactRouteTest" assertions="5" time="0.216201"/>
        <testcase name="test_json_store_as_admin_and_succeed" file="/app/vendor/gammamatrix/playground-test/src/Feature/Http/Controllers/Resource/Playground/StoreJsonTrait.php" line="92" class="Tests\Feature\Playground\Crm\Resource\Http\Controllers\Playground\ContactRouteTest" classname="Tests.Feature.Playground.Crm.Resource.Http.Controllers.Playground.ContactRouteTest" assertions="3" time="0.263649"/>
        <testcase name="test_guest_cannot_store" file="/app/vendor/gammamatrix/playground-test/src/Feature/Http/Controllers/Resource/Playground/StoreTrait.php" line="38" class="Tests\Feature\Playground\Crm\Resource\Http\Controllers\Playground\ContactRouteTest" classname="Tests.Feature.Playground.Crm.Resource.Http.Controllers.Playground.ContactRouteTest" assertions="3" time="0.206632"/>
        <testcase name="test_store_as_admin_without_payload_and_fail_validation" file="/app/vendor/gammamatrix/playground-test/src/Feature/Http/Controllers/Resource/Playground/StoreTrait.php" line="61" class="Tests\Feature\Playground\Crm\Resource\Http\Controllers\Playground\ContactRouteTest" classname="Tests.Feature.Playground.Crm.Resource.Http.Controllers.Playground.ContactRouteTest" assertions="5" time="0.224344"/>
        <testcase name="test_store_as_admin_and_succeed" file="/app/vendor/gammamatrix/playground-test/src/Feature/Http/Controllers/Resource/Playground/StoreTrait.php" line="90" class="Tests\Feature\Playground\Crm\Resource\Http\Controllers\Playground\ContactRouteTest" classname="Tests.Feature.Playground.Crm.Resource.Http.Controllers.Playground.ContactRouteTest" assertions="4" time="0.240311"/>
        <testcase name="test_store_as_admin_and_succeed_with_return_url" file="/app/vendor/gammamatrix/playground-test/src/Feature/Http/Controllers/Resource/Playground/StoreTrait.php" line="135" class="Tests\Feature\Playground\Crm\Resource\Http\Controllers\Playground\ContactRouteTest" classname="Tests.Feature.Playground.Crm.Resource.Http.Controllers.Playground.ContactRouteTest" assertions="4" time="0.241357"/>
        <testcase name="test_json_guest_cannot_unlock" file="/app/vendor/gammamatrix/playground-test/src/Feature/Http/Controllers/Resource/Playground/UnlockJsonTrait.php" line="36" class="Tests\Feature\Playground\Crm\Resource\Http\Controllers\Playground\ContactRouteTest" classname="Tests.Feature.Playground.Crm.Resource.Http.Controllers.Playground.ContactRouteTest" assertions="3" time="0.216226"/>
        <testcase name="test_json_unlock_as_admin_and_succeed" file="/app/vendor/gammamatrix/playground-test/src/Feature/Http/Controllers/Resource/Playground/UnlockJsonTrait.php" line="68" class="Tests\Feature\Playground\Crm\Resource\Http\Controllers\Playground\ContactRouteTest" classname="Tests.Feature.Playground.Crm.Resource.Http.Controllers.Playground.ContactRouteTest" assertions="96" time="0.230196"/>
        <testcase name="test_json_unlock_as_admin_and_succeed_with_no_redirect" file="/app/vendor/gammamatrix/playground-test/src/Feature/Http/Controllers/Resource/Playground/UnlockJsonTrait.php" line="104" class="Tests\Feature\Playground\Crm\Resource\Http\Controllers\Playground\ContactRouteTest" classname="Tests.Feature.Playground.Crm.Resource.Http.Controllers.Playground.ContactRouteTest" assertions="96" time="0.231909"/>
        <testcase name="test_json_unlock_as_user_and_get_denied" file="/app/vendor/gammamatrix/playground-test/src/Feature/Http/Controllers/Resource/Playground/UnlockJsonTrait.php" line="145" class="Tests\Feature\Playground\Crm\Resource\Http\Controllers\Playground\ContactRouteTest" classname="Tests.Feature.Playground.Crm.Resource.Http.Controllers.Playground.ContactRouteTest" assertions="3" time="0.228991"/>
        <testcase name="test_guest_cannot_unlock" file="/app/vendor/gammamatrix/playground-test/src/Feature/Http/Controllers/Resource/Playground/UnlockTrait.php" line="36" class="Tests\Feature\Playground\Crm\Resource\Http\Controllers\Playground\ContactRouteTest" classname="Tests.Feature.Playground.Crm.Resource.Http.Controllers.Playground.ContactRouteTest" assertions="3" time="0.220745"/>
        <testcase name="test_unlock_as_admin_and_succeed" file="/app/vendor/gammamatrix/playground-test/src/Feature/Http/Controllers/Resource/Playground/UnlockTrait.php" line="68" class="Tests\Feature\Playground\Crm\Resource\Http\Controllers\Playground\ContactRouteTest" classname="Tests.Feature.Playground.Crm.Resource.Http.Controllers.Playground.ContactRouteTest" assertions="4" time="0.221889"/>
        <testcase name="test_unlock_as_admin_and_succeed_with_redirect_to_index_with_sorted_by_unlocked_desc" file="/app/vendor/gammamatrix/playground-test/src/Feature/Http/Controllers/Resource/Playground/UnlockTrait.php" line="109" class="Tests\Feature\Playground\Crm\Resource\Http\Controllers\Playground\ContactRouteTest" classname="Tests.Feature.Playground.Crm.Resource.Http.Controllers.Playground.ContactRouteTest" assertions="4" time="0.223074"/>
        <testcase name="test_unlock_as_user_and_get_denied" file="/app/vendor/gammamatrix/playground-test/src/Feature/Http/Controllers/Resource/Playground/UnlockTrait.php" line="148" class="Tests\Feature\Playground\Crm\Resource\Http\Controllers\Playground\ContactRouteTest" classname="Tests.Feature.Playground.Crm.Resource.Http.Controllers.Playground.ContactRouteTest" assertions="3" time="0.222977"/>
        <testcase name="test_json_guest_cannot_update" file="/app/vendor/gammamatrix/playground-test/src/Feature/Http/Controllers/Resource/Playground/UpdateJsonTrait.php" line="45" class="Tests\Feature\Playground\Crm\Resource\Http\Controllers\Playground\ContactRouteTest" classname="Tests.Feature.Playground.Crm.Resource.Http.Controllers.Playground.ContactRouteTest" assertions="1" time="0.217260"/>
        <testcase name="test_json_update_as_admin_without_payload_and_fail_validation" file="/app/vendor/gammamatrix/playground-test/src/Feature/Http/Controllers/Resource/Playground/UpdateJsonTrait.php" line="65" class="Tests\Feature\Playground\Crm\Resource\Http\Controllers\Playground\ContactRouteTest" classname="Tests.Feature.Playground.Crm.Resource.Http.Controllers.Playground.ContactRouteTest" assertions="4" time="0.234852"/>
        <testcase name="test_json_admin_can_update" file="/app/vendor/gammamatrix/playground-test/src/Feature/Http/Controllers/Resource/Playground/UpdateJsonTrait.php" line="90" class="Tests\Feature\Playground\Crm\Resource\Http\Controllers\Playground\ContactRouteTest" classname="Tests.Feature.Playground.Crm.Resource.Http.Controllers.Playground.ContactRouteTest" assertions="98" time="0.273418"/>
        <testcase name="test_guest_cannot_update" file="/app/vendor/gammamatrix/playground-test/src/Feature/Http/Controllers/Resource/Playground/UpdateTrait.php" line="45" class="Tests\Feature\Playground\Crm\Resource\Http\Controllers\Playground\ContactRouteTest" classname="Tests.Feature.Playground.Crm.Resource.Http.Controllers.Playground.ContactRouteTest" assertions="1" time="0.219929"/>
        <testcase name="test_update_as_admin_without_payload_and_fail_validation" file="/app/vendor/gammamatrix/playground-test/src/Feature/Http/Controllers/Resource/Playground/UpdateTrait.php" line="65" class="Tests\Feature\Playground\Crm\Resource\Http\Controllers\Playground\ContactRouteTest" classname="Tests.Feature.Playground.Crm.Resource.Http.Controllers.Playground.ContactRouteTest" assertions="4" time="0.230048"/>
        <testcase name="test_admin_can_update" file="/app/vendor/gammamatrix/playground-test/src/Feature/Http/Controllers/Resource/Playground/UpdateTrait.php" line="90" class="Tests\Feature\Playground\Crm\Resource\Http\Controllers\Playground\ContactRouteTest" classname="Tests.Feature.Playground.Crm.Resource.Http.Controllers.Playground.ContactRouteTest" assertions="6" time="0.284343"/>
        <testcase name="test_admin_can_update_view_with_return_url" file="/app/vendor/gammamatrix/playground-test/src/Feature/Http/Controllers/Resource/Playground/UpdateTrait.php" line="133" class="Tests\Feature\Playground\Crm\Resource\Http\Controllers\Playground\ContactRouteTest" classname="Tests.Feature.Playground.Crm.Resource.Http.Controllers.Playground.ContactRouteTest" assertions="6" time="0.267155"/>
      </testsuite>
      <testsuite name="Tests\Feature\Playground\Crm\Resource\Http\Controllers\Playground\IndexRouteTest" file="/app/tests/Feature/Http/Controllers/Playground/IndexRouteTest.php" tests="2" assertions="3" errors="0" failures="0" skipped="0" time="0.387555">
        <testcase name="test_guest_cannot_render_index_view" file="/app/tests/Feature/Http/Controllers/Playground/IndexRouteTest.php" line="19" class="Tests\Feature\Playground\Crm\Resource\Http\Controllers\Playground\IndexRouteTest" classname="Tests.Feature.Playground.Crm.Resource.Http.Controllers.Playground.IndexRouteTest" assertions="1" time="0.186851"/>
        <testcase name="test_admin_can_render_index_view" file="/app/tests/Feature/Http/Controllers/Playground/IndexRouteTest.php" line="28" class="Tests\Feature\Playground\Crm\Resource\Http\Controllers\Playground\IndexRouteTest" classname="Tests.Feature.Playground.Crm.Resource.Http.Controllers.Playground.IndexRouteTest" assertions="2" time="0.200704"/>
      </testsuite>
      <testsuite name="Tests\Feature\Playground\Crm\Resource\Http\Controllers\Playground\LocationRouteTest" file="/app/tests/Feature/Http/Controllers/Playground/LocationRouteTest.php" tests="73" assertions="1074" errors="0" failures="0" skipped="0" time="16.249251">
        <testcase name="test_json_guest_cannot_get_create_info" file="/app/vendor/gammamatrix/playground-test/src/Feature/Http/Controllers/Resource/Playground/CreateJsonTrait.php" line="38" class="Tests\Feature\Playground\Crm\Resource\Http\Controllers\Playground\LocationRouteTest" classname="Tests.Feature.Playground.Crm.Resource.Http.Controllers.Playground.LocationRouteTest" assertions="1" time="0.255038"/>
        <testcase name="test_json_admin_can_get_create_info" file="/app/vendor/gammamatrix/playground-test/src/Feature/Http/Controllers/Resource/Playground/CreateJsonTrait.php" line="53" class="Tests\Feature\Playground\Crm\Resource\Http\Controllers\Playground\LocationRouteTest" classname="Tests.Feature.Playground.Crm.Resource.Http.Controllers.Playground.LocationRouteTest" assertions="94" time="0.210686"/>
        <testcase name="test_json_get_create_info_as_admin_with_invalid_parameter_and_fail_validation" file="/app/vendor/gammamatrix/playground-test/src/Feature/Http/Controllers/Resource/Playground/CreateJsonTrait.php" line="73" class="Tests\Feature\Playground\Crm\Resource\Http\Controllers\Playground\LocationRouteTest" classname="Tests.Feature.Playground.Crm.Resource.Http.Controllers.Playground.LocationRouteTest" assertions="4" time="0.200530"/>
        <testcase name="test_guest_cannot_render_create_view" file="/app/vendor/gammamatrix/playground-test/src/Feature/Http/Controllers/Resource/Playground/CreateTrait.php" line="33" class="Tests\Feature\Playground\Crm\Resource\Http\Controllers\Playground\LocationRouteTest" classname="Tests.Feature.Playground.Crm.Resource.Http.Controllers.Playground.LocationRouteTest" assertions="1" time="0.186772"/>
        <testcase name="test_admin_can_render_create_view" file="/app/vendor/gammamatrix/playground-test/src/Feature/Http/Controllers/Resource/Playground/CreateTrait.php" line="47" class="Tests\Feature\Playground\Crm\Resource\Http\Controllers\Playground\LocationRouteTest" classname="Tests.Feature.Playground.Crm.Resource.Http.Controllers.Playground.LocationRouteTest" assertions="2" time="0.254271"/>
        <testcase name="test_admin_can_render_create_view_with_return_url" file="/app/vendor/gammamatrix/playground-test/src/Feature/Http/Controllers/Resource/Playground/CreateTrait.php" line="65" class="Tests\Feature\Playground\Crm\Resource\Http\Controllers\Playground\LocationRouteTest" classname="Tests.Feature.Playground.Crm.Resource.Http.Controllers.Playground.LocationRouteTest" assertions="3" time="0.235348"/>
        <testcase name="test_create_view_as_admin_with_invalid_parameter_and_fail_validation_and_redirect" file="/app/vendor/gammamatrix/playground-test/src/Feature/Http/Controllers/Resource/Playground/CreateTrait.php" line="92" class="Tests\Feature\Playground\Crm\Resource\Http\Controllers\Playground\LocationRouteTest" classname="Tests.Feature.Playground.Crm.Resource.Http.Controllers.Playground.LocationRouteTest" assertions="5" time="0.201890"/>
        <testcase name="test_json_guest_cannot_destroy" file="/app/vendor/gammamatrix/playground-test/src/Feature/Http/Controllers/Resource/Playground/DestroyJsonTrait.php" line="31" class="Tests\Feature\Playground\Crm\Resource\Http\Controllers\Playground\LocationRouteTest" classname="Tests.Feature.Playground.Crm.Resource.Http.Controllers.Playground.LocationRouteTest" assertions="3" time="0.194683"/>
        <testcase name="test_json_destroy_as_admin_and_succeed" file="/app/vendor/gammamatrix/playground-test/src/Feature/Http/Controllers/Resource/Playground/DestroyJsonTrait.php" line="61" class="Tests\Feature\Playground\Crm\Resource\Http\Controllers\Playground\LocationRouteTest" classname="Tests.Feature.Playground.Crm.Resource.Http.Controllers.Playground.LocationRouteTest" assertions="5" time="0.204603"/>
        <testcase name="test_json_destroy_as_admin_and_succeed_with_force_delete" file="/app/vendor/gammamatrix/playground-test/src/Feature/Http/Controllers/Resource/Playground/DestroyJsonTrait.php" line="100" class="Tests\Feature\Playground\Crm\Resource\Http\Controllers\Playground\LocationRouteTest" classname="Tests.Feature.Playground.Crm.Resource.Http.Controllers.Playground.LocationRouteTest" assertions="4" time="0.204000"/>
        <testcase name="test_json_destroy_as_admin_and_succeed_with_no_content" file="/app/vendor/gammamatrix/playground-test/src/Feature/Http/Controllers/Resource/Playground/DestroyJsonTrait.php" line="132" class="Tests\Feature\Playground\Crm\Resource\Http\Controllers\Playground\LocationRouteTest" classname="Tests.Feature.Playground.Crm.Resource.Http.Controllers.Playground.LocationRouteTest" assertions="5" time="0.213722"/>
        <testcase name="test_json_destroy_as_admin_and_succeed_and_ignore_redirect" file="/app/vendor/gammamatrix/playground-test/src/Feature/Http/Controllers/Resource/Playground/DestroyJsonTrait.php" line="167" class="Tests\Feature\Playground\Crm\Resource\Http\Controllers\Playground\LocationRouteTest" classname="Tests.Feature.Playground.Crm.Resource.Http.Controllers.Playground.LocationRouteTest" assertions="5" time="0.212439"/>
        <testcase name="test_json_destroy_as_user_and_get_denied_and_no_force_delete_allowed" file="/app/vendor/gammamatrix/playground-test/src/Feature/Http/Controllers/Resource/Playground/DestroyJsonTrait.php" line="209" class="Tests\Feature\Playground\Crm\Resource\Http\Controllers\Playground\LocationRouteTest" classname="Tests.Feature.Playground.Crm.Resource.Http.Controllers.Playground.LocationRouteTest" assertions="3" time="0.210282"/>
        <testcase name="test_guest_cannot_destroy" file="/app/vendor/gammamatrix/playground-test/src/Feature/Http/Controllers/Resource/Playground/DestroyTrait.php" line="31" class="Tests\Feature\Playground\Crm\Resource\Http\Controllers\Playground\LocationRouteTest" classname="Tests.Feature.Playground.Crm.Resource.Http.Controllers.Playground.LocationRouteTest" assertions="3" time="0.196424"/>
        <testcase name="test_destroy_as_admin_and_succeed" file="/app/vendor/gammamatrix/playground-test/src/Feature/Http/Controllers/Resource/Playground/DestroyTrait.php" line="61" class="Tests\Feature\Playground\Crm\Resource\Http\Controllers\Playground\LocationRouteTest" classname="Tests.Feature.Playground.Crm.Resource.Http.Controllers.Playground.LocationRouteTest" assertions="5" time="0.205554"/>
        <testcase name="test_destroy_as_admin_and_succeed_with_force_delete" file="/app/vendor/gammamatrix/playground-test/src/Feature/Http/Controllers/Resource/Playground/DestroyTrait.php" line="97" class="Tests\Feature\Playground\Crm\Resource\Http\Controllers\Playground\LocationRouteTest" classname="Tests.Feature.Playground.Crm.Resource.Http.Controllers.Playground.LocationRouteTest" assertions="4" time="0.218506"/>
        <testcase name="test_destroy_as_admin_and_succeed_with_redirect_to_index_with_trash" file="/app/vendor/gammamatrix/playground-test/src/Feature/Http/Controllers/Resource/Playground/DestroyTrait.php" line="129" class="Tests\Feature\Playground\Crm\Resource\Http\Controllers\Playground\LocationRouteTest" classname="Tests.Feature.Playground.Crm.Resource.Http.Controllers.Playground.LocationRouteTest" assertions="5" time="0.207676"/>
        <testcase name="test_destroy_as_user_and_get_denied_and_no_force_delete_allowed" file="/app/vendor/gammamatrix/playground-test/src/Feature/Http/Controllers/Resource/Playground/DestroyTrait.php" line="171" class="Tests\Feature\Playground\Crm\Resource\Http\Controllers\Playground\LocationRouteTest" classname="Tests.Feature.Playground.Crm.Resource.Http.Controllers.Playground.LocationRouteTest" assertions="3" time="0.204800"/>
        <testcase name="test_json_guest_cannot_get_edit_info" file="/app/vendor/gammamatrix/playground-test/src/Feature/Http/Controllers/Resource/Playground/EditJsonTrait.php" line="38" class="Tests\Feature\Playground\Crm\Resource\Http\Controllers\Playground\LocationRouteTest" classname="Tests.Feature.Playground.Crm.Resource.Http.Controllers.Playground.LocationRouteTest" assertions="1" time="0.198312"/>
        <testcase name="test_json_admin_can_get_edit_info" file="/app/vendor/gammamatrix/playground-test/src/Feature/Http/Controllers/Resource/Playground/EditJsonTrait.php" line="58" class="Tests\Feature\Playground\Crm\Resource\Http\Controllers\Playground\LocationRouteTest" classname="Tests.Feature.Playground.Crm.Resource.Http.Controllers.Playground.LocationRouteTest" assertions="4" time="0.227449"/>
        <testcase name="test_json_edit_as_admin_and_fail_validation_with_invalid_parameter" file="/app/vendor/gammamatrix/playground-test/src/Feature/Http/Controllers/Resource/Playground/EditJsonTrait.php" line="87" class="Tests\Feature\Playground\Crm\Resource\Http\Controllers\Playground\LocationRouteTest" classname="Tests.Feature.Playground.Crm.Resource.Http.Controllers.Playground.LocationRouteTest" assertions="4" time="0.221913"/>
        <testcase name="test_guest_cannot_render_edit_view" file="/app/vendor/gammamatrix/playground-test/src/Feature/Http/Controllers/Resource/Playground/EditTrait.php" line="33" class="Tests\Feature\Playground\Crm\Resource\Http\Controllers\Playground\LocationRouteTest" classname="Tests.Feature.Playground.Crm.Resource.Http.Controllers.Playground.LocationRouteTest" assertions="1" time="0.199502"/>
        <testcase name="test_admin_can_render_edit_view" file="/app/vendor/gammamatrix/playground-test/src/Feature/Http/Controllers/Resource/Playground/EditTrait.php" line="53" class="Tests\Feature\Playground\Crm\Resource\Http\Controllers\Playground\LocationRouteTest" classname="Tests.Feature.Playground.Crm.Resource.Http.Controllers.Playground.LocationRouteTest" assertions="2" time="0.237489"/>
        <testcase name="test_admin_can_render_edit_view_with_return_url" file="/app/vendor/gammamatrix/playground-test/src/Feature/Http/Controllers/Resource/Playground/EditTrait.php" line="77" class="Tests\Feature\Playground\Crm\Resource\Http\Controllers\Playground\LocationRouteTest" classname="Tests.Feature.Playground.Crm.Resource.Http.Controllers.Playground.LocationRouteTest" assertions="3" time="0.236408"/>
        <testcase name="test_edit_view_as_admin_with_invalid_parameter_and_fail_validation_and_redirect" file="/app/vendor/gammamatrix/playground-test/src/Feature/Http/Controllers/Resource/Playground/EditTrait.php" line="109" class="Tests\Feature\Playground\Crm\Resource\Http\Controllers\Playground\LocationRouteTest" classname="Tests.Feature.Playground.Crm.Resource.Http.Controllers.Playground.LocationRouteTest" assertions="4" time="0.223979"/>
        <testcase name="test_json_guest_cannot_get_index" file="/app/vendor/gammamatrix/playground-test/src/Feature/Http/Controllers/Resource/Playground/IndexJsonTrait.php" line="34" class="Tests\Feature\Playground\Crm\Resource\Http\Controllers\Playground\LocationRouteTest" classname="Tests.Feature.Playground.Crm.Resource.Http.Controllers.Playground.LocationRouteTest" assertions="1" time="0.200809"/>
        <testcase name="test_json_admin_can_get_index" file="/app/vendor/gammamatrix/playground-test/src/Feature/Http/Controllers/Resource/Playground/IndexJsonTrait.php" line="49" class="Tests\Feature\Playground\Crm\Resource\Http\Controllers\Playground\LocationRouteTest" classname="Tests.Feature.Playground.Crm.Resource.Http.Controllers.Playground.LocationRouteTest" assertions="101" time="0.233111"/>
        <testcase name="test_json_admin_can_get_index_with_filters" file="/app/vendor/gammamatrix/playground-test/src/Feature/Http/Controllers/Resource/Playground/IndexJsonTrait.php" line="85" class="Tests\Feature\Playground\Crm\Resource\Http\Controllers\Playground\LocationRouteTest" classname="Tests.Feature.Playground.Crm.Resource.Http.Controllers.Playground.LocationRouteTest" assertions="3" time="0.227011"/>
        <testcase name="test_guest_cannot_render_index_view" file="/app/vendor/gammamatrix/playground-test/src/Feature/Http/Controllers/Resource/Playground/IndexTrait.php" line="29" class="Tests\Feature\Playground\Crm\Resource\Http\Controllers\Playground\LocationRouteTest" classname="Tests.Feature.Playground.Crm.Resource.Http.Controllers.Playground.LocationRouteTest" assertions="1" time="0.200668"/>
        <testcase name="test_admin_can_render_index_view" file="/app/vendor/gammamatrix/playground-test/src/Feature/Http/Controllers/Resource/Playground/IndexTrait.php" line="44" class="Tests\Feature\Playground\Crm\Resource\Http\Controllers\Playground\LocationRouteTest" classname="Tests.Feature.Playground.Crm.Resource.Http.Controllers.Playground.LocationRouteTest" assertions="2" time="0.268643"/>
        <testcase name="test_admin_can_render_index_view_with_filters" file="/app/vendor/gammamatrix/playground-test/src/Feature/Http/Controllers/Resource/Playground/IndexTrait.php" line="77" class="Tests\Feature\Playground\Crm\Resource\Http\Controllers\Playground\LocationRouteTest" classname="Tests.Feature.Playground.Crm.Resource.Http.Controllers.Playground.LocationRouteTest" assertions="3" time="0.253544"/>
        <testcase name="test_json_guest_cannot_lock" file="/app/vendor/gammamatrix/playground-test/src/Feature/Http/Controllers/Resource/Playground/LockJsonTrait.php" line="36" class="Tests\Feature\Playground\Crm\Resource\Http\Controllers\Playground\LocationRouteTest" classname="Tests.Feature.Playground.Crm.Resource.Http.Controllers.Playground.LocationRouteTest" assertions="3" time="0.202517"/>
        <testcase name="test_json_lock_as_admin_and_succeed" file="/app/vendor/gammamatrix/playground-test/src/Feature/Http/Controllers/Resource/Playground/LockJsonTrait.php" line="66" class="Tests\Feature\Playground\Crm\Resource\Http\Controllers\Playground\LocationRouteTest" classname="Tests.Feature.Playground.Crm.Resource.Http.Controllers.Playground.LocationRouteTest" assertions="3" time="0.220609"/>
        <testcase name="test_json_lock_as_admin_and_succeed_with_no_redirect" file="/app/vendor/gammamatrix/playground-test/src/Feature/Http/Controllers/Resource/Playground/LockJsonTrait.php" line="98" class="Tests\Feature\Playground\Crm\Resource\Http\Controllers\Playground\LocationRouteTest" classname="Tests.Feature.Playground.Crm.Resource.Http.Controllers.Playground.LocationRouteTest" assertions="96" time="0.234266"/>
        <testcase name="test_json_lock_as_user_and_get_denied" file="/app/vendor/gammamatrix/playground-test/src/Feature/Http/Controllers/Resource/Playground/LockJsonTrait.php" line="143" class="Tests\Feature\Playground\Crm\Resource\Http\Controllers\Playground\LocationRouteTest" classname="Tests.Feature.Playground.Crm.Resource.Http.Controllers.Playground.LocationRouteTest" assertions="3" time="0.213705"/>
        <testcase name="test_guest_cannot_lock" file="/app/vendor/gammamatrix/playground-test/src/Feature/Http/Controllers/Resource/Playground/LockTrait.php" line="31" class="Tests\Feature\Playground\Crm\Resource\Http\Controllers\Playground\LocationRouteTest" classname="Tests.Feature.Playground.Crm.Resource.Http.Controllers.Playground.LocationRouteTest" assertions="3" time="0.207197"/>
        <testcase name="test_lock_as_admin_and_succeed" file="/app/vendor/gammamatrix/playground-test/src/Feature/Http/Controllers/Resource/Playground/LockTrait.php" line="61" class="Tests\Feature\Playground\Crm\Resource\Http\Controllers\Playground\LocationRouteTest" classname="Tests.Feature.Playground.Crm.Resource.Http.Controllers.Playground.LocationRouteTest" assertions="4" time="0.215979"/>
        <testcase name="test_lock_as_admin_and_succeed_with_redirect_to_index_with_sorted_by_locked_desc" file="/app/vendor/gammamatrix/playground-test/src/Feature/Http/Controllers/Resource/Playground/LockTrait.php" line="95" class="Tests\Feature\Playground\Crm\Resource\Http\Controllers\Playground\LocationRouteTest" classname="Tests.Feature.Playground.Crm.Resource.Http.Controllers.Playground.LocationRouteTest" assertions="4" time="0.216691"/>
        <testcase name="test_lock_as_user_and_get_denied" file="/app/vendor/gammamatrix/playground-test/src/Feature/Http/Controllers/Resource/Playground/LockTrait.php" line="132" class="Tests\Feature\Playground\Crm\Resource\Http\Controllers\Playground\LocationRouteTest" classname="Tests.Feature.Playground.Crm.Resource.Http.Controllers.Playground.LocationRouteTest" assertions="3" time="0.234829"/>
        <testcase name="test_json_guest_cannot_restore" file="/app/vendor/gammamatrix/playground-test/src/Feature/Http/Controllers/Resource/Playground/RestoreJsonTrait.php" line="32" class="Tests\Feature\Playground\Crm\Resource\Http\Controllers\Playground\LocationRouteTest" classname="Tests.Feature.Playground.Crm.Resource.Http.Controllers.Playground.LocationRouteTest" assertions="3" time="0.203843"/>
        <testcase name="test_json_restore_as_admin_and_succeed" file="/app/vendor/gammamatrix/playground-test/src/Feature/Http/Controllers/Resource/Playground/RestoreJsonTrait.php" line="64" class="Tests\Feature\Playground\Crm\Resource\Http\Controllers\Playground\LocationRouteTest" classname="Tests.Feature.Playground.Crm.Resource.Http.Controllers.Playground.LocationRouteTest" assertions="96" time="0.221562"/>
        <testcase name="test_json_restore_as_admin_and_succeed_with_no_redirect" file="/app/vendor/gammamatrix/playground-test/src/Feature/Http/Controllers/Resource/Playground/RestoreJsonTrait.php" line="100" class="Tests\Feature\Playground\Crm\Resource\Http\Controllers\Playground\LocationRouteTest" classname="Tests.Feature.Playground.Crm.Resource.Http.Controllers.Playground.LocationRouteTest" assertions="96" time="0.228773"/>
        <testcase name="test_json_restore_as_user_and_get_denied" file="/app/vendor/gammamatrix/playground-test/src/Feature/Http/Controllers/Resource/Playground/RestoreJsonTrait.php" line="143" class="Tests\Feature\Playground\Crm\Resource\Http\Controllers\Playground\LocationRouteTest" classname="Tests.Feature.Playground.Crm.Resource.Http.Controllers.Playground.LocationRouteTest" assertions="3" time="0.224411"/>
        <testcase name="test_guest_cannot_restore" file="/app/vendor/gammamatrix/playground-test/src/Feature/Http/Controllers/Resource/Playground/RestoreTrait.php" line="32" class="Tests\Feature\Playground\Crm\Resource\Http\Controllers\Playground\LocationRouteTest" classname="Tests.Feature.Playground.Crm.Resource.Http.Controllers.Playground.LocationRouteTest" assertions="3" time="0.212224"/>
        <testcase name="test_restore_as_admin_and_succeed" file="/app/vendor/gammamatrix/playground-test/src/Feature/Http/Controllers/Resource/Playground/RestoreTrait.php" line="64" class="Tests\Feature\Playground\Crm\Resource\Http\Controllers\Playground\LocationRouteTest" classname="Tests.Feature.Playground.Crm.Resource.Http.Controllers.Playground.LocationRouteTest" assertions="4" time="0.220252"/>
        <testcase name="test_restore_as_admin_and_succeed_with_redirect_to_index_with_only_trash" file="/app/vendor/gammamatrix/playground-test/src/Feature/Http/Controllers/Resource/Playground/RestoreTrait.php" line="100" class="Tests\Feature\Playground\Crm\Resource\Http\Controllers\Playground\LocationRouteTest" classname="Tests.Feature.Playground.Crm.Resource.Http.Controllers.Playground.LocationRouteTest" assertions="4" time="0.228552"/>
        <testcase name="test_restore_as_user_and_get_denied" file="/app/vendor/gammamatrix/playground-test/src/Feature/Http/Controllers/Resource/Playground/RestoreTrait.php" line="146" class="Tests\Feature\Playground\Crm\Resource\Http\Controllers\Playground\LocationRouteTest" classname="Tests.Feature.Playground.Crm.Resource.Http.Controllers.Playground.LocationRouteTest" assertions="3" time="0.214305"/>
        <testcase name="test_json_guest_cannot_see_info" file="/app/vendor/gammamatrix/playground-test/src/Feature/Http/Controllers/Resource/Playground/ShowJsonTrait.php" line="29" class="Tests\Feature\Playground\Crm\Resource\Http\Controllers\Playground\LocationRouteTest" classname="Tests.Feature.Playground.Crm.Resource.Http.Controllers.Playground.LocationRouteTest" assertions="1" time="0.216712"/>
        <testcase name="test_json_show_info_for_admin" file="/app/vendor/gammamatrix/playground-test/src/Feature/Http/Controllers/Resource/Playground/ShowJsonTrait.php" line="49" class="Tests\Feature\Playground\Crm\Resource\Http\Controllers\Playground\LocationRouteTest" classname="Tests.Feature.Playground.Crm.Resource.Http.Controllers.Playground.LocationRouteTest" assertions="95" time="0.221297"/>
        <testcase name="test_guest_cannot_render_show_view" file="/app/vendor/gammamatrix/playground-test/src/Feature/Http/Controllers/Resource/Playground/ShowTrait.php" line="29" class="Tests\Feature\Playground\Crm\Resource\Http\Controllers\Playground\LocationRouteTest" classname="Tests.Feature.Playground.Crm.Resource.Http.Controllers.Playground.LocationRouteTest" assertions="1" time="0.209644"/>
        <testcase name="test_show_view_rendered_by_admin" file="/app/vendor/gammamatrix/playground-test/src/Feature/Http/Controllers/Resource/Playground/ShowTrait.php" line="49" class="Tests\Feature\Playground\Crm\Resource\Http\Controllers\Playground\LocationRouteTest" classname="Tests.Feature.Playground.Crm.Resource.Http.Controllers.Playground.LocationRouteTest" assertions="2" time="0.227234"/>
        <testcase name="test_json_guest_cannot_store" file="/app/vendor/gammamatrix/playground-test/src/Feature/Http/Controllers/Resource/Playground/StoreJsonTrait.php" line="43" class="Tests\Feature\Playground\Crm\Resource\Http\Controllers\Playground\LocationRouteTest" classname="Tests.Feature.Playground.Crm.Resource.Http.Controllers.Playground.LocationRouteTest" assertions="3" time="0.221113"/>
        <testcase name="test_json_store_as_admin_without_payload_and_fail_validation" file="/app/vendor/gammamatrix/playground-test/src/Feature/Http/Controllers/Resource/Playground/StoreJsonTrait.php" line="66" class="Tests\Feature\Playground\Crm\Resource\Http\Controllers\Playground\LocationRouteTest" classname="Tests.Feature.Playground.Crm.Resource.Http.Controllers.Playground.LocationRouteTest" assertions="5" time="0.216518"/>
        <testcase name="test_json_store_as_admin_and_succeed" file="/app/vendor/gammamatrix/playground-test/src/Feature/Http/Controllers/Resource/Playground/StoreJsonTrait.php" line="92" class="Tests\Feature\Playground\Crm\Resource\Http\Controllers\Playground\LocationRouteTest" classname="Tests.Feature.Playground.Crm.Resource.Http.Controllers.Playground.LocationRouteTest" assertions="3" time="0.248175"/>
        <testcase name="test_guest_cannot_store" file="/app/vendor/gammamatrix/playground-test/src/Feature/Http/Controllers/Resource/Playground/StoreTrait.php" line="38" class="Tests\Feature\Playground\Crm\Resource\Http\Controllers\Playground\LocationRouteTest" classname="Tests.Feature.Playground.Crm.Resource.Http.Controllers.Playground.LocationRouteTest" assertions="3" time="0.202746"/>
        <testcase name="test_store_as_admin_without_payload_and_fail_validation" file="/app/vendor/gammamatrix/playground-test/src/Feature/Http/Controllers/Resource/Playground/StoreTrait.php" line="61" class="Tests\Feature\Playground\Crm\Resource\Http\Controllers\Playground\LocationRouteTest" classname="Tests.Feature.Playground.Crm.Resource.Http.Controllers.Playground.LocationRouteTest" assertions="5" time="0.215343"/>
        <testcase name="test_store_as_admin_and_succeed" file="/app/vendor/gammamatrix/playground-test/src/Feature/Http/Controllers/Resource/Playground/StoreTrait.php" line="90" class="Tests\Feature\Playground\Crm\Resource\Http\Controllers\Playground\LocationRouteTest" classname="Tests.Feature.Playground.Crm.Resource.Http.Controllers.Playground.LocationRouteTest" assertions="4" time="0.259823"/>
        <testcase name="test_store_as_admin_and_succeed_with_return_url" file="/app/vendor/gammamatrix/playground-test/src/Feature/Http/Controllers/Resource/Playground/StoreTrait.php" line="135" class="Tests\Feature\Playground\Crm\Resource\Http\Controllers\Playground\LocationRouteTest" classname="Tests.Feature.Playground.Crm.Resource.Http.Controllers.Playground.LocationRouteTest" assertions="4" time="0.243363"/>
        <testcase name="test_json_guest_cannot_unlock" file="/app/vendor/gammamatrix/playground-test/src/Feature/Http/Controllers/Resource/Playground/UnlockJsonTrait.php" line="36" class="Tests\Feature\Playground\Crm\Resource\Http\Controllers\Playground\LocationRouteTest" classname="Tests.Feature.Playground.Crm.Resource.Http.Controllers.Playground.LocationRouteTest" assertions="3" time="0.207458"/>
        <testcase name="test_json_unlock_as_admin_and_succeed" file="/app/vendor/gammamatrix/playground-test/src/Feature/Http/Controllers/Resource/Playground/UnlockJsonTrait.php" line="68" class="Tests\Feature\Playground\Crm\Resource\Http\Controllers\Playground\LocationRouteTest" classname="Tests.Feature.Playground.Crm.Resource.Http.Controllers.Playground.LocationRouteTest" assertions="96" time="0.232226"/>
        <testcase name="test_json_unlock_as_admin_and_succeed_with_no_redirect" file="/app/vendor/gammamatrix/playground-test/src/Feature/Http/Controllers/Resource/Playground/UnlockJsonTrait.php" line="104" class="Tests\Feature\Playground\Crm\Resource\Http\Controllers\Playground\LocationRouteTest" classname="Tests.Feature.Playground.Crm.Resource.Http.Controllers.Playground.LocationRouteTest" assertions="96" time="0.252928"/>
        <testcase name="test_json_unlock_as_user_and_get_denied" file="/app/vendor/gammamatrix/playground-test/src/Feature/Http/Controllers/Resource/Playground/UnlockJsonTrait.php" line="145" class="Tests\Feature\Playground\Crm\Resource\Http\Controllers\Playground\LocationRouteTest" classname="Tests.Feature.Playground.Crm.Resource.Http.Controllers.Playground.LocationRouteTest" assertions="3" time="0.217231"/>
        <testcase name="test_guest_cannot_unlock" file="/app/vendor/gammamatrix/playground-test/src/Feature/Http/Controllers/Resource/Playground/UnlockTrait.php" line="36" class="Tests\Feature\Playground\Crm\Resource\Http\Controllers\Playground\LocationRouteTest" classname="Tests.Feature.Playground.Crm.Resource.Http.Controllers.Playground.LocationRouteTest" assertions="3" time="0.209825"/>
        <testcase name="test_unlock_as_admin_and_succeed" file="/app/vendor/gammamatrix/playground-test/src/Feature/Http/Controllers/Resource/Playground/UnlockTrait.php" line="68" class="Tests\Feature\Playground\Crm\Resource\Http\Controllers\Playground\LocationRouteTest" classname="Tests.Feature.Playground.Crm.Resource.Http.Controllers.Playground.LocationRouteTest" assertions="4" time="0.223204"/>
        <testcase name="test_unlock_as_admin_and_succeed_with_redirect_to_index_with_sorted_by_unlocked_desc" file="/app/vendor/gammamatrix/playground-test/src/Feature/Http/Controllers/Resource/Playground/UnlockTrait.php" line="109" class="Tests\Feature\Playground\Crm\Resource\Http\Controllers\Playground\LocationRouteTest" classname="Tests.Feature.Playground.Crm.Resource.Http.Controllers.Playground.LocationRouteTest" assertions="4" time="0.226573"/>
        <testcase name="test_unlock_as_user_and_get_denied" file="/app/vendor/gammamatrix/playground-test/src/Feature/Http/Controllers/Resource/Playground/UnlockTrait.php" line="148" class="Tests\Feature\Playground\Crm\Resource\Http\Controllers\Playground\LocationRouteTest" classname="Tests.Feature.Playground.Crm.Resource.Http.Controllers.Playground.LocationRouteTest" assertions="3" time="0.229666"/>
        <testcase name="test_json_guest_cannot_update" file="/app/vendor/gammamatrix/playground-test/src/Feature/Http/Controllers/Resource/Playground/UpdateJsonTrait.php" line="45" class="Tests\Feature\Playground\Crm\Resource\Http\Controllers\Playground\LocationRouteTest" classname="Tests.Feature.Playground.Crm.Resource.Http.Controllers.Playground.LocationRouteTest" assertions="1" time="0.206945"/>
        <testcase name="test_json_update_as_admin_without_payload_and_fail_validation" file="/app/vendor/gammamatrix/playground-test/src/Feature/Http/Controllers/Resource/Playground/UpdateJsonTrait.php" line="65" class="Tests\Feature\Playground\Crm\Resource\Http\Controllers\Playground\LocationRouteTest" classname="Tests.Feature.Playground.Crm.Resource.Http.Controllers.Playground.LocationRouteTest" assertions="4" time="0.232994"/>
        <testcase name="test_json_admin_can_update" file="/app/vendor/gammamatrix/playground-test/src/Feature/Http/Controllers/Resource/Playground/UpdateJsonTrait.php" line="90" class="Tests\Feature\Playground\Crm\Resource\Http\Controllers\Playground\LocationRouteTest" classname="Tests.Feature.Playground.Crm.Resource.Http.Controllers.Playground.LocationRouteTest" assertions="98" time="0.271256"/>
        <testcase name="test_guest_cannot_update" file="/app/vendor/gammamatrix/playground-test/src/Feature/Http/Controllers/Resource/Playground/UpdateTrait.php" line="45" class="Tests\Feature\Playground\Crm\Resource\Http\Controllers\Playground\LocationRouteTest" classname="Tests.Feature.Playground.Crm.Resource.Http.Controllers.Playground.LocationRouteTest" assertions="1" time="0.220914"/>
        <testcase name="test_update_as_admin_without_payload_and_fail_validation" file="/app/vendor/gammamatrix/playground-test/src/Feature/Http/Controllers/Resource/Playground/UpdateTrait.php" line="65" class="Tests\Feature\Playground\Crm\Resource\Http\Controllers\Playground\LocationRouteTest" classname="Tests.Feature.Playground.Crm.Resource.Http.Controllers.Playground.LocationRouteTest" assertions="4" time="0.225740"/>
        <testcase name="test_admin_can_update" file="/app/vendor/gammamatrix/playground-test/src/Feature/Http/Controllers/Resource/Playground/UpdateTrait.php" line="90" class="Tests\Feature\Playground\Crm\Resource\Http\Controllers\Playground\LocationRouteTest" classname="Tests.Feature.Playground.Crm.Resource.Http.Controllers.Playground.LocationRouteTest" assertions="6" time="0.297935"/>
        <testcase name="test_admin_can_update_view_with_return_url" file="/app/vendor/gammamatrix/playground-test/src/Feature/Http/Controllers/Resource/Playground/UpdateTrait.php" line="133" class="Tests\Feature\Playground\Crm\Resource\Http\Controllers\Playground\LocationRouteTest" classname="Tests.Feature.Playground.Crm.Resource.Http.Controllers.Playground.LocationRouteTest" assertions="6" time="0.266612"/>
      </testsuite>
      <testsuite name="Tests\Feature\Playground\Crm\Resource\Http\Controllers\Playground\OrganizationRouteTest" file="/app/tests/Feature/Http/Controllers/Playground/OrganizationRouteTest.php" tests="73" assertions="1074" errors="0" failures="0" skipped="0" time="16.335996">
        <testcase name="test_json_guest_cannot_get_create_info" file="/app/vendor/gammamatrix/playground-test/src/Feature/Http/Controllers/Resource/Playground/CreateJsonTrait.php" line="38" class="Tests\Feature\Playground\Crm\Resource\Http\Controllers\Playground\OrganizationRouteTest" classname="Tests.Feature.Playground.Crm.Resource.Http.Controllers.Playground.OrganizationRouteTest" assertions="1" time="0.256712"/>
        <testcase name="test_json_admin_can_get_create_info" file="/app/vendor/gammamatrix/playground-test/src/Feature/Http/Controllers/Resource/Playground/CreateJsonTrait.php" line="53" class="Tests\Feature\Playground\Crm\Resource\Http\Controllers\Playground\OrganizationRouteTest" classname="Tests.Feature.Playground.Crm.Resource.Http.Controllers.Playground.OrganizationRouteTest" assertions="94" time="0.214851"/>
        <testcase name="test_json_get_create_info_as_admin_with_invalid_parameter_and_fail_validation" file="/app/vendor/gammamatrix/playground-test/src/Feature/Http/Controllers/Resource/Playground/CreateJsonTrait.php" line="73" class="Tests\Feature\Playground\Crm\Resource\Http\Controllers\Playground\OrganizationRouteTest" classname="Tests.Feature.Playground.Crm.Resource.Http.Controllers.Playground.OrganizationRouteTest" assertions="4" time="0.200464"/>
        <testcase name="test_guest_cannot_render_create_view" file="/app/vendor/gammamatrix/playground-test/src/Feature/Http/Controllers/Resource/Playground/CreateTrait.php" line="33" class="Tests\Feature\Playground\Crm\Resource\Http\Controllers\Playground\OrganizationRouteTest" classname="Tests.Feature.Playground.Crm.Resource.Http.Controllers.Playground.OrganizationRouteTest" assertions="1" time="0.184595"/>
        <testcase name="test_admin_can_render_create_view" file="/app/vendor/gammamatrix/playground-test/src/Feature/Http/Controllers/Resource/Playground/CreateTrait.php" line="47" class="Tests\Feature\Playground\Crm\Resource\Http\Controllers\Playground\OrganizationRouteTest" classname="Tests.Feature.Playground.Crm.Resource.Http.Controllers.Playground.OrganizationRouteTest" assertions="2" time="0.252260"/>
        <testcase name="test_admin_can_render_create_view_with_return_url" file="/app/vendor/gammamatrix/playground-test/src/Feature/Http/Controllers/Resource/Playground/CreateTrait.php" line="65" class="Tests\Feature\Playground\Crm\Resource\Http\Controllers\Playground\OrganizationRouteTest" classname="Tests.Feature.Playground.Crm.Resource.Http.Controllers.Playground.OrganizationRouteTest" assertions="3" time="0.239206"/>
        <testcase name="test_create_view_as_admin_with_invalid_parameter_and_fail_validation_and_redirect" file="/app/vendor/gammamatrix/playground-test/src/Feature/Http/Controllers/Resource/Playground/CreateTrait.php" line="92" class="Tests\Feature\Playground\Crm\Resource\Http\Controllers\Playground\OrganizationRouteTest" classname="Tests.Feature.Playground.Crm.Resource.Http.Controllers.Playground.OrganizationRouteTest" assertions="5" time="0.202488"/>
        <testcase name="test_json_guest_cannot_destroy" file="/app/vendor/gammamatrix/playground-test/src/Feature/Http/Controllers/Resource/Playground/DestroyJsonTrait.php" line="31" class="Tests\Feature\Playground\Crm\Resource\Http\Controllers\Playground\OrganizationRouteTest" classname="Tests.Feature.Playground.Crm.Resource.Http.Controllers.Playground.OrganizationRouteTest" assertions="3" time="0.196506"/>
        <testcase name="test_json_destroy_as_admin_and_succeed" file="/app/vendor/gammamatrix/playground-test/src/Feature/Http/Controllers/Resource/Playground/DestroyJsonTrait.php" line="61" class="Tests\Feature\Playground\Crm\Resource\Http\Controllers\Playground\OrganizationRouteTest" classname="Tests.Feature.Playground.Crm.Resource.Http.Controllers.Playground.OrganizationRouteTest" assertions="5" time="0.216537"/>
        <testcase name="test_json_destroy_as_admin_and_succeed_with_force_delete" file="/app/vendor/gammamatrix/playground-test/src/Feature/Http/Controllers/Resource/Playground/DestroyJsonTrait.php" line="100" class="Tests\Feature\Playground\Crm\Resource\Http\Controllers\Playground\OrganizationRouteTest" classname="Tests.Feature.Playground.Crm.Resource.Http.Controllers.Playground.OrganizationRouteTest" assertions="4" time="0.205609"/>
        <testcase name="test_json_destroy_as_admin_and_succeed_with_no_content" file="/app/vendor/gammamatrix/playground-test/src/Feature/Http/Controllers/Resource/Playground/DestroyJsonTrait.php" line="132" class="Tests\Feature\Playground\Crm\Resource\Http\Controllers\Playground\OrganizationRouteTest" classname="Tests.Feature.Playground.Crm.Resource.Http.Controllers.Playground.OrganizationRouteTest" assertions="5" time="0.214130"/>
        <testcase name="test_json_destroy_as_admin_and_succeed_and_ignore_redirect" file="/app/vendor/gammamatrix/playground-test/src/Feature/Http/Controllers/Resource/Playground/DestroyJsonTrait.php" line="167" class="Tests\Feature\Playground\Crm\Resource\Http\Controllers\Playground\OrganizationRouteTest" classname="Tests.Feature.Playground.Crm.Resource.Http.Controllers.Playground.OrganizationRouteTest" assertions="5" time="0.209099"/>
        <testcase name="test_json_destroy_as_user_and_get_denied_and_no_force_delete_allowed" file="/app/vendor/gammamatrix/playground-test/src/Feature/Http/Controllers/Resource/Playground/DestroyJsonTrait.php" line="209" class="Tests\Feature\Playground\Crm\Resource\Http\Controllers\Playground\OrganizationRouteTest" classname="Tests.Feature.Playground.Crm.Resource.Http.Controllers.Playground.OrganizationRouteTest" assertions="3" time="0.212346"/>
        <testcase name="test_guest_cannot_destroy" file="/app/vendor/gammamatrix/playground-test/src/Feature/Http/Controllers/Resource/Playground/DestroyTrait.php" line="31" class="Tests\Feature\Playground\Crm\Resource\Http\Controllers\Playground\OrganizationRouteTest" classname="Tests.Feature.Playground.Crm.Resource.Http.Controllers.Playground.OrganizationRouteTest" assertions="3" time="0.197687"/>
        <testcase name="test_destroy_as_admin_and_succeed" file="/app/vendor/gammamatrix/playground-test/src/Feature/Http/Controllers/Resource/Playground/DestroyTrait.php" line="61" class="Tests\Feature\Playground\Crm\Resource\Http\Controllers\Playground\OrganizationRouteTest" classname="Tests.Feature.Playground.Crm.Resource.Http.Controllers.Playground.OrganizationRouteTest" assertions="5" time="0.220159"/>
        <testcase name="test_destroy_as_admin_and_succeed_with_force_delete" file="/app/vendor/gammamatrix/playground-test/src/Feature/Http/Controllers/Resource/Playground/DestroyTrait.php" line="97" class="Tests\Feature\Playground\Crm\Resource\Http\Controllers\Playground\OrganizationRouteTest" classname="Tests.Feature.Playground.Crm.Resource.Http.Controllers.Playground.OrganizationRouteTest" assertions="4" time="0.208258"/>
        <testcase name="test_destroy_as_admin_and_succeed_with_redirect_to_index_with_trash" file="/app/vendor/gammamatrix/playground-test/src/Feature/Http/Controllers/Resource/Playground/DestroyTrait.php" line="129" class="Tests\Feature\Playground\Crm\Resource\Http\Controllers\Playground\OrganizationRouteTest" classname="Tests.Feature.Playground.Crm.Resource.Http.Controllers.Playground.OrganizationRouteTest" assertions="5" time="0.209826"/>
        <testcase name="test_destroy_as_user_and_get_denied_and_no_force_delete_allowed" file="/app/vendor/gammamatrix/playground-test/src/Feature/Http/Controllers/Resource/Playground/DestroyTrait.php" line="171" class="Tests\Feature\Playground\Crm\Resource\Http\Controllers\Playground\OrganizationRouteTest" classname="Tests.Feature.Playground.Crm.Resource.Http.Controllers.Playground.OrganizationRouteTest" assertions="3" time="0.206770"/>
        <testcase name="test_json_guest_cannot_get_edit_info" file="/app/vendor/gammamatrix/playground-test/src/Feature/Http/Controllers/Resource/Playground/EditJsonTrait.php" line="38" class="Tests\Feature\Playground\Crm\Resource\Http\Controllers\Playground\OrganizationRouteTest" classname="Tests.Feature.Playground.Crm.Resource.Http.Controllers.Playground.OrganizationRouteTest" assertions="1" time="0.198050"/>
        <testcase name="test_json_admin_can_get_edit_info" file="/app/vendor/gammamatrix/playground-test/src/Feature/Http/Controllers/Resource/Playground/EditJsonTrait.php" line="58" class="Tests\Feature\Playground\Crm\Resource\Http\Controllers\Playground\OrganizationRouteTest" classname="Tests.Feature.Playground.Crm.Resource.Http.Controllers.Playground.OrganizationRouteTest" assertions="4" time="0.230076"/>
        <testcase name="test_json_edit_as_admin_and_fail_validation_with_invalid_parameter" file="/app/vendor/gammamatrix/playground-test/src/Feature/Http/Controllers/Resource/Playground/EditJsonTrait.php" line="87" class="Tests\Feature\Playground\Crm\Resource\Http\Controllers\Playground\OrganizationRouteTest" classname="Tests.Feature.Playground.Crm.Resource.Http.Controllers.Playground.OrganizationRouteTest" assertions="4" time="0.220483"/>
        <testcase name="test_guest_cannot_render_edit_view" file="/app/vendor/gammamatrix/playground-test/src/Feature/Http/Controllers/Resource/Playground/EditTrait.php" line="33" class="Tests\Feature\Playground\Crm\Resource\Http\Controllers\Playground\OrganizationRouteTest" classname="Tests.Feature.Playground.Crm.Resource.Http.Controllers.Playground.OrganizationRouteTest" assertions="1" time="0.199351"/>
        <testcase name="test_admin_can_render_edit_view" file="/app/vendor/gammamatrix/playground-test/src/Feature/Http/Controllers/Resource/Playground/EditTrait.php" line="53" class="Tests\Feature\Playground\Crm\Resource\Http\Controllers\Playground\OrganizationRouteTest" classname="Tests.Feature.Playground.Crm.Resource.Http.Controllers.Playground.OrganizationRouteTest" assertions="2" time="0.238598"/>
        <testcase name="test_admin_can_render_edit_view_with_return_url" file="/app/vendor/gammamatrix/playground-test/src/Feature/Http/Controllers/Resource/Playground/EditTrait.php" line="77" class="Tests\Feature\Playground\Crm\Resource\Http\Controllers\Playground\OrganizationRouteTest" classname="Tests.Feature.Playground.Crm.Resource.Http.Controllers.Playground.OrganizationRouteTest" assertions="3" time="0.246281"/>
        <testcase name="test_edit_view_as_admin_with_invalid_parameter_and_fail_validation_and_redirect" file="/app/vendor/gammamatrix/playground-test/src/Feature/Http/Controllers/Resource/Playground/EditTrait.php" line="109" class="Tests\Feature\Playground\Crm\Resource\Http\Controllers\Playground\OrganizationRouteTest" classname="Tests.Feature.Playground.Crm.Resource.Http.Controllers.Playground.OrganizationRouteTest" assertions="4" time="0.227547"/>
        <testcase name="test_json_guest_cannot_get_index" file="/app/vendor/gammamatrix/playground-test/src/Feature/Http/Controllers/Resource/Playground/IndexJsonTrait.php" line="34" class="Tests\Feature\Playground\Crm\Resource\Http\Controllers\Playground\OrganizationRouteTest" classname="Tests.Feature.Playground.Crm.Resource.Http.Controllers.Playground.OrganizationRouteTest" assertions="1" time="0.199546"/>
        <testcase name="test_json_admin_can_get_index" file="/app/vendor/gammamatrix/playground-test/src/Feature/Http/Controllers/Resource/Playground/IndexJsonTrait.php" line="49" class="Tests\Feature\Playground\Crm\Resource\Http\Controllers\Playground\OrganizationRouteTest" classname="Tests.Feature.Playground.Crm.Resource.Http.Controllers.Playground.OrganizationRouteTest" assertions="101" time="0.226267"/>
        <testcase name="test_json_admin_can_get_index_with_filters" file="/app/vendor/gammamatrix/playground-test/src/Feature/Http/Controllers/Resource/Playground/IndexJsonTrait.php" line="85" class="Tests\Feature\Playground\Crm\Resource\Http\Controllers\Playground\OrganizationRouteTest" classname="Tests.Feature.Playground.Crm.Resource.Http.Controllers.Playground.OrganizationRouteTest" assertions="3" time="0.245079"/>
        <testcase name="test_guest_cannot_render_index_view" file="/app/vendor/gammamatrix/playground-test/src/Feature/Http/Controllers/Resource/Playground/IndexTrait.php" line="29" class="Tests\Feature\Playground\Crm\Resource\Http\Controllers\Playground\OrganizationRouteTest" classname="Tests.Feature.Playground.Crm.Resource.Http.Controllers.Playground.OrganizationRouteTest" assertions="1" time="0.216544"/>
        <testcase name="test_admin_can_render_index_view" file="/app/vendor/gammamatrix/playground-test/src/Feature/Http/Controllers/Resource/Playground/IndexTrait.php" line="44" class="Tests\Feature\Playground\Crm\Resource\Http\Controllers\Playground\OrganizationRouteTest" classname="Tests.Feature.Playground.Crm.Resource.Http.Controllers.Playground.OrganizationRouteTest" assertions="2" time="0.255566"/>
        <testcase name="test_admin_can_render_index_view_with_filters" file="/app/vendor/gammamatrix/playground-test/src/Feature/Http/Controllers/Resource/Playground/IndexTrait.php" line="77" class="Tests\Feature\Playground\Crm\Resource\Http\Controllers\Playground\OrganizationRouteTest" classname="Tests.Feature.Playground.Crm.Resource.Http.Controllers.Playground.OrganizationRouteTest" assertions="3" time="0.241802"/>
        <testcase name="test_json_guest_cannot_lock" file="/app/vendor/gammamatrix/playground-test/src/Feature/Http/Controllers/Resource/Playground/LockJsonTrait.php" line="36" class="Tests\Feature\Playground\Crm\Resource\Http\Controllers\Playground\OrganizationRouteTest" classname="Tests.Feature.Playground.Crm.Resource.Http.Controllers.Playground.OrganizationRouteTest" assertions="3" time="0.205761"/>
        <testcase name="test_json_lock_as_admin_and_succeed" file="/app/vendor/gammamatrix/playground-test/src/Feature/Http/Controllers/Resource/Playground/LockJsonTrait.php" line="66" class="Tests\Feature\Playground\Crm\Resource\Http\Controllers\Playground\OrganizationRouteTest" classname="Tests.Feature.Playground.Crm.Resource.Http.Controllers.Playground.OrganizationRouteTest" assertions="3" time="0.219805"/>
        <testcase name="test_json_lock_as_admin_and_succeed_with_no_redirect" file="/app/vendor/gammamatrix/playground-test/src/Feature/Http/Controllers/Resource/Playground/LockJsonTrait.php" line="98" class="Tests\Feature\Playground\Crm\Resource\Http\Controllers\Playground\OrganizationRouteTest" classname="Tests.Feature.Playground.Crm.Resource.Http.Controllers.Playground.OrganizationRouteTest" assertions="96" time="0.232778"/>
        <testcase name="test_json_lock_as_user_and_get_denied" file="/app/vendor/gammamatrix/playground-test/src/Feature/Http/Controllers/Resource/Playground/LockJsonTrait.php" line="143" class="Tests\Feature\Playground\Crm\Resource\Http\Controllers\Playground\OrganizationRouteTest" classname="Tests.Feature.Playground.Crm.Resource.Http.Controllers.Playground.OrganizationRouteTest" assertions="3" time="0.216951"/>
        <testcase name="test_guest_cannot_lock" file="/app/vendor/gammamatrix/playground-test/src/Feature/Http/Controllers/Resource/Playground/LockTrait.php" line="31" class="Tests\Feature\Playground\Crm\Resource\Http\Controllers\Playground\OrganizationRouteTest" classname="Tests.Feature.Playground.Crm.Resource.Http.Controllers.Playground.OrganizationRouteTest" assertions="3" time="0.208963"/>
        <testcase name="test_lock_as_admin_and_succeed" file="/app/vendor/gammamatrix/playground-test/src/Feature/Http/Controllers/Resource/Playground/LockTrait.php" line="61" class="Tests\Feature\Playground\Crm\Resource\Http\Controllers\Playground\OrganizationRouteTest" classname="Tests.Feature.Playground.Crm.Resource.Http.Controllers.Playground.OrganizationRouteTest" assertions="4" time="0.217454"/>
        <testcase name="test_lock_as_admin_and_succeed_with_redirect_to_index_with_sorted_by_locked_desc" file="/app/vendor/gammamatrix/playground-test/src/Feature/Http/Controllers/Resource/Playground/LockTrait.php" line="95" class="Tests\Feature\Playground\Crm\Resource\Http\Controllers\Playground\OrganizationRouteTest" classname="Tests.Feature.Playground.Crm.Resource.Http.Controllers.Playground.OrganizationRouteTest" assertions="4" time="0.231935"/>
        <testcase name="test_lock_as_user_and_get_denied" file="/app/vendor/gammamatrix/playground-test/src/Feature/Http/Controllers/Resource/Playground/LockTrait.php" line="132" class="Tests\Feature\Playground\Crm\Resource\Http\Controllers\Playground\OrganizationRouteTest" classname="Tests.Feature.Playground.Crm.Resource.Http.Controllers.Playground.OrganizationRouteTest" assertions="3" time="0.214391"/>
        <testcase name="test_json_guest_cannot_restore" file="/app/vendor/gammamatrix/playground-test/src/Feature/Http/Controllers/Resource/Playground/RestoreJsonTrait.php" line="32" class="Tests\Feature\Playground\Crm\Resource\Http\Controllers\Playground\OrganizationRouteTest" classname="Tests.Feature.Playground.Crm.Resource.Http.Controllers.Playground.OrganizationRouteTest" assertions="3" time="0.205528"/>
        <testcase name="test_json_restore_as_admin_and_succeed" file="/app/vendor/gammamatrix/playground-test/src/Feature/Http/Controllers/Resource/Playground/RestoreJsonTrait.php" line="64" class="Tests\Feature\Playground\Crm\Resource\Http\Controllers\Playground\OrganizationRouteTest" classname="Tests.Feature.Playground.Crm.Resource.Http.Controllers.Playground.OrganizationRouteTest" assertions="96" time="0.222652"/>
        <testcase name="test_json_restore_as_admin_and_succeed_with_no_redirect" file="/app/vendor/gammamatrix/playground-test/src/Feature/Http/Controllers/Resource/Playground/RestoreJsonTrait.php" line="100" class="Tests\Feature\Playground\Crm\Resource\Http\Controllers\Playground\OrganizationRouteTest" classname="Tests.Feature.Playground.Crm.Resource.Http.Controllers.Playground.OrganizationRouteTest" assertions="96" time="0.226028"/>
        <testcase name="test_json_restore_as_user_and_get_denied" file="/app/vendor/gammamatrix/playground-test/src/Feature/Http/Controllers/Resource/Playground/RestoreJsonTrait.php" line="143" class="Tests\Feature\Playground\Crm\Resource\Http\Controllers\Playground\OrganizationRouteTest" classname="Tests.Feature.Playground.Crm.Resource.Http.Controllers.Playground.OrganizationRouteTest" assertions="3" time="0.244313"/>
        <testcase name="test_guest_cannot_restore" file="/app/vendor/gammamatrix/playground-test/src/Feature/Http/Controllers/Resource/Playground/RestoreTrait.php" line="32" class="Tests\Feature\Playground\Crm\Resource\Http\Controllers\Playground\OrganizationRouteTest" classname="Tests.Feature.Playground.Crm.Resource.Http.Controllers.Playground.OrganizationRouteTest" assertions="3" time="0.205320"/>
        <testcase name="test_restore_as_admin_and_succeed" file="/app/vendor/gammamatrix/playground-test/src/Feature/Http/Controllers/Resource/Playground/RestoreTrait.php" line="64" class="Tests\Feature\Playground\Crm\Resource\Http\Controllers\Playground\OrganizationRouteTest" classname="Tests.Feature.Playground.Crm.Resource.Http.Controllers.Playground.OrganizationRouteTest" assertions="4" time="0.218433"/>
        <testcase name="test_restore_as_admin_and_succeed_with_redirect_to_index_with_only_trash" file="/app/vendor/gammamatrix/playground-test/src/Feature/Http/Controllers/Resource/Playground/RestoreTrait.php" line="100" class="Tests\Feature\Playground\Crm\Resource\Http\Controllers\Playground\OrganizationRouteTest" classname="Tests.Feature.Playground.Crm.Resource.Http.Controllers.Playground.OrganizationRouteTest" assertions="4" time="0.219214"/>
        <testcase name="test_restore_as_user_and_get_denied" file="/app/vendor/gammamatrix/playground-test/src/Feature/Http/Controllers/Resource/Playground/RestoreTrait.php" line="146" class="Tests\Feature\Playground\Crm\Resource\Http\Controllers\Playground\OrganizationRouteTest" classname="Tests.Feature.Playground.Crm.Resource.Http.Controllers.Playground.OrganizationRouteTest" assertions="3" time="0.233314"/>
        <testcase name="test_json_guest_cannot_see_info" file="/app/vendor/gammamatrix/playground-test/src/Feature/Http/Controllers/Resource/Playground/ShowJsonTrait.php" line="29" class="Tests\Feature\Playground\Crm\Resource\Http\Controllers\Playground\OrganizationRouteTest" classname="Tests.Feature.Playground.Crm.Resource.Http.Controllers.Playground.OrganizationRouteTest" assertions="1" time="0.205426"/>
        <testcase name="test_json_show_info_for_admin" file="/app/vendor/gammamatrix/playground-test/src/Feature/Http/Controllers/Resource/Playground/ShowJsonTrait.php" line="49" class="Tests\Feature\Playground\Crm\Resource\Http\Controllers\Playground\OrganizationRouteTest" classname="Tests.Feature.Playground.Crm.Resource.Http.Controllers.Playground.OrganizationRouteTest" assertions="95" time="0.221035"/>
        <testcase name="test_guest_cannot_render_show_view" file="/app/vendor/gammamatrix/playground-test/src/Feature/Http/Controllers/Resource/Playground/ShowTrait.php" line="29" class="Tests\Feature\Playground\Crm\Resource\Http\Controllers\Playground\OrganizationRouteTest" classname="Tests.Feature.Playground.Crm.Resource.Http.Controllers.Playground.OrganizationRouteTest" assertions="1" time="0.208208"/>
        <testcase name="test_show_view_rendered_by_admin" file="/app/vendor/gammamatrix/playground-test/src/Feature/Http/Controllers/Resource/Playground/ShowTrait.php" line="49" class="Tests\Feature\Playground\Crm\Resource\Http\Controllers\Playground\OrganizationRouteTest" classname="Tests.Feature.Playground.Crm.Resource.Http.Controllers.Playground.OrganizationRouteTest" assertions="2" time="0.237438"/>
        <testcase name="test_json_guest_cannot_store" file="/app/vendor/gammamatrix/playground-test/src/Feature/Http/Controllers/Resource/Playground/StoreJsonTrait.php" line="43" class="Tests\Feature\Playground\Crm\Resource\Http\Controllers\Playground\OrganizationRouteTest" classname="Tests.Feature.Playground.Crm.Resource.Http.Controllers.Playground.OrganizationRouteTest" assertions="3" time="0.216256"/>
        <testcase name="test_json_store_as_admin_without_payload_and_fail_validation" file="/app/vendor/gammamatrix/playground-test/src/Feature/Http/Controllers/Resource/Playground/StoreJsonTrait.php" line="66" class="Tests\Feature\Playground\Crm\Resource\Http\Controllers\Playground\OrganizationRouteTest" classname="Tests.Feature.Playground.Crm.Resource.Http.Controllers.Playground.OrganizationRouteTest" assertions="5" time="0.215067"/>
        <testcase name="test_json_store_as_admin_and_succeed" file="/app/vendor/gammamatrix/playground-test/src/Feature/Http/Controllers/Resource/Playground/StoreJsonTrait.php" line="92" class="Tests\Feature\Playground\Crm\Resource\Http\Controllers\Playground\OrganizationRouteTest" classname="Tests.Feature.Playground.Crm.Resource.Http.Controllers.Playground.OrganizationRouteTest" assertions="3" time="0.248619"/>
        <testcase name="test_guest_cannot_store" file="/app/vendor/gammamatrix/playground-test/src/Feature/Http/Controllers/Resource/Playground/StoreTrait.php" line="38" class="Tests\Feature\Playground\Crm\Resource\Http\Controllers\Playground\OrganizationRouteTest" classname="Tests.Feature.Playground.Crm.Resource.Http.Controllers.Playground.OrganizationRouteTest" assertions="3" time="0.206215"/>
        <testcase name="test_store_as_admin_without_payload_and_fail_validation" file="/app/vendor/gammamatrix/playground-test/src/Feature/Http/Controllers/Resource/Playground/StoreTrait.php" line="61" class="Tests\Feature\Playground\Crm\Resource\Http\Controllers\Playground\OrganizationRouteTest" classname="Tests.Feature.Playground.Crm.Resource.Http.Controllers.Playground.OrganizationRouteTest" assertions="5" time="0.216917"/>
        <testcase name="test_store_as_admin_and_succeed" file="/app/vendor/gammamatrix/playground-test/src/Feature/Http/Controllers/Resource/Playground/StoreTrait.php" line="90" class="Tests\Feature\Playground\Crm\Resource\Http\Controllers\Playground\OrganizationRouteTest" classname="Tests.Feature.Playground.Crm.Resource.Http.Controllers.Playground.OrganizationRouteTest" assertions="4" time="0.259949"/>
        <testcase name="test_store_as_admin_and_succeed_with_return_url" file="/app/vendor/gammamatrix/playground-test/src/Feature/Http/Controllers/Resource/Playground/StoreTrait.php" line="135" class="Tests\Feature\Playground\Crm\Resource\Http\Controllers\Playground\OrganizationRouteTest" classname="Tests.Feature.Playground.Crm.Resource.Http.Controllers.Playground.OrganizationRouteTest" assertions="4" time="0.243337"/>
        <testcase name="test_json_guest_cannot_unlock" file="/app/vendor/gammamatrix/playground-test/src/Feature/Http/Controllers/Resource/Playground/UnlockJsonTrait.php" line="36" class="Tests\Feature\Playground\Crm\Resource\Http\Controllers\Playground\OrganizationRouteTest" classname="Tests.Feature.Playground.Crm.Resource.Http.Controllers.Playground.OrganizationRouteTest" assertions="3" time="0.216318"/>
        <testcase name="test_json_unlock_as_admin_and_succeed" file="/app/vendor/gammamatrix/playground-test/src/Feature/Http/Controllers/Resource/Playground/UnlockJsonTrait.php" line="68" class="Tests\Feature\Playground\Crm\Resource\Http\Controllers\Playground\OrganizationRouteTest" classname="Tests.Feature.Playground.Crm.Resource.Http.Controllers.Playground.OrganizationRouteTest" assertions="96" time="0.229268"/>
        <testcase name="test_json_unlock_as_admin_and_succeed_with_no_redirect" file="/app/vendor/gammamatrix/playground-test/src/Feature/Http/Controllers/Resource/Playground/UnlockJsonTrait.php" line="104" class="Tests\Feature\Playground\Crm\Resource\Http\Controllers\Playground\OrganizationRouteTest" classname="Tests.Feature.Playground.Crm.Resource.Http.Controllers.Playground.OrganizationRouteTest" assertions="96" time="0.247689"/>
        <testcase name="test_json_unlock_as_user_and_get_denied" file="/app/vendor/gammamatrix/playground-test/src/Feature/Http/Controllers/Resource/Playground/UnlockJsonTrait.php" line="145" class="Tests\Feature\Playground\Crm\Resource\Http\Controllers\Playground\OrganizationRouteTest" classname="Tests.Feature.Playground.Crm.Resource.Http.Controllers.Playground.OrganizationRouteTest" assertions="3" time="0.222702"/>
        <testcase name="test_guest_cannot_unlock" file="/app/vendor/gammamatrix/playground-test/src/Feature/Http/Controllers/Resource/Playground/UnlockTrait.php" line="36" class="Tests\Feature\Playground\Crm\Resource\Http\Controllers\Playground\OrganizationRouteTest" classname="Tests.Feature.Playground.Crm.Resource.Http.Controllers.Playground.OrganizationRouteTest" assertions="3" time="0.211789"/>
        <testcase name="test_unlock_as_admin_and_succeed" file="/app/vendor/gammamatrix/playground-test/src/Feature/Http/Controllers/Resource/Playground/UnlockTrait.php" line="68" class="Tests\Feature\Playground\Crm\Resource\Http\Controllers\Playground\OrganizationRouteTest" classname="Tests.Feature.Playground.Crm.Resource.Http.Controllers.Playground.OrganizationRouteTest" assertions="4" time="0.223933"/>
        <testcase name="test_unlock_as_admin_and_succeed_with_redirect_to_index_with_sorted_by_unlocked_desc" file="/app/vendor/gammamatrix/playground-test/src/Feature/Http/Controllers/Resource/Playground/UnlockTrait.php" line="109" class="Tests\Feature\Playground\Crm\Resource\Http\Controllers\Playground\OrganizationRouteTest" classname="Tests.Feature.Playground.Crm.Resource.Http.Controllers.Playground.OrganizationRouteTest" assertions="4" time="0.241327"/>
        <testcase name="test_unlock_as_user_and_get_denied" file="/app/vendor/gammamatrix/playground-test/src/Feature/Http/Controllers/Resource/Playground/UnlockTrait.php" line="148" class="Tests\Feature\Playground\Crm\Resource\Http\Controllers\Playground\OrganizationRouteTest" classname="Tests.Feature.Playground.Crm.Resource.Http.Controllers.Playground.OrganizationRouteTest" assertions="3" time="0.224158"/>
        <testcase name="test_json_guest_cannot_update" file="/app/vendor/gammamatrix/playground-test/src/Feature/Http/Controllers/Resource/Playground/UpdateJsonTrait.php" line="45" class="Tests\Feature\Playground\Crm\Resource\Http\Controllers\Playground\OrganizationRouteTest" classname="Tests.Feature.Playground.Crm.Resource.Http.Controllers.Playground.OrganizationRouteTest" assertions="1" time="0.215120"/>
        <testcase name="test_json_update_as_admin_without_payload_and_fail_validation" file="/app/vendor/gammamatrix/playground-test/src/Feature/Http/Controllers/Resource/Playground/UpdateJsonTrait.php" line="65" class="Tests\Feature\Playground\Crm\Resource\Http\Controllers\Playground\OrganizationRouteTest" classname="Tests.Feature.Playground.Crm.Resource.Http.Controllers.Playground.OrganizationRouteTest" assertions="4" time="0.237466"/>
        <testcase name="test_json_admin_can_update" file="/app/vendor/gammamatrix/playground-test/src/Feature/Http/Controllers/Resource/Playground/UpdateJsonTrait.php" line="90" class="Tests\Feature\Playground\Crm\Resource\Http\Controllers\Playground\OrganizationRouteTest" classname="Tests.Feature.Playground.Crm.Resource.Http.Controllers.Playground.OrganizationRouteTest" assertions="98" time="0.273674"/>
        <testcase name="test_guest_cannot_update" file="/app/vendor/gammamatrix/playground-test/src/Feature/Http/Controllers/Resource/Playground/UpdateTrait.php" line="45" class="Tests\Feature\Playground\Crm\Resource\Http\Controllers\Playground\OrganizationRouteTest" classname="Tests.Feature.Playground.Crm.Resource.Http.Controllers.Playground.OrganizationRouteTest" assertions="1" time="0.235631"/>
        <testcase name="test_update_as_admin_without_payload_and_fail_validation" file="/app/vendor/gammamatrix/playground-test/src/Feature/Http/Controllers/Resource/Playground/UpdateTrait.php" line="65" class="Tests\Feature\Playground\Crm\Resource\Http\Controllers\Playground\OrganizationRouteTest" classname="Tests.Feature.Playground.Crm.Resource.Http.Controllers.Playground.OrganizationRouteTest" assertions="4" time="0.227205"/>
        <testcase name="test_admin_can_update" file="/app/vendor/gammamatrix/playground-test/src/Feature/Http/Controllers/Resource/Playground/UpdateTrait.php" line="90" class="Tests\Feature\Playground\Crm\Resource\Http\Controllers\Playground\OrganizationRouteTest" classname="Tests.Feature.Playground.Crm.Resource.Http.Controllers.Playground.OrganizationRouteTest" assertions="6" time="0.267611"/>
        <testcase name="test_admin_can_update_view_with_return_url" file="/app/vendor/gammamatrix/playground-test/src/Feature/Http/Controllers/Resource/Playground/UpdateTrait.php" line="133" class="Tests\Feature\Playground\Crm\Resource\Http\Controllers\Playground\OrganizationRouteTest" classname="Tests.Feature.Playground.Crm.Resource.Http.Controllers.Playground.OrganizationRouteTest" assertions="6" time="0.268102"/>
      </testsuite>
      <testsuite name="Tests\Feature\Playground\Crm\Resource\Http\Controllers\Playground\PeopleRouteTest" file="/app/tests/Feature/Http/Controllers/Playground/PeopleRouteTest.php" tests="73" assertions="1074" errors="0" failures="0" skipped="0" time="16.886100">
        <testcase name="test_json_guest_cannot_get_create_info" file="/app/vendor/gammamatrix/playground-test/src/Feature/Http/Controllers/Resource/Playground/CreateJsonTrait.php" line="38" class="Tests\Feature\Playground\Crm\Resource\Http\Controllers\Playground\PeopleRouteTest" classname="Tests.Feature.Playground.Crm.Resource.Http.Controllers.Playground.PeopleRouteTest" assertions="1" time="0.257933"/>
        <testcase name="test_json_admin_can_get_create_info" file="/app/vendor/gammamatrix/playground-test/src/Feature/Http/Controllers/Resource/Playground/CreateJsonTrait.php" line="53" class="Tests\Feature\Playground\Crm\Resource\Http\Controllers\Playground\PeopleRouteTest" classname="Tests.Feature.Playground.Crm.Resource.Http.Controllers.Playground.PeopleRouteTest" assertions="94" time="0.211034"/>
        <testcase name="test_json_get_create_info_as_admin_with_invalid_parameter_and_fail_validation" file="/app/vendor/gammamatrix/playground-test/src/Feature/Http/Controllers/Resource/Playground/CreateJsonTrait.php" line="73" class="Tests\Feature\Playground\Crm\Resource\Http\Controllers\Playground\PeopleRouteTest" classname="Tests.Feature.Playground.Crm.Resource.Http.Controllers.Playground.PeopleRouteTest" assertions="4" time="0.205947"/>
        <testcase name="test_guest_cannot_render_create_view" file="/app/vendor/gammamatrix/playground-test/src/Feature/Http/Controllers/Resource/Playground/CreateTrait.php" line="33" class="Tests\Feature\Playground\Crm\Resource\Http\Controllers\Playground\PeopleRouteTest" classname="Tests.Feature.Playground.Crm.Resource.Http.Controllers.Playground.PeopleRouteTest" assertions="1" time="0.191906"/>
        <testcase name="test_admin_can_render_create_view" file="/app/vendor/gammamatrix/playground-test/src/Feature/Http/Controllers/Resource/Playground/CreateTrait.php" line="47" class="Tests\Feature\Playground\Crm\Resource\Http\Controllers\Playground\PeopleRouteTest" classname="Tests.Feature.Playground.Crm.Resource.Http.Controllers.Playground.PeopleRouteTest" assertions="2" time="0.275354"/>
        <testcase name="test_admin_can_render_create_view_with_return_url" file="/app/vendor/gammamatrix/playground-test/src/Feature/Http/Controllers/Resource/Playground/CreateTrait.php" line="65" class="Tests\Feature\Playground\Crm\Resource\Http\Controllers\Playground\PeopleRouteTest" classname="Tests.Feature.Playground.Crm.Resource.Http.Controllers.Playground.PeopleRouteTest" assertions="3" time="0.228896"/>
        <testcase name="test_create_view_as_admin_with_invalid_parameter_and_fail_validation_and_redirect" file="/app/vendor/gammamatrix/playground-test/src/Feature/Http/Controllers/Resource/Playground/CreateTrait.php" line="92" class="Tests\Feature\Playground\Crm\Resource\Http\Controllers\Playground\PeopleRouteTest" classname="Tests.Feature.Playground.Crm.Resource.Http.Controllers.Playground.PeopleRouteTest" assertions="5" time="0.209904"/>
        <testcase name="test_json_guest_cannot_destroy" file="/app/vendor/gammamatrix/playground-test/src/Feature/Http/Controllers/Resource/Playground/DestroyJsonTrait.php" line="31" class="Tests\Feature\Playground\Crm\Resource\Http\Controllers\Playground\PeopleRouteTest" classname="Tests.Feature.Playground.Crm.Resource.Http.Controllers.Playground.PeopleRouteTest" assertions="3" time="0.200512"/>
        <testcase name="test_json_destroy_as_admin_and_succeed" file="/app/vendor/gammamatrix/playground-test/src/Feature/Http/Controllers/Resource/Playground/DestroyJsonTrait.php" line="61" class="Tests\Feature\Playground\Crm\Resource\Http\Controllers\Playground\PeopleRouteTest" classname="Tests.Feature.Playground.Crm.Resource.Http.Controllers.Playground.PeopleRouteTest" assertions="5" time="0.211402"/>
        <testcase name="test_json_destroy_as_admin_and_succeed_with_force_delete" file="/app/vendor/gammamatrix/playground-test/src/Feature/Http/Controllers/Resource/Playground/DestroyJsonTrait.php" line="100" class="Tests\Feature\Playground\Crm\Resource\Http\Controllers\Playground\PeopleRouteTest" classname="Tests.Feature.Playground.Crm.Resource.Http.Controllers.Playground.PeopleRouteTest" assertions="4" time="0.231460"/>
        <testcase name="test_json_destroy_as_admin_and_succeed_with_no_content" file="/app/vendor/gammamatrix/playground-test/src/Feature/Http/Controllers/Resource/Playground/DestroyJsonTrait.php" line="132" class="Tests\Feature\Playground\Crm\Resource\Http\Controllers\Playground\PeopleRouteTest" classname="Tests.Feature.Playground.Crm.Resource.Http.Controllers.Playground.PeopleRouteTest" assertions="5" time="0.214086"/>
        <testcase name="test_json_destroy_as_admin_and_succeed_and_ignore_redirect" file="/app/vendor/gammamatrix/playground-test/src/Feature/Http/Controllers/Resource/Playground/DestroyJsonTrait.php" line="167" class="Tests\Feature\Playground\Crm\Resource\Http\Controllers\Playground\PeopleRouteTest" classname="Tests.Feature.Playground.Crm.Resource.Http.Controllers.Playground.PeopleRouteTest" assertions="5" time="0.213617"/>
        <testcase name="test_json_destroy_as_user_and_get_denied_and_no_force_delete_allowed" file="/app/vendor/gammamatrix/playground-test/src/Feature/Http/Controllers/Resource/Playground/DestroyJsonTrait.php" line="209" class="Tests\Feature\Playground\Crm\Resource\Http\Controllers\Playground\PeopleRouteTest" classname="Tests.Feature.Playground.Crm.Resource.Http.Controllers.Playground.PeopleRouteTest" assertions="3" time="0.218352"/>
        <testcase name="test_guest_cannot_destroy" file="/app/vendor/gammamatrix/playground-test/src/Feature/Http/Controllers/Resource/Playground/DestroyTrait.php" line="31" class="Tests\Feature\Playground\Crm\Resource\Http\Controllers\Playground\PeopleRouteTest" classname="Tests.Feature.Playground.Crm.Resource.Http.Controllers.Playground.PeopleRouteTest" assertions="3" time="0.205749"/>
        <testcase name="test_destroy_as_admin_and_succeed" file="/app/vendor/gammamatrix/playground-test/src/Feature/Http/Controllers/Resource/Playground/DestroyTrait.php" line="61" class="Tests\Feature\Playground\Crm\Resource\Http\Controllers\Playground\PeopleRouteTest" classname="Tests.Feature.Playground.Crm.Resource.Http.Controllers.Playground.PeopleRouteTest" assertions="5" time="0.232524"/>
        <testcase name="test_destroy_as_admin_and_succeed_with_force_delete" file="/app/vendor/gammamatrix/playground-test/src/Feature/Http/Controllers/Resource/Playground/DestroyTrait.php" line="97" class="Tests\Feature\Playground\Crm\Resource\Http\Controllers\Playground\PeopleRouteTest" classname="Tests.Feature.Playground.Crm.Resource.Http.Controllers.Playground.PeopleRouteTest" assertions="4" time="0.223712"/>
        <testcase name="test_destroy_as_admin_and_succeed_with_redirect_to_index_with_trash" file="/app/vendor/gammamatrix/playground-test/src/Feature/Http/Controllers/Resource/Playground/DestroyTrait.php" line="129" class="Tests\Feature\Playground\Crm\Resource\Http\Controllers\Playground\PeopleRouteTest" classname="Tests.Feature.Playground.Crm.Resource.Http.Controllers.Playground.PeopleRouteTest" assertions="5" time="0.215884"/>
        <testcase name="test_destroy_as_user_and_get_denied_and_no_force_delete_allowed" file="/app/vendor/gammamatrix/playground-test/src/Feature/Http/Controllers/Resource/Playground/DestroyTrait.php" line="171" class="Tests\Feature\Playground\Crm\Resource\Http\Controllers\Playground\PeopleRouteTest" classname="Tests.Feature.Playground.Crm.Resource.Http.Controllers.Playground.PeopleRouteTest" assertions="3" time="0.222188"/>
        <testcase name="test_json_guest_cannot_get_edit_info" file="/app/vendor/gammamatrix/playground-test/src/Feature/Http/Controllers/Resource/Playground/EditJsonTrait.php" line="38" class="Tests\Feature\Playground\Crm\Resource\Http\Controllers\Playground\PeopleRouteTest" classname="Tests.Feature.Playground.Crm.Resource.Http.Controllers.Playground.PeopleRouteTest" assertions="1" time="0.221308"/>
        <testcase name="test_json_admin_can_get_edit_info" file="/app/vendor/gammamatrix/playground-test/src/Feature/Http/Controllers/Resource/Playground/EditJsonTrait.php" line="58" class="Tests\Feature\Playground\Crm\Resource\Http\Controllers\Playground\PeopleRouteTest" classname="Tests.Feature.Playground.Crm.Resource.Http.Controllers.Playground.PeopleRouteTest" assertions="4" time="0.236980"/>
        <testcase name="test_json_edit_as_admin_and_fail_validation_with_invalid_parameter" file="/app/vendor/gammamatrix/playground-test/src/Feature/Http/Controllers/Resource/Playground/EditJsonTrait.php" line="87" class="Tests\Feature\Playground\Crm\Resource\Http\Controllers\Playground\PeopleRouteTest" classname="Tests.Feature.Playground.Crm.Resource.Http.Controllers.Playground.PeopleRouteTest" assertions="4" time="0.228108"/>
        <testcase name="test_guest_cannot_render_edit_view" file="/app/vendor/gammamatrix/playground-test/src/Feature/Http/Controllers/Resource/Playground/EditTrait.php" line="33" class="Tests\Feature\Playground\Crm\Resource\Http\Controllers\Playground\PeopleRouteTest" classname="Tests.Feature.Playground.Crm.Resource.Http.Controllers.Playground.PeopleRouteTest" assertions="1" time="0.211761"/>
        <testcase name="test_admin_can_render_edit_view" file="/app/vendor/gammamatrix/playground-test/src/Feature/Http/Controllers/Resource/Playground/EditTrait.php" line="53" class="Tests\Feature\Playground\Crm\Resource\Http\Controllers\Playground\PeopleRouteTest" classname="Tests.Feature.Playground.Crm.Resource.Http.Controllers.Playground.PeopleRouteTest" assertions="2" time="0.243210"/>
        <testcase name="test_admin_can_render_edit_view_with_return_url" file="/app/vendor/gammamatrix/playground-test/src/Feature/Http/Controllers/Resource/Playground/EditTrait.php" line="77" class="Tests\Feature\Playground\Crm\Resource\Http\Controllers\Playground\PeopleRouteTest" classname="Tests.Feature.Playground.Crm.Resource.Http.Controllers.Playground.PeopleRouteTest" assertions="3" time="0.260700"/>
        <testcase name="test_edit_view_as_admin_with_invalid_parameter_and_fail_validation_and_redirect" file="/app/vendor/gammamatrix/playground-test/src/Feature/Http/Controllers/Resource/Playground/EditTrait.php" line="109" class="Tests\Feature\Playground\Crm\Resource\Http\Controllers\Playground\PeopleRouteTest" classname="Tests.Feature.Playground.Crm.Resource.Http.Controllers.Playground.PeopleRouteTest" assertions="4" time="0.221920"/>
        <testcase name="test_json_guest_cannot_get_index" file="/app/vendor/gammamatrix/playground-test/src/Feature/Http/Controllers/Resource/Playground/IndexJsonTrait.php" line="34" class="Tests\Feature\Playground\Crm\Resource\Http\Controllers\Playground\PeopleRouteTest" classname="Tests.Feature.Playground.Crm.Resource.Http.Controllers.Playground.PeopleRouteTest" assertions="1" time="0.207640"/>
        <testcase name="test_json_admin_can_get_index" file="/app/vendor/gammamatrix/playground-test/src/Feature/Http/Controllers/Resource/Playground/IndexJsonTrait.php" line="49" class="Tests\Feature\Playground\Crm\Resource\Http\Controllers\Playground\PeopleRouteTest" classname="Tests.Feature.Playground.Crm.Resource.Http.Controllers.Playground.PeopleRouteTest" assertions="101" time="0.232565"/>
        <testcase name="test_json_admin_can_get_index_with_filters" file="/app/vendor/gammamatrix/playground-test/src/Feature/Http/Controllers/Resource/Playground/IndexJsonTrait.php" line="85" class="Tests\Feature\Playground\Crm\Resource\Http\Controllers\Playground\PeopleRouteTest" classname="Tests.Feature.Playground.Crm.Resource.Http.Controllers.Playground.PeopleRouteTest" assertions="3" time="0.251682"/>
        <testcase name="test_guest_cannot_render_index_view" file="/app/vendor/gammamatrix/playground-test/src/Feature/Http/Controllers/Resource/Playground/IndexTrait.php" line="29" class="Tests\Feature\Playground\Crm\Resource\Http\Controllers\Playground\PeopleRouteTest" classname="Tests.Feature.Playground.Crm.Resource.Http.Controllers.Playground.PeopleRouteTest" assertions="1" time="0.208604"/>
        <testcase name="test_admin_can_render_index_view" file="/app/vendor/gammamatrix/playground-test/src/Feature/Http/Controllers/Resource/Playground/IndexTrait.php" line="44" class="Tests\Feature\Playground\Crm\Resource\Http\Controllers\Playground\PeopleRouteTest" classname="Tests.Feature.Playground.Crm.Resource.Http.Controllers.Playground.PeopleRouteTest" assertions="2" time="0.263053"/>
        <testcase name="test_admin_can_render_index_view_with_filters" file="/app/vendor/gammamatrix/playground-test/src/Feature/Http/Controllers/Resource/Playground/IndexTrait.php" line="77" class="Tests\Feature\Playground\Crm\Resource\Http\Controllers\Playground\PeopleRouteTest" classname="Tests.Feature.Playground.Crm.Resource.Http.Controllers.Playground.PeopleRouteTest" assertions="3" time="0.246850"/>
        <testcase name="test_json_guest_cannot_lock" file="/app/vendor/gammamatrix/playground-test/src/Feature/Http/Controllers/Resource/Playground/LockJsonTrait.php" line="36" class="Tests\Feature\Playground\Crm\Resource\Http\Controllers\Playground\PeopleRouteTest" classname="Tests.Feature.Playground.Crm.Resource.Http.Controllers.Playground.PeopleRouteTest" assertions="3" time="0.222153"/>
        <testcase name="test_json_lock_as_admin_and_succeed" file="/app/vendor/gammamatrix/playground-test/src/Feature/Http/Controllers/Resource/Playground/LockJsonTrait.php" line="66" class="Tests\Feature\Playground\Crm\Resource\Http\Controllers\Playground\PeopleRouteTest" classname="Tests.Feature.Playground.Crm.Resource.Http.Controllers.Playground.PeopleRouteTest" assertions="3" time="0.228197"/>
        <testcase name="test_json_lock_as_admin_and_succeed_with_no_redirect" file="/app/vendor/gammamatrix/playground-test/src/Feature/Http/Controllers/Resource/Playground/LockJsonTrait.php" line="98" class="Tests\Feature\Playground\Crm\Resource\Http\Controllers\Playground\PeopleRouteTest" classname="Tests.Feature.Playground.Crm.Resource.Http.Controllers.Playground.PeopleRouteTest" assertions="96" time="0.228884"/>
        <testcase name="test_json_lock_as_user_and_get_denied" file="/app/vendor/gammamatrix/playground-test/src/Feature/Http/Controllers/Resource/Playground/LockJsonTrait.php" line="143" class="Tests\Feature\Playground\Crm\Resource\Http\Controllers\Playground\PeopleRouteTest" classname="Tests.Feature.Playground.Crm.Resource.Http.Controllers.Playground.PeopleRouteTest" assertions="3" time="0.222768"/>
        <testcase name="test_guest_cannot_lock" file="/app/vendor/gammamatrix/playground-test/src/Feature/Http/Controllers/Resource/Playground/LockTrait.php" line="31" class="Tests\Feature\Playground\Crm\Resource\Http\Controllers\Playground\PeopleRouteTest" classname="Tests.Feature.Playground.Crm.Resource.Http.Controllers.Playground.PeopleRouteTest" assertions="3" time="0.207974"/>
        <testcase name="test_lock_as_admin_and_succeed" file="/app/vendor/gammamatrix/playground-test/src/Feature/Http/Controllers/Resource/Playground/LockTrait.php" line="61" class="Tests\Feature\Playground\Crm\Resource\Http\Controllers\Playground\PeopleRouteTest" classname="Tests.Feature.Playground.Crm.Resource.Http.Controllers.Playground.PeopleRouteTest" assertions="4" time="0.241498"/>
        <testcase name="test_lock_as_admin_and_succeed_with_redirect_to_index_with_sorted_by_locked_desc" file="/app/vendor/gammamatrix/playground-test/src/Feature/Http/Controllers/Resource/Playground/LockTrait.php" line="95" class="Tests\Feature\Playground\Crm\Resource\Http\Controllers\Playground\PeopleRouteTest" classname="Tests.Feature.Playground.Crm.Resource.Http.Controllers.Playground.PeopleRouteTest" assertions="4" time="0.223419"/>
        <testcase name="test_lock_as_user_and_get_denied" file="/app/vendor/gammamatrix/playground-test/src/Feature/Http/Controllers/Resource/Playground/LockTrait.php" line="132" class="Tests\Feature\Playground\Crm\Resource\Http\Controllers\Playground\PeopleRouteTest" classname="Tests.Feature.Playground.Crm.Resource.Http.Controllers.Playground.PeopleRouteTest" assertions="3" time="0.216648"/>
        <testcase name="test_json_guest_cannot_restore" file="/app/vendor/gammamatrix/playground-test/src/Feature/Http/Controllers/Resource/Playground/RestoreJsonTrait.php" line="32" class="Tests\Feature\Playground\Crm\Resource\Http\Controllers\Playground\PeopleRouteTest" classname="Tests.Feature.Playground.Crm.Resource.Http.Controllers.Playground.PeopleRouteTest" assertions="3" time="0.224523"/>
        <testcase name="test_json_restore_as_admin_and_succeed" file="/app/vendor/gammamatrix/playground-test/src/Feature/Http/Controllers/Resource/Playground/RestoreJsonTrait.php" line="64" class="Tests\Feature\Playground\Crm\Resource\Http\Controllers\Playground\PeopleRouteTest" classname="Tests.Feature.Playground.Crm.Resource.Http.Controllers.Playground.PeopleRouteTest" assertions="96" time="0.306083"/>
        <testcase name="test_json_restore_as_admin_and_succeed_with_no_redirect" file="/app/vendor/gammamatrix/playground-test/src/Feature/Http/Controllers/Resource/Playground/RestoreJsonTrait.php" line="100" class="Tests\Feature\Playground\Crm\Resource\Http\Controllers\Playground\PeopleRouteTest" classname="Tests.Feature.Playground.Crm.Resource.Http.Controllers.Playground.PeopleRouteTest" assertions="96" time="0.231720"/>
        <testcase name="test_json_restore_as_user_and_get_denied" file="/app/vendor/gammamatrix/playground-test/src/Feature/Http/Controllers/Resource/Playground/RestoreJsonTrait.php" line="143" class="Tests\Feature\Playground\Crm\Resource\Http\Controllers\Playground\PeopleRouteTest" classname="Tests.Feature.Playground.Crm.Resource.Http.Controllers.Playground.PeopleRouteTest" assertions="3" time="0.226359"/>
        <testcase name="test_guest_cannot_restore" file="/app/vendor/gammamatrix/playground-test/src/Feature/Http/Controllers/Resource/Playground/RestoreTrait.php" line="32" class="Tests\Feature\Playground\Crm\Resource\Http\Controllers\Playground\PeopleRouteTest" classname="Tests.Feature.Playground.Crm.Resource.Http.Controllers.Playground.PeopleRouteTest" assertions="3" time="0.216563"/>
        <testcase name="test_restore_as_admin_and_succeed" file="/app/vendor/gammamatrix/playground-test/src/Feature/Http/Controllers/Resource/Playground/RestoreTrait.php" line="64" class="Tests\Feature\Playground\Crm\Resource\Http\Controllers\Playground\PeopleRouteTest" classname="Tests.Feature.Playground.Crm.Resource.Http.Controllers.Playground.PeopleRouteTest" assertions="4" time="0.227567"/>
        <testcase name="test_restore_as_admin_and_succeed_with_redirect_to_index_with_only_trash" file="/app/vendor/gammamatrix/playground-test/src/Feature/Http/Controllers/Resource/Playground/RestoreTrait.php" line="100" class="Tests\Feature\Playground\Crm\Resource\Http\Controllers\Playground\PeopleRouteTest" classname="Tests.Feature.Playground.Crm.Resource.Http.Controllers.Playground.PeopleRouteTest" assertions="4" time="0.241063"/>
        <testcase name="test_restore_as_user_and_get_denied" file="/app/vendor/gammamatrix/playground-test/src/Feature/Http/Controllers/Resource/Playground/RestoreTrait.php" line="146" class="Tests\Feature\Playground\Crm\Resource\Http\Controllers\Playground\PeopleRouteTest" classname="Tests.Feature.Playground.Crm.Resource.Http.Controllers.Playground.PeopleRouteTest" assertions="3" time="0.221384"/>
        <testcase name="test_json_guest_cannot_see_info" file="/app/vendor/gammamatrix/playground-test/src/Feature/Http/Controllers/Resource/Playground/ShowJsonTrait.php" line="29" class="Tests\Feature\Playground\Crm\Resource\Http\Controllers\Playground\PeopleRouteTest" classname="Tests.Feature.Playground.Crm.Resource.Http.Controllers.Playground.PeopleRouteTest" assertions="1" time="0.215043"/>
        <testcase name="test_json_show_info_for_admin" file="/app/vendor/gammamatrix/playground-test/src/Feature/Http/Controllers/Resource/Playground/ShowJsonTrait.php" line="49" class="Tests\Feature\Playground\Crm\Resource\Http\Controllers\Playground\PeopleRouteTest" classname="Tests.Feature.Playground.Crm.Resource.Http.Controllers.Playground.PeopleRouteTest" assertions="95" time="0.228326"/>
        <testcase name="test_guest_cannot_render_show_view" file="/app/vendor/gammamatrix/playground-test/src/Feature/Http/Controllers/Resource/Playground/ShowTrait.php" line="29" class="Tests\Feature\Playground\Crm\Resource\Http\Controllers\Playground\PeopleRouteTest" classname="Tests.Feature.Playground.Crm.Resource.Http.Controllers.Playground.PeopleRouteTest" assertions="1" time="0.230280"/>
        <testcase name="test_show_view_rendered_by_admin" file="/app/vendor/gammamatrix/playground-test/src/Feature/Http/Controllers/Resource/Playground/ShowTrait.php" line="49" class="Tests\Feature\Playground\Crm\Resource\Http\Controllers\Playground\PeopleRouteTest" classname="Tests.Feature.Playground.Crm.Resource.Http.Controllers.Playground.PeopleRouteTest" assertions="2" time="0.238876"/>
        <testcase name="test_json_guest_cannot_store" file="/app/vendor/gammamatrix/playground-test/src/Feature/Http/Controllers/Resource/Playground/StoreJsonTrait.php" line="43" class="Tests\Feature\Playground\Crm\Resource\Http\Controllers\Playground\PeopleRouteTest" classname="Tests.Feature.Playground.Crm.Resource.Http.Controllers.Playground.PeopleRouteTest" assertions="3" time="0.211602"/>
        <testcase name="test_json_store_as_admin_without_payload_and_fail_validation" file="/app/vendor/gammamatrix/playground-test/src/Feature/Http/Controllers/Resource/Playground/StoreJsonTrait.php" line="66" class="Tests\Feature\Playground\Crm\Resource\Http\Controllers\Playground\PeopleRouteTest" classname="Tests.Feature.Playground.Crm.Resource.Http.Controllers.Playground.PeopleRouteTest" assertions="5" time="0.222431"/>
        <testcase name="test_json_store_as_admin_and_succeed" file="/app/vendor/gammamatrix/playground-test/src/Feature/Http/Controllers/Resource/Playground/StoreJsonTrait.php" line="92" class="Tests\Feature\Playground\Crm\Resource\Http\Controllers\Playground\PeopleRouteTest" classname="Tests.Feature.Playground.Crm.Resource.Http.Controllers.Playground.PeopleRouteTest" assertions="3" time="0.252579"/>
        <testcase name="test_guest_cannot_store" file="/app/vendor/gammamatrix/playground-test/src/Feature/Http/Controllers/Resource/Playground/StoreTrait.php" line="38" class="Tests\Feature\Playground\Crm\Resource\Http\Controllers\Playground\PeopleRouteTest" classname="Tests.Feature.Playground.Crm.Resource.Http.Controllers.Playground.PeopleRouteTest" assertions="3" time="0.226896"/>
        <testcase name="test_store_as_admin_without_payload_and_fail_validation" file="/app/vendor/gammamatrix/playground-test/src/Feature/Http/Controllers/Resource/Playground/StoreTrait.php" line="61" class="Tests\Feature\Playground\Crm\Resource\Http\Controllers\Playground\PeopleRouteTest" classname="Tests.Feature.Playground.Crm.Resource.Http.Controllers.Playground.PeopleRouteTest" assertions="5" time="0.223301"/>
        <testcase name="test_store_as_admin_and_succeed" file="/app/vendor/gammamatrix/playground-test/src/Feature/Http/Controllers/Resource/Playground/StoreTrait.php" line="90" class="Tests\Feature\Playground\Crm\Resource\Http\Controllers\Playground\PeopleRouteTest" classname="Tests.Feature.Playground.Crm.Resource.Http.Controllers.Playground.PeopleRouteTest" assertions="4" time="0.248574"/>
        <testcase name="test_store_as_admin_and_succeed_with_return_url" file="/app/vendor/gammamatrix/playground-test/src/Feature/Http/Controllers/Resource/Playground/StoreTrait.php" line="135" class="Tests\Feature\Playground\Crm\Resource\Http\Controllers\Playground\PeopleRouteTest" classname="Tests.Feature.Playground.Crm.Resource.Http.Controllers.Playground.PeopleRouteTest" assertions="4" time="0.255364"/>
        <testcase name="test_json_guest_cannot_unlock" file="/app/vendor/gammamatrix/playground-test/src/Feature/Http/Controllers/Resource/Playground/UnlockJsonTrait.php" line="36" class="Tests\Feature\Playground\Crm\Resource\Http\Controllers\Playground\PeopleRouteTest" classname="Tests.Feature.Playground.Crm.Resource.Http.Controllers.Playground.PeopleRouteTest" assertions="3" time="0.235251"/>
        <testcase name="test_json_unlock_as_admin_and_succeed" file="/app/vendor/gammamatrix/playground-test/src/Feature/Http/Controllers/Resource/Playground/UnlockJsonTrait.php" line="68" class="Tests\Feature\Playground\Crm\Resource\Http\Controllers\Playground\PeopleRouteTest" classname="Tests.Feature.Playground.Crm.Resource.Http.Controllers.Playground.PeopleRouteTest" assertions="96" time="0.237789"/>
        <testcase name="test_json_unlock_as_admin_and_succeed_with_no_redirect" file="/app/vendor/gammamatrix/playground-test/src/Feature/Http/Controllers/Resource/Playground/UnlockJsonTrait.php" line="104" class="Tests\Feature\Playground\Crm\Resource\Http\Controllers\Playground\PeopleRouteTest" classname="Tests.Feature.Playground.Crm.Resource.Http.Controllers.Playground.PeopleRouteTest" assertions="96" time="0.234550"/>
        <testcase name="test_json_unlock_as_user_and_get_denied" file="/app/vendor/gammamatrix/playground-test/src/Feature/Http/Controllers/Resource/Playground/UnlockJsonTrait.php" line="145" class="Tests\Feature\Playground\Crm\Resource\Http\Controllers\Playground\PeopleRouteTest" classname="Tests.Feature.Playground.Crm.Resource.Http.Controllers.Playground.PeopleRouteTest" assertions="3" time="0.223670"/>
        <testcase name="test_guest_cannot_unlock" file="/app/vendor/gammamatrix/playground-test/src/Feature/Http/Controllers/Resource/Playground/UnlockTrait.php" line="36" class="Tests\Feature\Playground\Crm\Resource\Http\Controllers\Playground\PeopleRouteTest" classname="Tests.Feature.Playground.Crm.Resource.Http.Controllers.Playground.PeopleRouteTest" assertions="3" time="0.242679"/>
        <testcase name="test_unlock_as_admin_and_succeed" file="/app/vendor/gammamatrix/playground-test/src/Feature/Http/Controllers/Resource/Playground/UnlockTrait.php" line="68" class="Tests\Feature\Playground\Crm\Resource\Http\Controllers\Playground\PeopleRouteTest" classname="Tests.Feature.Playground.Crm.Resource.Http.Controllers.Playground.PeopleRouteTest" assertions="4" time="0.232955"/>
        <testcase name="test_unlock_as_admin_and_succeed_with_redirect_to_index_with_sorted_by_unlocked_desc" file="/app/vendor/gammamatrix/playground-test/src/Feature/Http/Controllers/Resource/Playground/UnlockTrait.php" line="109" class="Tests\Feature\Playground\Crm\Resource\Http\Controllers\Playground\PeopleRouteTest" classname="Tests.Feature.Playground.Crm.Resource.Http.Controllers.Playground.PeopleRouteTest" assertions="4" time="0.232249"/>
        <testcase name="test_unlock_as_user_and_get_denied" file="/app/vendor/gammamatrix/playground-test/src/Feature/Http/Controllers/Resource/Playground/UnlockTrait.php" line="148" class="Tests\Feature\Playground\Crm\Resource\Http\Controllers\Playground\PeopleRouteTest" classname="Tests.Feature.Playground.Crm.Resource.Http.Controllers.Playground.PeopleRouteTest" assertions="3" time="0.232999"/>
        <testcase name="test_json_guest_cannot_update" file="/app/vendor/gammamatrix/playground-test/src/Feature/Http/Controllers/Resource/Playground/UpdateJsonTrait.php" line="45" class="Tests\Feature\Playground\Crm\Resource\Http\Controllers\Playground\PeopleRouteTest" classname="Tests.Feature.Playground.Crm.Resource.Http.Controllers.Playground.PeopleRouteTest" assertions="1" time="0.215992"/>
        <testcase name="test_json_update_as_admin_without_payload_and_fail_validation" file="/app/vendor/gammamatrix/playground-test/src/Feature/Http/Controllers/Resource/Playground/UpdateJsonTrait.php" line="65" class="Tests\Feature\Playground\Crm\Resource\Http\Controllers\Playground\PeopleRouteTest" classname="Tests.Feature.Playground.Crm.Resource.Http.Controllers.Playground.PeopleRouteTest" assertions="4" time="0.254205"/>
        <testcase name="test_json_admin_can_update" file="/app/vendor/gammamatrix/playground-test/src/Feature/Http/Controllers/Resource/Playground/UpdateJsonTrait.php" line="90" class="Tests\Feature\Playground\Crm\Resource\Http\Controllers\Playground\PeopleRouteTest" classname="Tests.Feature.Playground.Crm.Resource.Http.Controllers.Playground.PeopleRouteTest" assertions="98" time="0.278080"/>
        <testcase name="test_guest_cannot_update" file="/app/vendor/gammamatrix/playground-test/src/Feature/Http/Controllers/Resource/Playground/UpdateTrait.php" line="45" class="Tests\Feature\Playground\Crm\Resource\Http\Controllers\Playground\PeopleRouteTest" classname="Tests.Feature.Playground.Crm.Resource.Http.Controllers.Playground.PeopleRouteTest" assertions="1" time="0.217173"/>
        <testcase name="test_update_as_admin_without_payload_and_fail_validation" file="/app/vendor/gammamatrix/playground-test/src/Feature/Http/Controllers/Resource/Playground/UpdateTrait.php" line="65" class="Tests\Feature\Playground\Crm\Resource\Http\Controllers\Playground\PeopleRouteTest" classname="Tests.Feature.Playground.Crm.Resource.Http.Controllers.Playground.PeopleRouteTest" assertions="4" time="0.236183"/>
        <testcase name="test_admin_can_update" file="/app/vendor/gammamatrix/playground-test/src/Feature/Http/Controllers/Resource/Playground/UpdateTrait.php" line="90" class="Tests\Feature\Playground\Crm\Resource\Http\Controllers\Playground\PeopleRouteTest" classname="Tests.Feature.Playground.Crm.Resource.Http.Controllers.Playground.PeopleRouteTest" assertions="6" time="0.292579"/>
        <testcase name="test_admin_can_update_view_with_return_url" file="/app/vendor/gammamatrix/playground-test/src/Feature/Http/Controllers/Resource/Playground/UpdateTrait.php" line="133" class="Tests\Feature\Playground\Crm\Resource\Http\Controllers\Playground\PeopleRouteTest" classname="Tests.Feature.Playground.Crm.Resource.Http.Controllers.Playground.PeopleRouteTest" assertions="6" time="0.274833"/>
      </testsuite>
      <testsuite name="Tests\Feature\Playground\Crm\Resource\Http\Requests\FormRequest\InstanceTest" file="/app/tests/Feature/Http/Requests/FormRequest/InstanceTest.php" tests="1" assertions="1" errors="0" failures="0" skipped="0" time="0.192284">
        <testcase name="test_FormRequest_authorize_with_admin" file="/app/tests/Feature/Http/Requests/FormRequest/InstanceTest.php" line="21" class="Tests\Feature\Playground\Crm\Resource\Http\Requests\FormRequest\InstanceTest" classname="Tests.Feature.Playground.Crm.Resource.Http.Requests.FormRequest.InstanceTest" assertions="1" time="0.192284"/>
      </testsuite>
    </testsuite>
  </testsuite>
</testsuites>
